<!DOCTYPE html>

<!-- Note: This file has been generated by TableGenerator and should not be edited manually. -->
<html>
  <head>
    <title>Object Mappers</title>
    <meta charset="UTF-8" />
    <meta name="viewport" content="width=device-width, user-scalable=no" />

    <link rel='stylesheet' href='css/tooltipster.css' />
    <link rel='stylesheet' href='css/main.css' />
    
    <script type="text/javascript" src="http://code.jquery.com/jquery-2.0.3.min.js"></script>
    <script type="text/javascript" src="js/jquery.tooltipster.min.js"></script>
    <script type="text/javascript" src="js/waypoints.min.js"></script>
    <script type="text/javascript" src="js/main.js"></script>
  </head>
  <body>
    <div class="sidebar">
      <h1 class="sidebar-title">Feature Tests</h1>

      <nav class="sidebar-nav">
        <ul>
          <li>
            <a href="Introduction.html" >Introduction</a>
            <ul>
            </ul>
          </li>
          <li>
            <a href="DependencyInjection.html" >Dependency Injection</a>
            <ul>
              <li><a href="DependencyInjection.html#GeneralInformation" >General information</a></li>
              <li><a href="DependencyInjection.html#SupportedNETVersions" >Supported .NET versions</a></li>
              <li><a href="DependencyInjection.html#EssentialFunctionality" >Essential functionality</a></li>
              <li><a href="DependencyInjection.html#ListArrayDependencies" >List/array dependencies</a></li>
              <li><a href="DependencyInjection.html#OpenGenerics" >Open generics</a></li>
              <li><a href="DependencyInjection.html#Func" >Func&lt;TService&gt;</a></li>
              <li><a href="DependencyInjection.html#Lazy" >Lazy&lt;TService&gt;</a></li>
              <li><a href="DependencyInjection.html#PropertyDependencies" >Property dependencies</a></li>
              <li><a href="DependencyInjection.html#RequestLifetime" >Request lifetime</a></li>
              <li><a href="DependencyInjection.html#Convenience" >Convenience</a></li>
              <li><a href="DependencyInjection.html#NotTested" >Not tested</a></li>
            </ul>
          </li>
          <li>
            <a href="ObjectMappers.html" data-same-page>Object Mappers</a>
            <ul>
              <li><a href="ObjectMappers.html#Disclaimer" data-same-page>Disclaimer</a></li>
              <li><a href="ObjectMappers.html#GeneralInformation" data-same-page>General information</a></li>
              <li><a href="ObjectMappers.html#SupportedNETVersions" data-same-page>Supported .NET versions</a></li>
              <li><a href="ObjectMappers.html#PrimitiveConversion" data-same-page>Primitive conversion</a></li>
              <li><a href="ObjectMappers.html#NullableTypes" data-same-page>Nullable types</a></li>
              <li><a href="ObjectMappers.html#Enums" data-same-page>Enums</a></li>
              <li><a href="ObjectMappers.html#CollectionsWriteableProperty" data-same-page>Collections (writeable property)</a></li>
              <li><a href="ObjectMappers.html#CollectionsReadOnlyProperty" data-same-page>Collections (read-only property)</a></li>
              <li><a href="ObjectMappers.html#ConstructorParameters" data-same-page>Constructor parameters</a></li>
              <li><a href="ObjectMappers.html#Dynamic" data-same-page>Dynamic</a></li>
              <li><a href="ObjectMappers.html#Dictionaries" data-same-page>Dictionaries</a></li>
              <li><a href="ObjectMappers.html#Convenience" data-same-page>Convenience</a></li>
            </ul>
          </li>
        </ul>
      </nav>
     
      <div class="sidebar-github">
        <div class="icon"></div>
        <a href="http://github.com/ashmind/net-feature-tests">Fork on GitHub</a>
      </div>
    </div>

    <main class="content">
      <h1>Object Mappers</h1>
      
      <section>
  <h2 id="Disclaimer">Disclaimer</h2>
  <div class="section-description">
    <p>Tests on Object Mappers is very new compared to DI framework tests,
      and so it can be pretty inaccurate.</p>
      
    <p>Please do not rely on it and do point any mistakes or inconsistencies.</p>
  </div>
</section>

<section>
  <h2 id="GeneralInformation">General information</h2>
  <div class="section-description"></div>
        
  <table>
    <tr>
      <th>Name</th>
        <th><span>AutoMapper</span></th>
        <th><span>EasyMapper</span></th>
        <th><span>EmitMapper</span></th>
        <th><span>fFastMapper</span></th>
        <th><span>OoMapper</span></th>
        <th><span>ValueInjecter</span></th>
    </tr>

    <tr>
      <td class="row-name"><span title="<p>Not necessarily the latest version, but the one we are testing.</p>
">Version</span></td>
        <td class="neutral">
3.1.0.0        </td>
        <td class="neutral">
1.0.0.0        </td>
        <td class="neutral">
1.0.0.0        </td>
        <td class="neutral">
0.5.1.0        </td>
        <td class="neutral">
0.2.0.27        </td>
        <td class="neutral">
2.3.3.0        </td>
    </tr>
    <tr>
      <td class="row-name"><span>Released</span></td>
        <td class="neutral date">
nov 2013        </td>
        <td class="neutral date">
oct 2013        </td>
        <td class="neutral date">
jul 2011        </td>
        <td class="neutral date">
apr 2013        </td>
        <td class="neutral date">
jun 2012        </td>
        <td class="neutral date">
sep 2012        </td>
    </tr>
    <tr>
      <td class="row-name"><span>Web Site</span></td>
        <td class="neutral">
            <a href="http://automapper.org/">link</a>
        </td>
        <td class="neutral">
            <a href="http://pelusoftcodereference.wordpress.com/easy-mapper/">link</a>
        </td>
        <td class="neutral">
            <a href="http://emitmapper.codeplex.com/">link</a>
        </td>
        <td class="skipped">
n/a        </td>
        <td class="neutral">
            <a href="http://github.com/hazzik/OoMapper">link</a>
        </td>
        <td class="neutral">
            <a href="http://valueinjecter.codeplex.com/">link</a>
        </td>
    </tr>
    <tr>
      <td class="row-name"><span>License</span></td>
        <td class="neutral">
            <a href="https://github.com/AutoMapper/AutoMapper/blob/master/LICENSE.txt">MIT</a>
        </td>
        <td class="skipped">
n/a        </td>
        <td class="neutral">
            <a href="http://emitmapper.codeplex.com/license">LGPL-2.1</a>
        </td>
        <td class="skipped">
n/a        </td>
        <td class="skipped">
n/a        </td>
        <td class="skipped">
n/a        </td>
    </tr>
    <tr>
      <td class="row-name"><span title="<p>Total downloads of the NuGet package.</p>
">Downloads</span></td>
        <td class="neutral number">
623 420        </td>
        <td class="neutral number">
57        </td>
        <td class="neutral number">
8 320        </td>
        <td class="neutral number">
204        </td>
        <td class="neutral number">
1 305        </td>
        <td class="neutral number">
63 114        </td>
    </tr>
  </table>
</section>
<section>
  <h2 id="SupportedNETVersions">Supported .NET versions</h2>
  <div class="section-description"><p>This information is based on versions included in NuGet package.</p>
</div>
        
  <table>
    <tr>
      <th>Name</th>
        <th><span>AutoMapper</span></th>
        <th><span>EasyMapper</span></th>
        <th><span>EmitMapper</span></th>
        <th><span>fFastMapper</span></th>
        <th><span>OoMapper</span></th>
        <th><span>ValueInjecter</span></th>
    </tr>

    <tr>
      <td class="row-name"><span>MonoAndroid</span></td>
        <td class="success">
yes        </td>
        <td class="concern">
no        </td>
        <td class="success">
yes        </td>
        <td class="concern">
no        </td>
        <td class="concern">
no        </td>
        <td class="concern">
no        </td>
    </tr>
    <tr>
      <td class="row-name"><span>MonoTouch</span></td>
        <td class="success">
yes        </td>
        <td class="concern">
no        </td>
        <td class="success">
yes        </td>
        <td class="concern">
no        </td>
        <td class="concern">
no        </td>
        <td class="concern">
no        </td>
    </tr>
    <tr>
      <td class="row-name"><span>.NET 3.5</span></td>
        <td class="concern">
no        </td>
        <td class="concern">
no        </td>
        <td class="success">
yes        </td>
        <td class="concern">
no        </td>
        <td class="concern">
no        </td>
        <td class="success">
yes        </td>
    </tr>
    <tr>
      <td class="row-name"><span>.NET 4.0</span></td>
        <td class="success">
yes        </td>
        <td class="concern">
no        </td>
        <td class="success">
yes        </td>
        <td class="success">
yes        </td>
        <td class="success">
yes        </td>
        <td class="success">
yes        </td>
    </tr>
    <tr>
      <td class="row-name"><span>.NET 4.5</span></td>
        <td class="success">
yes        </td>
        <td class="success">
yes        </td>
        <td class="success">
yes        </td>
        <td class="success">
yes        </td>
        <td class="success">
yes        </td>
        <td class="success">
yes        </td>
    </tr>
    <tr>
      <td class="row-name"><span>Windows 8</span></td>
        <td class="success">
yes        </td>
        <td class="concern">
no        </td>
        <td class="success">
yes        </td>
        <td class="success">
yes        </td>
        <td class="concern">
no        </td>
        <td class="concern">
no        </td>
    </tr>
    <tr>
      <td class="row-name"><span>Windows Phone 8.0</span></td>
        <td class="success">
yes        </td>
        <td class="concern">
no        </td>
        <td class="success">
yes        </td>
        <td class="success">
yes        </td>
        <td class="concern">
no        </td>
        <td class="concern">
no        </td>
    </tr>
    <tr>
      <td class="row-name"><span>Silverlight 3</span></td>
        <td class="concern">
no        </td>
        <td class="concern">
no        </td>
        <td class="success">
yes        </td>
        <td class="concern">
no        </td>
        <td class="concern">
no        </td>
        <td class="success">
yes        </td>
    </tr>
    <tr>
      <td class="row-name"><span>Silverlight 4</span></td>
        <td class="concern">
no        </td>
        <td class="concern">
no        </td>
        <td class="success">
yes        </td>
        <td class="success">
yes        </td>
        <td class="success">
yes        </td>
        <td class="success">
yes        </td>
    </tr>
    <tr>
      <td class="row-name"><span>Silverlight 5</span></td>
        <td class="success">
yes        </td>
        <td class="concern">
no        </td>
        <td class="success">
yes        </td>
        <td class="success">
yes        </td>
        <td class="success">
yes        </td>
        <td class="success">
yes        </td>
    </tr>
  </table>
</section>
<section>
  <h2 id="PrimitiveConversion">Primitive conversion</h2>
  <div class="section-description"><p>The simplest test: mapping between primitive values.</p>
</div>
        
  <table>
    <tr>
      <th>Name</th>
        <th><span>AutoMapper</span></th>
        <th><span>EasyMapper</span></th>
        <th><span>EmitMapper</span></th>
        <th><span>fFastMapper</span></th>
        <th><span>OoMapper</span></th>
        <th><span>ValueInjecter</span></th>
    </tr>

    <tr>
      <td class="row-name"><span>string ⇒ string</span></td>
        <td class="success">
pass        </td>
        <td class="success">
pass        </td>
        <td class="success">
pass        </td>
        <td class="success">
pass        </td>
        <td class="success">
pass        </td>
        <td class="success">
pass        </td>
    </tr>
    <tr>
      <td class="row-name"><span>int ⇒ int</span></td>
        <td class="success">
pass        </td>
        <td class="success">
pass        </td>
        <td class="success">
pass        </td>
        <td class="success">
pass        </td>
        <td class="success">
pass        </td>
        <td class="success">
pass        </td>
    </tr>
    <tr>
      <td class="row-name"><span>int ⇒ object</span></td>
        <td class="success">
pass        </td>
        <td class="failure">
            <span title="Xunit.Sdk.EqualException: Assert.Equal() Failure
Expected: 123
Actual:   (null)
   at Xunit.Assert.Equal[T](T expected, T actual, IEqualityComparer`1 comparer)
   at Xunit.Assert.Equal[T](T expected, T actual)
   at FeatureTests.On.ObjectMappers.PrimitiveConversionTests.AssertPrimitiveMappingWorksFor[TSource,TTarget](IObjectMapperAdapter mapper, TSource sourceValue, TTarget expectedValue) in [removed]\1_PrimitiveTests.cs:line 94
   at FeatureTests.On.ObjectMappers.PrimitiveConversionTests.Int32ToObject(IObjectMapperAdapter mapper) in [removed]\1_PrimitiveTests.cs:line 30">fail</span>
        </td>
        <td class="failure">
            <span title="Xunit.Sdk.EqualException: Assert.Equal() Failure
Expected: 123
Actual:   System.Object
   at Xunit.Assert.Equal[T](T expected, T actual, IEqualityComparer`1 comparer)
   at Xunit.Assert.Equal[T](T expected, T actual)
   at FeatureTests.On.ObjectMappers.PrimitiveConversionTests.AssertPrimitiveMappingWorksFor[TSource,TTarget](IObjectMapperAdapter mapper, TSource sourceValue, TTarget expectedValue) in [removed]\1_PrimitiveTests.cs:line 94
   at FeatureTests.On.ObjectMappers.PrimitiveConversionTests.Int32ToObject(IObjectMapperAdapter mapper) in [removed]\1_PrimitiveTests.cs:line 30">fail</span>
        </td>
        <td class="failure">
            <span title="Xunit.Sdk.EqualException: Assert.Equal() Failure
Expected: 123
Actual:   (null)
   at Xunit.Assert.Equal[T](T expected, T actual, IEqualityComparer`1 comparer)
   at Xunit.Assert.Equal[T](T expected, T actual)
   at FeatureTests.On.ObjectMappers.PrimitiveConversionTests.AssertPrimitiveMappingWorksFor[TSource,TTarget](IObjectMapperAdapter mapper, TSource sourceValue, TTarget expectedValue) in [removed]\1_PrimitiveTests.cs:line 94
   at FeatureTests.On.ObjectMappers.PrimitiveConversionTests.Int32ToObject(IObjectMapperAdapter mapper) in [removed]\1_PrimitiveTests.cs:line 30">fail</span>
        </td>
        <td class="success">
pass        </td>
        <td class="failure">
            <span title="Xunit.Sdk.EqualException: Assert.Equal() Failure
Expected: 123
Actual:   (null)
   at Xunit.Assert.Equal[T](T expected, T actual, IEqualityComparer`1 comparer)
   at Xunit.Assert.Equal[T](T expected, T actual)
   at FeatureTests.On.ObjectMappers.PrimitiveConversionTests.AssertPrimitiveMappingWorksFor[TSource,TTarget](IObjectMapperAdapter mapper, TSource sourceValue, TTarget expectedValue) in [removed]\1_PrimitiveTests.cs:line 94
   at FeatureTests.On.ObjectMappers.PrimitiveConversionTests.Int32ToObject(IObjectMapperAdapter mapper) in [removed]\1_PrimitiveTests.cs:line 30">fail</span>
        </td>
    </tr>
    <tr>
      <td class="row-name"><span>int ⇒ string</span></td>
        <td class="success">
pass        </td>
        <td class="failure">
            <span title="Xunit.Sdk.EqualException: Assert.Equal() Failure
Expected: 123
Actual:   (null)
   at Xunit.Assert.Equal[T](T expected, T actual, IEqualityComparer`1 comparer)
   at Xunit.Assert.Equal[T](T expected, T actual)
   at FeatureTests.On.ObjectMappers.PrimitiveConversionTests.AssertPrimitiveMappingWorksFor[TSource,TTarget](IObjectMapperAdapter mapper, TSource sourceValue, TTarget expectedValue) in [removed]\1_PrimitiveTests.cs:line 94
   at FeatureTests.On.ObjectMappers.PrimitiveConversionTests.Int32ToString(IObjectMapperAdapter mapper) in [removed]\1_PrimitiveTests.cs:line 36">fail</span>
        </td>
        <td class="success">
pass        </td>
        <td class="failure">
            <span title="System.TypeInitializationException: The type initializer for &amp;#39;Grax.fFastMapper.fFastMapperInternal`2&amp;#39; threw an exception. ---&amp;gt; System.TypeInitializationException: The type initializer for &amp;#39;Grax.fFastMapper.fFastMapperInternal`2&amp;#39; threw an exception. ---&amp;gt; System.ArgumentException: Expression of type &amp;#39;System.String&amp;#39; cannot be used for assignment to type &amp;#39;System.Int32&amp;#39;
   at System.Linq.Expressions.Expression.Assign(Expression left, Expression right)
   at Grax.fFastMapper.fFastMapperInternal`2.CompileMapper()
   at Grax.fFastMapper.fFastMapperInternal`2.AddDefaultMappings(Boolean callReverse, Boolean quitSilentlyIfMappingStarted)
   at Grax.fFastMapper.fFastMapperInternal`2..cctor()
   --- End of inner exception stack trace ---
   at Grax.fFastMapper.fFastMapperInternal`2.AddDefaultMappings(Boolean callReverse, Boolean quitSilentlyIfMappingStarted)
   at Grax.fFastMapper.fFastMapperInternal`2.AddDefaultMappings(Boolean callReverse, Boolean quitSilentlyIfMappingStarted)
   at Grax.fFastMapper.fFastMapperInternal`2..cctor()
   --- End of inner exception stack trace ---
   at Grax.fFastMapper.fFastMapperInternal`2.get_fFastMapFluent()
   at Grax.fFastMapper.fFastMap.Map[TFrom,TTo](TFrom from, TTo to)
   at lambda_method(Closure )
   at FeatureTests.Shared.GenericApiSupport.GenericHelper.RewriteAndInvoke[TResult](Expression`1 call, Type[] genericArguments) in [removed]\GenericHelper.cs:line 17
   at FeatureTests.On.ObjectMappers.Adapters.fFastMapperAdapter.Map(Object source, Object target) in [removed]\fFastMapperAdapter.cs:line 21
   at FeatureTests.On.ObjectMappers.Adapters.fFastMapperAdapter.Map[TTarget](Object source) in [removed]\fFastMapperAdapter.cs:line 16
   at FeatureTests.On.ObjectMappers.PrimitiveConversionTests.AssertPrimitiveMappingWorksFor[TSource,TTarget](IObjectMapperAdapter mapper, TSource sourceValue, TTarget expectedValue) in [removed]\1_PrimitiveTests.cs:line 93
   at FeatureTests.On.ObjectMappers.PrimitiveConversionTests.Int32ToString(IObjectMapperAdapter mapper) in [removed]\1_PrimitiveTests.cs:line 36">fail</span>
        </td>
        <td class="success">
pass        </td>
        <td class="failure">
            <span title="Xunit.Sdk.EqualException: Assert.Equal() Failure
Expected: 123
Actual:   (null)
   at Xunit.Assert.Equal[T](T expected, T actual, IEqualityComparer`1 comparer)
   at Xunit.Assert.Equal[T](T expected, T actual)
   at FeatureTests.On.ObjectMappers.PrimitiveConversionTests.AssertPrimitiveMappingWorksFor[TSource,TTarget](IObjectMapperAdapter mapper, TSource sourceValue, TTarget expectedValue) in [removed]\1_PrimitiveTests.cs:line 94
   at FeatureTests.On.ObjectMappers.PrimitiveConversionTests.Int32ToString(IObjectMapperAdapter mapper) in [removed]\1_PrimitiveTests.cs:line 36">fail</span>
        </td>
    </tr>
    <tr>
      <td class="row-name"><span>int ⇒ long</span></td>
        <td class="failure">
            <span title="AutoMapper.AutoMapperMappingException: Missing type map configuration or unsupported mapping.

Mapping types:
Int32 -&amp;gt; Int64
System.Int32 -&amp;gt; System.Int64

Destination path:
Wrapper`1.Value.Value

Source value:
123
   at AutoMapper.MappingEngine.AutoMapper.IMappingEngineRunner.Map(ResolutionContext context)
   at AutoMapper.Mappers.TypeMapObjectMapperRegistry.PropertyMapMappingStrategy.MapPropertyValue(ResolutionContext context, IMappingEngineRunner mapper, Object mappedObject, PropertyMap propertyMap)
   at AutoMapper.Mappers.TypeMapObjectMapperRegistry.PropertyMapMappingStrategy.Map(ResolutionContext context, IMappingEngineRunner mapper)
   at AutoMapper.Mappers.TypeMapMapper.Map(ResolutionContext context, IMappingEngineRunner mapper)
   at AutoMapper.MappingEngine.AutoMapper.IMappingEngineRunner.Map(ResolutionContext context)
   at AutoMapper.MappingEngine.Map(Object source, Type sourceType, Type destinationType, Action`1 opts)
   at AutoMapper.MappingEngine.Map[TDestination](Object source, Action`1 opts)
   at AutoMapper.MappingEngine.Map[TDestination](Object source)
   at FeatureTests.On.ObjectMappers.Adapters.AutoMapperAdapter.Map[TTarget](Object source) in [removed]\AutoMapperAdapter.cs:line 26
   at FeatureTests.On.ObjectMappers.PrimitiveConversionTests.AssertPrimitiveMappingWorksFor[TSource,TTarget](IObjectMapperAdapter mapper, TSource sourceValue, TTarget expectedValue) in [removed]\1_PrimitiveTests.cs:line 93
   at FeatureTests.On.ObjectMappers.PrimitiveConversionTests.Int32ToInt64(IObjectMapperAdapter mapper) in [removed]\1_PrimitiveTests.cs:line 42">fail</span>
        </td>
        <td class="failure">
            <span title="Xunit.Sdk.EqualException: Assert.Equal() Failure
Expected: 123
Actual:   0
   at Xunit.Assert.Equal[T](T expected, T actual, IEqualityComparer`1 comparer)
   at Xunit.Assert.Equal[T](T expected, T actual)
   at FeatureTests.On.ObjectMappers.PrimitiveConversionTests.AssertPrimitiveMappingWorksFor[TSource,TTarget](IObjectMapperAdapter mapper, TSource sourceValue, TTarget expectedValue) in [removed]\1_PrimitiveTests.cs:line 94
   at FeatureTests.On.ObjectMappers.PrimitiveConversionTests.Int32ToInt64(IObjectMapperAdapter mapper) in [removed]\1_PrimitiveTests.cs:line 42">fail</span>
        </td>
        <td class="success">
pass        </td>
        <td class="failure">
            <span title="System.TypeInitializationException: The type initializer for &amp;#39;Grax.fFastMapper.fFastMapperInternal`2&amp;#39; threw an exception. ---&amp;gt; System.TypeInitializationException: The type initializer for &amp;#39;Grax.fFastMapper.fFastMapperInternal`2&amp;#39; threw an exception. ---&amp;gt; System.ArgumentException: Expression of type &amp;#39;System.Int64&amp;#39; cannot be used for assignment to type &amp;#39;System.Int32&amp;#39;
   at System.Linq.Expressions.Expression.Assign(Expression left, Expression right)
   at Grax.fFastMapper.fFastMapperInternal`2.CompileMapper()
   at Grax.fFastMapper.fFastMapperInternal`2.AddDefaultMappings(Boolean callReverse, Boolean quitSilentlyIfMappingStarted)
   at Grax.fFastMapper.fFastMapperInternal`2..cctor()
   --- End of inner exception stack trace ---
   at Grax.fFastMapper.fFastMapperInternal`2.AddDefaultMappings(Boolean callReverse, Boolean quitSilentlyIfMappingStarted)
   at Grax.fFastMapper.fFastMapperInternal`2.AddDefaultMappings(Boolean callReverse, Boolean quitSilentlyIfMappingStarted)
   at Grax.fFastMapper.fFastMapperInternal`2..cctor()
   --- End of inner exception stack trace ---
   at Grax.fFastMapper.fFastMapperInternal`2.get_fFastMapFluent()
   at Grax.fFastMapper.fFastMap.Map[TFrom,TTo](TFrom from, TTo to)
   at lambda_method(Closure )
   at FeatureTests.Shared.GenericApiSupport.GenericHelper.RewriteAndInvoke[TResult](Expression`1 call, Type[] genericArguments) in [removed]\GenericHelper.cs:line 17
   at FeatureTests.On.ObjectMappers.Adapters.fFastMapperAdapter.Map(Object source, Object target) in [removed]\fFastMapperAdapter.cs:line 21
   at FeatureTests.On.ObjectMappers.Adapters.fFastMapperAdapter.Map[TTarget](Object source) in [removed]\fFastMapperAdapter.cs:line 16
   at FeatureTests.On.ObjectMappers.PrimitiveConversionTests.AssertPrimitiveMappingWorksFor[TSource,TTarget](IObjectMapperAdapter mapper, TSource sourceValue, TTarget expectedValue) in [removed]\1_PrimitiveTests.cs:line 93
   at FeatureTests.On.ObjectMappers.PrimitiveConversionTests.Int32ToInt64(IObjectMapperAdapter mapper) in [removed]\1_PrimitiveTests.cs:line 42">fail</span>
        </td>
        <td class="success">
pass        </td>
        <td class="failure">
            <span title="Xunit.Sdk.EqualException: Assert.Equal() Failure
Expected: 123
Actual:   0
   at Xunit.Assert.Equal[T](T expected, T actual, IEqualityComparer`1 comparer)
   at Xunit.Assert.Equal[T](T expected, T actual)
   at FeatureTests.On.ObjectMappers.PrimitiveConversionTests.AssertPrimitiveMappingWorksFor[TSource,TTarget](IObjectMapperAdapter mapper, TSource sourceValue, TTarget expectedValue) in [removed]\1_PrimitiveTests.cs:line 94
   at FeatureTests.On.ObjectMappers.PrimitiveConversionTests.Int32ToInt64(IObjectMapperAdapter mapper) in [removed]\1_PrimitiveTests.cs:line 42">fail</span>
        </td>
    </tr>
    <tr>
      <td class="row-name"><span>int ⇒ decimal</span></td>
        <td class="success">
pass        </td>
        <td class="failure">
            <span title="Xunit.Sdk.EqualException: Assert.Equal() Failure
Expected: 123
Actual:   0
   at Xunit.Assert.Equal[T](T expected, T actual, IEqualityComparer`1 comparer)
   at Xunit.Assert.Equal[T](T expected, T actual)
   at FeatureTests.On.ObjectMappers.PrimitiveConversionTests.AssertPrimitiveMappingWorksFor[TSource,TTarget](IObjectMapperAdapter mapper, TSource sourceValue, TTarget expectedValue) in [removed]\1_PrimitiveTests.cs:line 94
   at FeatureTests.On.ObjectMappers.PrimitiveConversionTests.Int32ToDecimal(IObjectMapperAdapter mapper) in [removed]\1_PrimitiveTests.cs:line 48">fail</span>
        </td>
        <td class="success">
pass        </td>
        <td class="failure">
            <span title="System.TypeInitializationException: The type initializer for &amp;#39;Grax.fFastMapper.fFastMapperInternal`2&amp;#39; threw an exception. ---&amp;gt; System.TypeInitializationException: The type initializer for &amp;#39;Grax.fFastMapper.fFastMapperInternal`2&amp;#39; threw an exception. ---&amp;gt; System.ArgumentException: Expression of type &amp;#39;System.Decimal&amp;#39; cannot be used for assignment to type &amp;#39;System.Int32&amp;#39;
   at System.Linq.Expressions.Expression.Assign(Expression left, Expression right)
   at Grax.fFastMapper.fFastMapperInternal`2.CompileMapper()
   at Grax.fFastMapper.fFastMapperInternal`2.AddDefaultMappings(Boolean callReverse, Boolean quitSilentlyIfMappingStarted)
   at Grax.fFastMapper.fFastMapperInternal`2..cctor()
   --- End of inner exception stack trace ---
   at Grax.fFastMapper.fFastMapperInternal`2.AddDefaultMappings(Boolean callReverse, Boolean quitSilentlyIfMappingStarted)
   at Grax.fFastMapper.fFastMapperInternal`2.AddDefaultMappings(Boolean callReverse, Boolean quitSilentlyIfMappingStarted)
   at Grax.fFastMapper.fFastMapperInternal`2..cctor()
   --- End of inner exception stack trace ---
   at Grax.fFastMapper.fFastMapperInternal`2.get_fFastMapFluent()
   at Grax.fFastMapper.fFastMap.Map[TFrom,TTo](TFrom from, TTo to)
   at lambda_method(Closure )
   at FeatureTests.Shared.GenericApiSupport.GenericHelper.RewriteAndInvoke[TResult](Expression`1 call, Type[] genericArguments) in [removed]\GenericHelper.cs:line 17
   at FeatureTests.On.ObjectMappers.Adapters.fFastMapperAdapter.Map(Object source, Object target) in [removed]\fFastMapperAdapter.cs:line 21
   at FeatureTests.On.ObjectMappers.Adapters.fFastMapperAdapter.Map[TTarget](Object source) in [removed]\fFastMapperAdapter.cs:line 16
   at FeatureTests.On.ObjectMappers.PrimitiveConversionTests.AssertPrimitiveMappingWorksFor[TSource,TTarget](IObjectMapperAdapter mapper, TSource sourceValue, TTarget expectedValue) in [removed]\1_PrimitiveTests.cs:line 93
   at FeatureTests.On.ObjectMappers.PrimitiveConversionTests.Int32ToDecimal(IObjectMapperAdapter mapper) in [removed]\1_PrimitiveTests.cs:line 48">fail</span>
        </td>
        <td class="success">
pass        </td>
        <td class="failure">
            <span title="Xunit.Sdk.EqualException: Assert.Equal() Failure
Expected: 123
Actual:   0
   at Xunit.Assert.Equal[T](T expected, T actual, IEqualityComparer`1 comparer)
   at Xunit.Assert.Equal[T](T expected, T actual)
   at FeatureTests.On.ObjectMappers.PrimitiveConversionTests.AssertPrimitiveMappingWorksFor[TSource,TTarget](IObjectMapperAdapter mapper, TSource sourceValue, TTarget expectedValue) in [removed]\1_PrimitiveTests.cs:line 94
   at FeatureTests.On.ObjectMappers.PrimitiveConversionTests.Int32ToDecimal(IObjectMapperAdapter mapper) in [removed]\1_PrimitiveTests.cs:line 48">fail</span>
        </td>
    </tr>
    <tr>
      <td class="row-name"><span>byte ⇒ int</span></td>
        <td class="failure">
            <span title="AutoMapper.AutoMapperMappingException: Missing type map configuration or unsupported mapping.

Mapping types:
Byte -&amp;gt; Int32
System.Byte -&amp;gt; System.Int32

Destination path:
Wrapper`1.Value.Value

Source value:
1
   at AutoMapper.MappingEngine.AutoMapper.IMappingEngineRunner.Map(ResolutionContext context)
   at AutoMapper.Mappers.TypeMapObjectMapperRegistry.PropertyMapMappingStrategy.MapPropertyValue(ResolutionContext context, IMappingEngineRunner mapper, Object mappedObject, PropertyMap propertyMap)
   at AutoMapper.Mappers.TypeMapObjectMapperRegistry.PropertyMapMappingStrategy.Map(ResolutionContext context, IMappingEngineRunner mapper)
   at AutoMapper.Mappers.TypeMapMapper.Map(ResolutionContext context, IMappingEngineRunner mapper)
   at AutoMapper.MappingEngine.AutoMapper.IMappingEngineRunner.Map(ResolutionContext context)
   at AutoMapper.MappingEngine.Map(Object source, Type sourceType, Type destinationType, Action`1 opts)
   at AutoMapper.MappingEngine.Map[TDestination](Object source, Action`1 opts)
   at AutoMapper.MappingEngine.Map[TDestination](Object source)
   at FeatureTests.On.ObjectMappers.Adapters.AutoMapperAdapter.Map[TTarget](Object source) in [removed]\AutoMapperAdapter.cs:line 26
   at FeatureTests.On.ObjectMappers.PrimitiveConversionTests.AssertPrimitiveMappingWorksFor[TSource,TTarget](IObjectMapperAdapter mapper, TSource sourceValue, TTarget expectedValue) in [removed]\1_PrimitiveTests.cs:line 93
   at FeatureTests.On.ObjectMappers.PrimitiveConversionTests.ByteToInt32(IObjectMapperAdapter mapper) in [removed]\1_PrimitiveTests.cs:line 54">fail</span>
        </td>
        <td class="failure">
            <span title="Xunit.Sdk.EqualException: Assert.Equal() Failure
Expected: 123
Actual:   0
   at Xunit.Assert.Equal[T](T expected, T actual, IEqualityComparer`1 comparer)
   at Xunit.Assert.Equal[T](T expected, T actual)
   at FeatureTests.On.ObjectMappers.PrimitiveConversionTests.AssertPrimitiveMappingWorksFor[TSource,TTarget](IObjectMapperAdapter mapper, TSource sourceValue, TTarget expectedValue) in [removed]\1_PrimitiveTests.cs:line 94
   at FeatureTests.On.ObjectMappers.PrimitiveConversionTests.ByteToInt32(IObjectMapperAdapter mapper) in [removed]\1_PrimitiveTests.cs:line 54">fail</span>
        </td>
        <td class="failure">
            <span title="Xunit.Sdk.EqualException: Assert.Equal() Failure
Expected: 123
Actual:   1
   at Xunit.Assert.Equal[T](T expected, T actual, IEqualityComparer`1 comparer)
   at Xunit.Assert.Equal[T](T expected, T actual)
   at FeatureTests.On.ObjectMappers.PrimitiveConversionTests.AssertPrimitiveMappingWorksFor[TSource,TTarget](IObjectMapperAdapter mapper, TSource sourceValue, TTarget expectedValue) in [removed]\1_PrimitiveTests.cs:line 94
   at FeatureTests.On.ObjectMappers.PrimitiveConversionTests.ByteToInt32(IObjectMapperAdapter mapper) in [removed]\1_PrimitiveTests.cs:line 54">fail</span>
        </td>
        <td class="failure">
            <span title="System.TypeInitializationException: The type initializer for &amp;#39;Grax.fFastMapper.fFastMapperInternal`2&amp;#39; threw an exception. ---&amp;gt; System.TypeInitializationException: The type initializer for &amp;#39;Grax.fFastMapper.fFastMapperInternal`2&amp;#39; threw an exception. ---&amp;gt; System.ArgumentException: Expression of type &amp;#39;System.Int32&amp;#39; cannot be used for assignment to type &amp;#39;System.Byte&amp;#39;
   at System.Linq.Expressions.Expression.Assign(Expression left, Expression right)
   at Grax.fFastMapper.fFastMapperInternal`2.CompileMapper()
   at Grax.fFastMapper.fFastMapperInternal`2.AddDefaultMappings(Boolean callReverse, Boolean quitSilentlyIfMappingStarted)
   at Grax.fFastMapper.fFastMapperInternal`2..cctor()
   --- End of inner exception stack trace ---
   at Grax.fFastMapper.fFastMapperInternal`2.AddDefaultMappings(Boolean callReverse, Boolean quitSilentlyIfMappingStarted)
   at Grax.fFastMapper.fFastMapperInternal`2.AddDefaultMappings(Boolean callReverse, Boolean quitSilentlyIfMappingStarted)
   at Grax.fFastMapper.fFastMapperInternal`2..cctor()
   --- End of inner exception stack trace ---
   at Grax.fFastMapper.fFastMapperInternal`2.get_fFastMapFluent()
   at Grax.fFastMapper.fFastMap.Map[TFrom,TTo](TFrom from, TTo to)
   at lambda_method(Closure )
   at FeatureTests.Shared.GenericApiSupport.GenericHelper.RewriteAndInvoke[TResult](Expression`1 call, Type[] genericArguments) in [removed]\GenericHelper.cs:line 17
   at FeatureTests.On.ObjectMappers.Adapters.fFastMapperAdapter.Map(Object source, Object target) in [removed]\fFastMapperAdapter.cs:line 21
   at FeatureTests.On.ObjectMappers.Adapters.fFastMapperAdapter.Map[TTarget](Object source) in [removed]\fFastMapperAdapter.cs:line 16
   at FeatureTests.On.ObjectMappers.PrimitiveConversionTests.AssertPrimitiveMappingWorksFor[TSource,TTarget](IObjectMapperAdapter mapper, TSource sourceValue, TTarget expectedValue) in [removed]\1_PrimitiveTests.cs:line 93
   at FeatureTests.On.ObjectMappers.PrimitiveConversionTests.ByteToInt32(IObjectMapperAdapter mapper) in [removed]\1_PrimitiveTests.cs:line 54">fail</span>
        </td>
        <td class="failure">
            <span title="Xunit.Sdk.EqualException: Assert.Equal() Failure
Expected: 123
Actual:   1
   at Xunit.Assert.Equal[T](T expected, T actual, IEqualityComparer`1 comparer)
   at Xunit.Assert.Equal[T](T expected, T actual)
   at FeatureTests.On.ObjectMappers.PrimitiveConversionTests.AssertPrimitiveMappingWorksFor[TSource,TTarget](IObjectMapperAdapter mapper, TSource sourceValue, TTarget expectedValue) in [removed]\1_PrimitiveTests.cs:line 94
   at FeatureTests.On.ObjectMappers.PrimitiveConversionTests.ByteToInt32(IObjectMapperAdapter mapper) in [removed]\1_PrimitiveTests.cs:line 54">fail</span>
        </td>
        <td class="failure">
            <span title="Xunit.Sdk.EqualException: Assert.Equal() Failure
Expected: 123
Actual:   0
   at Xunit.Assert.Equal[T](T expected, T actual, IEqualityComparer`1 comparer)
   at Xunit.Assert.Equal[T](T expected, T actual)
   at FeatureTests.On.ObjectMappers.PrimitiveConversionTests.AssertPrimitiveMappingWorksFor[TSource,TTarget](IObjectMapperAdapter mapper, TSource sourceValue, TTarget expectedValue) in [removed]\1_PrimitiveTests.cs:line 94
   at FeatureTests.On.ObjectMappers.PrimitiveConversionTests.ByteToInt32(IObjectMapperAdapter mapper) in [removed]\1_PrimitiveTests.cs:line 54">fail</span>
        </td>
    </tr>
    <tr>
      <td class="row-name"><span>short ⇒ int</span></td>
        <td class="failure">
            <span title="AutoMapper.AutoMapperMappingException: Missing type map configuration or unsupported mapping.

Mapping types:
Int16 -&amp;gt; Int32
System.Int16 -&amp;gt; System.Int32

Destination path:
Wrapper`1.Value.Value

Source value:
123
   at AutoMapper.MappingEngine.AutoMapper.IMappingEngineRunner.Map(ResolutionContext context)
   at AutoMapper.Mappers.TypeMapObjectMapperRegistry.PropertyMapMappingStrategy.MapPropertyValue(ResolutionContext context, IMappingEngineRunner mapper, Object mappedObject, PropertyMap propertyMap)
   at AutoMapper.Mappers.TypeMapObjectMapperRegistry.PropertyMapMappingStrategy.Map(ResolutionContext context, IMappingEngineRunner mapper)
   at AutoMapper.Mappers.TypeMapMapper.Map(ResolutionContext context, IMappingEngineRunner mapper)
   at AutoMapper.MappingEngine.AutoMapper.IMappingEngineRunner.Map(ResolutionContext context)
   at AutoMapper.MappingEngine.Map(Object source, Type sourceType, Type destinationType, Action`1 opts)
   at AutoMapper.MappingEngine.Map[TDestination](Object source, Action`1 opts)
   at AutoMapper.MappingEngine.Map[TDestination](Object source)
   at FeatureTests.On.ObjectMappers.Adapters.AutoMapperAdapter.Map[TTarget](Object source) in [removed]\AutoMapperAdapter.cs:line 26
   at FeatureTests.On.ObjectMappers.PrimitiveConversionTests.AssertPrimitiveMappingWorksFor[TSource,TTarget](IObjectMapperAdapter mapper, TSource sourceValue, TTarget expectedValue) in [removed]\1_PrimitiveTests.cs:line 93
   at FeatureTests.On.ObjectMappers.PrimitiveConversionTests.Int16ToInt32(IObjectMapperAdapter mapper) in [removed]\1_PrimitiveTests.cs:line 60">fail</span>
        </td>
        <td class="failure">
            <span title="Xunit.Sdk.EqualException: Assert.Equal() Failure
Expected: 123
Actual:   0
   at Xunit.Assert.Equal[T](T expected, T actual, IEqualityComparer`1 comparer)
   at Xunit.Assert.Equal[T](T expected, T actual)
   at FeatureTests.On.ObjectMappers.PrimitiveConversionTests.AssertPrimitiveMappingWorksFor[TSource,TTarget](IObjectMapperAdapter mapper, TSource sourceValue, TTarget expectedValue) in [removed]\1_PrimitiveTests.cs:line 94
   at FeatureTests.On.ObjectMappers.PrimitiveConversionTests.Int16ToInt32(IObjectMapperAdapter mapper) in [removed]\1_PrimitiveTests.cs:line 60">fail</span>
        </td>
        <td class="success">
pass        </td>
        <td class="failure">
            <span title="System.TypeInitializationException: The type initializer for &amp;#39;Grax.fFastMapper.fFastMapperInternal`2&amp;#39; threw an exception. ---&amp;gt; System.TypeInitializationException: The type initializer for &amp;#39;Grax.fFastMapper.fFastMapperInternal`2&amp;#39; threw an exception. ---&amp;gt; System.ArgumentException: Expression of type &amp;#39;System.Int32&amp;#39; cannot be used for assignment to type &amp;#39;System.Int16&amp;#39;
   at System.Linq.Expressions.Expression.Assign(Expression left, Expression right)
   at Grax.fFastMapper.fFastMapperInternal`2.CompileMapper()
   at Grax.fFastMapper.fFastMapperInternal`2.AddDefaultMappings(Boolean callReverse, Boolean quitSilentlyIfMappingStarted)
   at Grax.fFastMapper.fFastMapperInternal`2..cctor()
   --- End of inner exception stack trace ---
   at Grax.fFastMapper.fFastMapperInternal`2.AddDefaultMappings(Boolean callReverse, Boolean quitSilentlyIfMappingStarted)
   at Grax.fFastMapper.fFastMapperInternal`2.AddDefaultMappings(Boolean callReverse, Boolean quitSilentlyIfMappingStarted)
   at Grax.fFastMapper.fFastMapperInternal`2..cctor()
   --- End of inner exception stack trace ---
   at Grax.fFastMapper.fFastMapperInternal`2.get_fFastMapFluent()
   at Grax.fFastMapper.fFastMap.Map[TFrom,TTo](TFrom from, TTo to)
   at lambda_method(Closure )
   at FeatureTests.Shared.GenericApiSupport.GenericHelper.RewriteAndInvoke[TResult](Expression`1 call, Type[] genericArguments) in [removed]\GenericHelper.cs:line 17
   at FeatureTests.On.ObjectMappers.Adapters.fFastMapperAdapter.Map(Object source, Object target) in [removed]\fFastMapperAdapter.cs:line 21
   at FeatureTests.On.ObjectMappers.Adapters.fFastMapperAdapter.Map[TTarget](Object source) in [removed]\fFastMapperAdapter.cs:line 16
   at FeatureTests.On.ObjectMappers.PrimitiveConversionTests.AssertPrimitiveMappingWorksFor[TSource,TTarget](IObjectMapperAdapter mapper, TSource sourceValue, TTarget expectedValue) in [removed]\1_PrimitiveTests.cs:line 93
   at FeatureTests.On.ObjectMappers.PrimitiveConversionTests.Int16ToInt32(IObjectMapperAdapter mapper) in [removed]\1_PrimitiveTests.cs:line 60">fail</span>
        </td>
        <td class="success">
pass        </td>
        <td class="failure">
            <span title="Xunit.Sdk.EqualException: Assert.Equal() Failure
Expected: 123
Actual:   0
   at Xunit.Assert.Equal[T](T expected, T actual, IEqualityComparer`1 comparer)
   at Xunit.Assert.Equal[T](T expected, T actual)
   at FeatureTests.On.ObjectMappers.PrimitiveConversionTests.AssertPrimitiveMappingWorksFor[TSource,TTarget](IObjectMapperAdapter mapper, TSource sourceValue, TTarget expectedValue) in [removed]\1_PrimitiveTests.cs:line 94
   at FeatureTests.On.ObjectMappers.PrimitiveConversionTests.Int16ToInt32(IObjectMapperAdapter mapper) in [removed]\1_PrimitiveTests.cs:line 60">fail</span>
        </td>
    </tr>
    <tr>
      <td class="row-name"><span>string ⇒ int</span></td>
        <td class="failure">
            <span title="AutoMapper.AutoMapperMappingException: Missing type map configuration or unsupported mapping.

Mapping types:
String -&amp;gt; Int32
System.String -&amp;gt; System.Int32

Destination path:
Wrapper`1.Value.Value

Source value:
123
   at AutoMapper.MappingEngine.AutoMapper.IMappingEngineRunner.Map(ResolutionContext context)
   at AutoMapper.Mappers.TypeMapObjectMapperRegistry.PropertyMapMappingStrategy.MapPropertyValue(ResolutionContext context, IMappingEngineRunner mapper, Object mappedObject, PropertyMap propertyMap)
   at AutoMapper.Mappers.TypeMapObjectMapperRegistry.PropertyMapMappingStrategy.Map(ResolutionContext context, IMappingEngineRunner mapper)
   at AutoMapper.Mappers.TypeMapMapper.Map(ResolutionContext context, IMappingEngineRunner mapper)
   at AutoMapper.MappingEngine.AutoMapper.IMappingEngineRunner.Map(ResolutionContext context)
   at AutoMapper.MappingEngine.Map(Object source, Type sourceType, Type destinationType, Action`1 opts)
   at AutoMapper.MappingEngine.Map[TDestination](Object source, Action`1 opts)
   at AutoMapper.MappingEngine.Map[TDestination](Object source)
   at FeatureTests.On.ObjectMappers.Adapters.AutoMapperAdapter.Map[TTarget](Object source) in [removed]\AutoMapperAdapter.cs:line 26
   at FeatureTests.On.ObjectMappers.PrimitiveConversionTests.AssertPrimitiveMappingWorksFor[TSource,TTarget](IObjectMapperAdapter mapper, TSource sourceValue, TTarget expectedValue) in [removed]\1_PrimitiveTests.cs:line 93
   at FeatureTests.On.ObjectMappers.PrimitiveConversionTests.StringToInt32(IObjectMapperAdapter mapper) in [removed]\1_PrimitiveTests.cs:line 66">fail</span>
        </td>
        <td class="failure">
            <span title="Xunit.Sdk.EqualException: Assert.Equal() Failure
Expected: 123
Actual:   0
   at Xunit.Assert.Equal[T](T expected, T actual, IEqualityComparer`1 comparer)
   at Xunit.Assert.Equal[T](T expected, T actual)
   at FeatureTests.On.ObjectMappers.PrimitiveConversionTests.AssertPrimitiveMappingWorksFor[TSource,TTarget](IObjectMapperAdapter mapper, TSource sourceValue, TTarget expectedValue) in [removed]\1_PrimitiveTests.cs:line 94
   at FeatureTests.On.ObjectMappers.PrimitiveConversionTests.StringToInt32(IObjectMapperAdapter mapper) in [removed]\1_PrimitiveTests.cs:line 66">fail</span>
        </td>
        <td class="success">
pass        </td>
        <td class="failure">
            <span title="System.TypeInitializationException: The type initializer for &amp;#39;Grax.fFastMapper.fFastMapperInternal`2&amp;#39; threw an exception. ---&amp;gt; System.ArgumentException: Expression of type &amp;#39;System.String&amp;#39; cannot be used for assignment to type &amp;#39;System.Int32&amp;#39;
   at System.Linq.Expressions.Expression.Assign(Expression left, Expression right)
   at Grax.fFastMapper.fFastMapperInternal`2.CompileMapper()
   at Grax.fFastMapper.fFastMapperInternal`2.AddDefaultMappings(Boolean callReverse, Boolean quitSilentlyIfMappingStarted)
   at Grax.fFastMapper.fFastMapperInternal`2..cctor()
   --- End of inner exception stack trace ---
   at Grax.fFastMapper.fFastMapperInternal`2.get_fFastMapFluent()
   at Grax.fFastMapper.fFastMap.Map[TFrom,TTo](TFrom from, TTo to)
   at lambda_method(Closure )
   at FeatureTests.Shared.GenericApiSupport.GenericHelper.RewriteAndInvoke[TResult](Expression`1 call, Type[] genericArguments) in [removed]\GenericHelper.cs:line 17
   at FeatureTests.On.ObjectMappers.Adapters.fFastMapperAdapter.Map(Object source, Object target) in [removed]\fFastMapperAdapter.cs:line 21
   at FeatureTests.On.ObjectMappers.Adapters.fFastMapperAdapter.Map[TTarget](Object source) in [removed]\fFastMapperAdapter.cs:line 16
   at FeatureTests.On.ObjectMappers.PrimitiveConversionTests.AssertPrimitiveMappingWorksFor[TSource,TTarget](IObjectMapperAdapter mapper, TSource sourceValue, TTarget expectedValue) in [removed]\1_PrimitiveTests.cs:line 93
   at FeatureTests.On.ObjectMappers.PrimitiveConversionTests.StringToInt32(IObjectMapperAdapter mapper) in [removed]\1_PrimitiveTests.cs:line 66">fail</span>
        </td>
        <td class="failure">
            <span title="System.Collections.Generic.KeyNotFoundException: (System.String, System.Int32)
   at OoMapper.MappingConfiguration.BuildSource(Expression expression, Type destinationType, IMappingConfiguration cfg) in d:\BuildAgent-03\work\aa8cf99bf5ccb096\src\OoMapper\MappingConfiguration.cs:line 43
   at OoMapper.ConvertSourceMemberResolver.BuildSource(Expression x, Type destinationType, IMappingConfiguration mappingConfiguration) in d:\BuildAgent-03\work\aa8cf99bf5ccb096\src\OoMapper\ConvertSourceMemberResolver.cs:line 10
   at OoMapper.CompositeSourceMemberResolver.BuildSource(Expression x, Type destinationType, IMappingConfiguration mappingConfiguration) in d:\BuildAgent-03\work\aa8cf99bf5ccb096\src\OoMapper\CompositeSourceMemberResolver.cs:line 23
   at OoMapper.PropertyMap.BuildBind(Expression source, IMappingConfiguration configuration) in d:\BuildAgent-03\work\aa8cf99bf5ccb096\src\OoMapper\PropertyMap.cs:line 28
   at OoMapper.NewObjectMapperBuilder.&amp;lt;&amp;gt;c__DisplayClass1.&amp;lt;Build&amp;gt;b__0(PropertyMap m) in d:\BuildAgent-03\work\aa8cf99bf5ccb096\src\OoMapper\NewObjectMapperBuilder.cs:line 13
   at System.Linq.Enumerable.WhereSelectListIterator`2.MoveNext()
   at System.Linq.Buffer`1..ctor(IEnumerable`1 source)
   at System.Linq.Enumerable.ToArray[TSource](IEnumerable`1 source)
   at OoMapper.NewObjectMapperBuilder.Build(TypeMap typeMap, IMappingConfiguration configuration) in d:\BuildAgent-03\work\aa8cf99bf5ccb096\src\OoMapper\NewObjectMapperBuilder.cs:line 12
   at OoMapper.CachedObjectMapperBuilder.&amp;lt;&amp;gt;c__DisplayClass1.&amp;lt;Build&amp;gt;b__0(Tuple`2 k) in d:\BuildAgent-03\work\aa8cf99bf5ccb096\src\OoMapper\CachedObjectMapperBuilder.cs:line 21
   at OoMapper.Cache`2.GetOrAdd(TKey key, Func`2 func) in d:\BuildAgent-03\work\aa8cf99bf5ccb096\src\OoMapper\Cache.cs:line 22
   at OoMapper.CachedObjectMapperBuilder.Build(TypeMap typeMap, IMappingConfiguration configuration) in d:\BuildAgent-03\work\aa8cf99bf5ccb096\src\OoMapper\CachedObjectMapperBuilder.cs:line 21
   at OoMapper.UserConfigurationMapper.BuildSource(Expression expression, Type destinationType, IMappingConfiguration mappingConfiguration) in d:\BuildAgent-03\work\aa8cf99bf5ccb096\src\OoMapper\UserConfigurationMapper.cs:line 35
   at OoMapper.MappingConfiguration.&amp;lt;&amp;gt;c__DisplayClass3.&amp;lt;BuildSource&amp;gt;b__0(ISourceMemberResolver r) in d:\BuildAgent-03\work\aa8cf99bf5ccb096\src\OoMapper\MappingConfiguration.cs:line 37
   at System.Linq.Enumerable.WhereSelectArrayIterator`2.MoveNext()
   at System.Linq.Enumerable.WhereEnumerableIterator`1.MoveNext()
   at OoMapper.MappingConfiguration.BuildSource(Expression expression, Type destinationType, IMappingConfiguration cfg) in d:\BuildAgent-03\work\aa8cf99bf5ccb096\src\OoMapper\MappingConfiguration.cs:line 40
   at OoMapper.ConvertSourceMemberResolver.BuildSource(Expression x, Type destinationType, IMappingConfiguration mappingConfiguration) in d:\BuildAgent-03\work\aa8cf99bf5ccb096\src\OoMapper\ConvertSourceMemberResolver.cs:line 10
   at OoMapper.MappingConfiguration.BuildNew(Type sourceType, Type destinationType) in d:\BuildAgent-03\work\aa8cf99bf5ccb096\src\OoMapper\MappingConfiguration.cs:line 49
   at OoMapper.MappingConfiguration.&amp;lt;&amp;gt;c__DisplayClass9.&amp;lt;GetCompiledNew&amp;gt;b__8(Tuple`2 key) in d:\BuildAgent-03\work\aa8cf99bf5ccb096\src\OoMapper\MappingConfiguration.cs:line 71
   at OoMapper.Cache`2.GetOrAdd(TKey key, Func`2 func) in d:\BuildAgent-03\work\aa8cf99bf5ccb096\src\OoMapper\Cache.cs:line 22
   at OoMapper.MappingConfiguration.GetCompiledNew(Type sourceType, Type destinationType) in d:\BuildAgent-03\work\aa8cf99bf5ccb096\src\OoMapper\MappingConfiguration.cs:line 70
   at OoMapper.Mapper.Map(Object source, Type sourceType, Type destinationType) in d:\BuildAgent-03\work\aa8cf99bf5ccb096\src\OoMapper\Mapper.cs:line 35
   at FeatureTests.On.ObjectMappers.Adapters.OoMapperAdapter.Map[TTarget](Object source) in [removed]\OoMapperAdapter.cs:line 21
   at FeatureTests.On.ObjectMappers.PrimitiveConversionTests.AssertPrimitiveMappingWorksFor[TSource,TTarget](IObjectMapperAdapter mapper, TSource sourceValue, TTarget expectedValue) in [removed]\1_PrimitiveTests.cs:line 93
   at FeatureTests.On.ObjectMappers.PrimitiveConversionTests.StringToInt32(IObjectMapperAdapter mapper) in [removed]\1_PrimitiveTests.cs:line 66">fail</span>
        </td>
        <td class="failure">
            <span title="Xunit.Sdk.EqualException: Assert.Equal() Failure
Expected: 123
Actual:   0
   at Xunit.Assert.Equal[T](T expected, T actual, IEqualityComparer`1 comparer)
   at Xunit.Assert.Equal[T](T expected, T actual)
   at FeatureTests.On.ObjectMappers.PrimitiveConversionTests.AssertPrimitiveMappingWorksFor[TSource,TTarget](IObjectMapperAdapter mapper, TSource sourceValue, TTarget expectedValue) in [removed]\1_PrimitiveTests.cs:line 94
   at FeatureTests.On.ObjectMappers.PrimitiveConversionTests.StringToInt32(IObjectMapperAdapter mapper) in [removed]\1_PrimitiveTests.cs:line 66">fail</span>
        </td>
    </tr>
    <tr>
      <td class="row-name"><span>object ⇒ int</span></td>
        <td class="success">
pass        </td>
        <td class="failure">
            <span title="Xunit.Sdk.EqualException: Assert.Equal() Failure
Expected: 123
Actual:   0
   at Xunit.Assert.Equal[T](T expected, T actual, IEqualityComparer`1 comparer)
   at Xunit.Assert.Equal[T](T expected, T actual)
   at FeatureTests.On.ObjectMappers.PrimitiveConversionTests.AssertPrimitiveMappingWorksFor[TSource,TTarget](IObjectMapperAdapter mapper, TSource sourceValue, TTarget expectedValue) in [removed]\1_PrimitiveTests.cs:line 94
   at FeatureTests.On.ObjectMappers.PrimitiveConversionTests.ObjectToInt32(IObjectMapperAdapter mapper) in [removed]\1_PrimitiveTests.cs:line 72">fail</span>
        </td>
        <td class="failure">
            <span title="Xunit.Sdk.EqualException: Assert.Equal() Failure
Expected: 123
Actual:   0
   at Xunit.Assert.Equal[T](T expected, T actual, IEqualityComparer`1 comparer)
   at Xunit.Assert.Equal[T](T expected, T actual)
   at FeatureTests.On.ObjectMappers.PrimitiveConversionTests.AssertPrimitiveMappingWorksFor[TSource,TTarget](IObjectMapperAdapter mapper, TSource sourceValue, TTarget expectedValue) in [removed]\1_PrimitiveTests.cs:line 94
   at FeatureTests.On.ObjectMappers.PrimitiveConversionTests.ObjectToInt32(IObjectMapperAdapter mapper) in [removed]\1_PrimitiveTests.cs:line 72">fail</span>
        </td>
        <td class="failure">
            <span title="Xunit.Sdk.EqualException: Assert.Equal() Failure
Expected: 123
Actual:   0
   at Xunit.Assert.Equal[T](T expected, T actual, IEqualityComparer`1 comparer)
   at Xunit.Assert.Equal[T](T expected, T actual)
   at FeatureTests.On.ObjectMappers.PrimitiveConversionTests.AssertPrimitiveMappingWorksFor[TSource,TTarget](IObjectMapperAdapter mapper, TSource sourceValue, TTarget expectedValue) in [removed]\1_PrimitiveTests.cs:line 94
   at FeatureTests.On.ObjectMappers.PrimitiveConversionTests.ObjectToInt32(IObjectMapperAdapter mapper) in [removed]\1_PrimitiveTests.cs:line 72">fail</span>
        </td>
        <td class="success">
pass        </td>
        <td class="failure">
            <span title="Xunit.Sdk.EqualException: Assert.Equal() Failure
Expected: 123
Actual:   0
   at Xunit.Assert.Equal[T](T expected, T actual, IEqualityComparer`1 comparer)
   at Xunit.Assert.Equal[T](T expected, T actual)
   at FeatureTests.On.ObjectMappers.PrimitiveConversionTests.AssertPrimitiveMappingWorksFor[TSource,TTarget](IObjectMapperAdapter mapper, TSource sourceValue, TTarget expectedValue) in [removed]\1_PrimitiveTests.cs:line 94
   at FeatureTests.On.ObjectMappers.PrimitiveConversionTests.ObjectToInt32(IObjectMapperAdapter mapper) in [removed]\1_PrimitiveTests.cs:line 72">fail</span>
        </td>
    </tr>
    <tr>
      <td class="row-name"><span>DateTime ⇒ DateTime</span></td>
        <td class="success">
pass        </td>
        <td class="success">
pass        </td>
        <td class="success">
pass        </td>
        <td class="success">
pass        </td>
        <td class="success">
pass        </td>
        <td class="success">
pass        </td>
    </tr>
    <tr>
      <td class="row-name"><span>DateTime ⇒ DateTimeOffset</span></td>
        <td class="success">
pass        </td>
        <td class="failure">
            <span title="Xunit.Sdk.EqualException: Assert.Equal() Failure
Expected: 15.01.2014 23:11:27 +13:00
Actual:   01.01.0001 0:00:00 +00:00
   at Xunit.Assert.Equal[T](T expected, T actual, IEqualityComparer`1 comparer)
   at Xunit.Assert.Equal[T](T expected, T actual)
   at FeatureTests.On.ObjectMappers.PrimitiveConversionTests.AssertPrimitiveMappingWorksFor[TSource,TTarget](IObjectMapperAdapter mapper, TSource sourceValue, TTarget expectedValue) in [removed]\1_PrimitiveTests.cs:line 94
   at FeatureTests.On.ObjectMappers.PrimitiveConversionTests.DateTimeToDateTimeOffset(IObjectMapperAdapter mapper) in [removed]\1_PrimitiveTests.cs:line 86">fail</span>
        </td>
        <td class="failure">
            <span title="Xunit.Sdk.EqualException: Assert.Equal() Failure
Expected: 15.01.2014 23:11:27 +13:00
Actual:   01.01.0001 0:00:00 +00:00
   at Xunit.Assert.Equal[T](T expected, T actual, IEqualityComparer`1 comparer)
   at Xunit.Assert.Equal[T](T expected, T actual)
   at FeatureTests.On.ObjectMappers.PrimitiveConversionTests.AssertPrimitiveMappingWorksFor[TSource,TTarget](IObjectMapperAdapter mapper, TSource sourceValue, TTarget expectedValue) in [removed]\1_PrimitiveTests.cs:line 94
   at FeatureTests.On.ObjectMappers.PrimitiveConversionTests.DateTimeToDateTimeOffset(IObjectMapperAdapter mapper) in [removed]\1_PrimitiveTests.cs:line 86">fail</span>
        </td>
        <td class="failure">
            <span title="System.TypeInitializationException: The type initializer for &amp;#39;Grax.fFastMapper.fFastMapperInternal`2&amp;#39; threw an exception. ---&amp;gt; System.TypeInitializationException: The type initializer for &amp;#39;Grax.fFastMapper.fFastMapperInternal`2&amp;#39; threw an exception. ---&amp;gt; System.ArgumentException: Expression of type &amp;#39;System.DateTimeOffset&amp;#39; cannot be used for assignment to type &amp;#39;System.DateTime&amp;#39;
   at System.Linq.Expressions.Expression.Assign(Expression left, Expression right)
   at Grax.fFastMapper.fFastMapperInternal`2.CompileMapper()
   at Grax.fFastMapper.fFastMapperInternal`2.AddDefaultMappings(Boolean callReverse, Boolean quitSilentlyIfMappingStarted)
   at Grax.fFastMapper.fFastMapperInternal`2..cctor()
   --- End of inner exception stack trace ---
   at Grax.fFastMapper.fFastMapperInternal`2.AddDefaultMappings(Boolean callReverse, Boolean quitSilentlyIfMappingStarted)
   at Grax.fFastMapper.fFastMapperInternal`2.AddDefaultMappings(Boolean callReverse, Boolean quitSilentlyIfMappingStarted)
   at Grax.fFastMapper.fFastMapperInternal`2..cctor()
   --- End of inner exception stack trace ---
   at Grax.fFastMapper.fFastMapperInternal`2.get_fFastMapFluent()
   at Grax.fFastMapper.fFastMap.Map[TFrom,TTo](TFrom from, TTo to)
   at lambda_method(Closure )
   at FeatureTests.Shared.GenericApiSupport.GenericHelper.RewriteAndInvoke[TResult](Expression`1 call, Type[] genericArguments) in [removed]\GenericHelper.cs:line 17
   at FeatureTests.On.ObjectMappers.Adapters.fFastMapperAdapter.Map(Object source, Object target) in [removed]\fFastMapperAdapter.cs:line 21
   at FeatureTests.On.ObjectMappers.Adapters.fFastMapperAdapter.Map[TTarget](Object source) in [removed]\fFastMapperAdapter.cs:line 16
   at FeatureTests.On.ObjectMappers.PrimitiveConversionTests.AssertPrimitiveMappingWorksFor[TSource,TTarget](IObjectMapperAdapter mapper, TSource sourceValue, TTarget expectedValue) in [removed]\1_PrimitiveTests.cs:line 93
   at FeatureTests.On.ObjectMappers.PrimitiveConversionTests.DateTimeToDateTimeOffset(IObjectMapperAdapter mapper) in [removed]\1_PrimitiveTests.cs:line 86">fail</span>
        </td>
        <td class="success">
pass        </td>
        <td class="failure">
            <span title="Xunit.Sdk.EqualException: Assert.Equal() Failure
Expected: 15.01.2014 23:11:27 +13:00
Actual:   01.01.0001 0:00:00 +00:00
   at Xunit.Assert.Equal[T](T expected, T actual, IEqualityComparer`1 comparer)
   at Xunit.Assert.Equal[T](T expected, T actual)
   at FeatureTests.On.ObjectMappers.PrimitiveConversionTests.AssertPrimitiveMappingWorksFor[TSource,TTarget](IObjectMapperAdapter mapper, TSource sourceValue, TTarget expectedValue) in [removed]\1_PrimitiveTests.cs:line 94
   at FeatureTests.On.ObjectMappers.PrimitiveConversionTests.DateTimeToDateTimeOffset(IObjectMapperAdapter mapper) in [removed]\1_PrimitiveTests.cs:line 86">fail</span>
        </td>
    </tr>
  </table>
</section>
<section>
  <h2 id="NullableTypes">Nullable types</h2>
  <div class="section-description"><p><em>TODO</em></p>
</div>
        
  <table>
    <tr>
      <th>Name</th>
        <th><span>AutoMapper</span></th>
        <th><span>EasyMapper</span></th>
        <th><span>EmitMapper</span></th>
        <th><span>fFastMapper</span></th>
        <th><span>OoMapper</span></th>
        <th><span>ValueInjecter</span></th>
    </tr>

    <tr>
      <td class="row-name"><span>int ⇒ int?</span></td>
        <td class="success">
pass        </td>
        <td class="failure">
            <span title="Xunit.Sdk.EqualException: Assert.Equal() Failure
Expected: 5
Actual:   (null)
   at Xunit.Assert.Equal[T](T expected, T actual, IEqualityComparer`1 comparer)
   at Xunit.Assert.Equal[T](T expected, T actual)
   at FeatureTests.On.ObjectMappers.NullableTests.AssertNullableMappingWorksFor[TSource,TTarget](IObjectMapperAdapter mapper, TSource sourceValue, TTarget expectedValue, TTarget targetValue) in [removed]\2_NullableTests.cs:line 67
   at FeatureTests.On.ObjectMappers.NullableTests.Int32ToNullableInt32(IObjectMapperAdapter mapper) in [removed]\2_NullableTests.cs:line 19">fail</span>
        </td>
        <td class="success">
pass        </td>
        <td class="failure">
            <span title="System.TypeInitializationException: The type initializer for &amp;#39;Grax.fFastMapper.fFastMapperInternal`2&amp;#39; threw an exception. ---&amp;gt; System.TypeInitializationException: The type initializer for &amp;#39;Grax.fFastMapper.fFastMapperInternal`2&amp;#39; threw an exception. ---&amp;gt; System.ArgumentException: Expression of type &amp;#39;System.Nullable`1[System.Int32]&amp;#39; cannot be used for assignment to type &amp;#39;System.Int32&amp;#39;
   at System.Linq.Expressions.Expression.Assign(Expression left, Expression right)
   at Grax.fFastMapper.fFastMapperInternal`2.CompileMapper()
   at Grax.fFastMapper.fFastMapperInternal`2.AddDefaultMappings(Boolean callReverse, Boolean quitSilentlyIfMappingStarted)
   at Grax.fFastMapper.fFastMapperInternal`2..cctor()
   --- End of inner exception stack trace ---
   at Grax.fFastMapper.fFastMapperInternal`2.AddDefaultMappings(Boolean callReverse, Boolean quitSilentlyIfMappingStarted)
   at Grax.fFastMapper.fFastMapperInternal`2.AddDefaultMappings(Boolean callReverse, Boolean quitSilentlyIfMappingStarted)
   at Grax.fFastMapper.fFastMapperInternal`2..cctor()
   --- End of inner exception stack trace ---
   at Grax.fFastMapper.fFastMapperInternal`2.get_fFastMapFluent()
   at Grax.fFastMapper.fFastMap.Map[TFrom,TTo](TFrom from, TTo to)
   at lambda_method(Closure )
   at FeatureTests.Shared.GenericApiSupport.GenericHelper.RewriteAndInvoke[TResult](Expression`1 call, Type[] genericArguments) in [removed]\GenericHelper.cs:line 17
   at FeatureTests.On.ObjectMappers.Adapters.fFastMapperAdapter.Map(Object source, Object target) in [removed]\fFastMapperAdapter.cs:line 21
   at FeatureTests.On.ObjectMappers.Adapters.fFastMapperAdapter.Map[TTarget](Object source) in [removed]\fFastMapperAdapter.cs:line 16
   at FeatureTests.On.ObjectMappers.NullableTests.AssertNullableMappingWorksFor[TSource,TTarget](IObjectMapperAdapter mapper, TSource sourceValue, TTarget expectedValue, TTarget targetValue) in [removed]\2_NullableTests.cs:line 66
   at FeatureTests.On.ObjectMappers.NullableTests.Int32ToNullableInt32(IObjectMapperAdapter mapper) in [removed]\2_NullableTests.cs:line 19">fail</span>
        </td>
        <td class="success">
pass        </td>
        <td class="failure">
            <span title="Xunit.Sdk.EqualException: Assert.Equal() Failure
Expected: 5
Actual:   (null)
   at Xunit.Assert.Equal[T](T expected, T actual, IEqualityComparer`1 comparer)
   at Xunit.Assert.Equal[T](T expected, T actual)
   at FeatureTests.On.ObjectMappers.NullableTests.AssertNullableMappingWorksFor[TSource,TTarget](IObjectMapperAdapter mapper, TSource sourceValue, TTarget expectedValue, TTarget targetValue) in [removed]\2_NullableTests.cs:line 67
   at FeatureTests.On.ObjectMappers.NullableTests.Int32ToNullableInt32(IObjectMapperAdapter mapper) in [removed]\2_NullableTests.cs:line 19">fail</span>
        </td>
    </tr>
    <tr>
      <td class="row-name"><span>int ⇒ long?</span></td>
        <td class="failure">
            <span title="AutoMapper.AutoMapperMappingException: 

Mapping types:
Int32 -&amp;gt; Nullable`1
System.Int32 -&amp;gt; System.Nullable`1[[System.Int64, mscorlib, Version=4.0.0.0, Culture=neutral, PublicKeyToken=b77a5c561934e089]]

Destination path:
Wrapper`1.Value.Value

Source value:
5 ---&amp;gt; System.ArgumentException: Object of type &amp;#39;System.Int32&amp;#39; cannot be converted to type &amp;#39;System.Nullable`1[System.Int64]&amp;#39;.
   at System.RuntimeType.TryChangeType(Object value, Binder binder, CultureInfo culture, Boolean needsSpecialCast)
   at System.RuntimeType.CheckValue(Object value, Binder binder, CultureInfo culture, BindingFlags invokeAttr)
   at System.Reflection.MethodBase.CheckArguments(Object[] parameters, Binder binder, BindingFlags invokeAttr, CultureInfo culture, Signature sig)
   at System.Reflection.RuntimeMethodInfo.InvokeArgumentsCheck(Object obj, BindingFlags invokeAttr, Binder binder, Object[] parameters, CultureInfo culture)
   at System.Reflection.RuntimeMethodInfo.Invoke(Object obj, BindingFlags invokeAttr, Binder binder, Object[] parameters, CultureInfo culture)
   at System.Reflection.RuntimePropertyInfo.SetValue(Object obj, Object value, BindingFlags invokeAttr, Binder binder, Object[] index, CultureInfo culture)
   at System.Reflection.RuntimePropertyInfo.SetValue(Object obj, Object value, Object[] index)
   at AutoMapper.DelegateFactory.&amp;lt;&amp;gt;c__DisplayClass4.&amp;lt;CreateSet&amp;gt;b__3(Object target, Object value)
   at AutoMapper.Impl.PropertyAccessor.SetValue(Object destination, Object value)
   at AutoMapper.Mappers.TypeMapObjectMapperRegistry.PropertyMapMappingStrategy.AssignValue(PropertyMap propertyMap, Object mappedObject, Object propertyValueToAssign)
   at AutoMapper.Mappers.TypeMapObjectMapperRegistry.PropertyMapMappingStrategy.MapPropertyValue(ResolutionContext context, IMappingEngineRunner mapper, Object mappedObject, PropertyMap propertyMap)
   --- End of inner exception stack trace ---
   at AutoMapper.Mappers.TypeMapObjectMapperRegistry.PropertyMapMappingStrategy.MapPropertyValue(ResolutionContext context, IMappingEngineRunner mapper, Object mappedObject, PropertyMap propertyMap)
   at AutoMapper.Mappers.TypeMapObjectMapperRegistry.PropertyMapMappingStrategy.Map(ResolutionContext context, IMappingEngineRunner mapper)
   at AutoMapper.Mappers.TypeMapMapper.Map(ResolutionContext context, IMappingEngineRunner mapper)
   at AutoMapper.MappingEngine.AutoMapper.IMappingEngineRunner.Map(ResolutionContext context)
   at AutoMapper.MappingEngine.Map(Object source, Type sourceType, Type destinationType, Action`1 opts)
   at AutoMapper.MappingEngine.Map[TDestination](Object source, Action`1 opts)
   at AutoMapper.MappingEngine.Map[TDestination](Object source)
   at FeatureTests.On.ObjectMappers.Adapters.AutoMapperAdapter.Map[TTarget](Object source) in [removed]\AutoMapperAdapter.cs:line 26
   at FeatureTests.On.ObjectMappers.NullableTests.AssertNullableMappingWorksFor[TSource,TTarget](IObjectMapperAdapter mapper, TSource sourceValue, TTarget expectedValue, TTarget targetValue) in [removed]\2_NullableTests.cs:line 66
   at FeatureTests.On.ObjectMappers.NullableTests.Int32ToNullableInt64(IObjectMapperAdapter mapper) in [removed]\2_NullableTests.cs:line 25">fail</span>
        </td>
        <td class="failure">
            <span title="Xunit.Sdk.EqualException: Assert.Equal() Failure
Expected: 5
Actual:   (null)
   at Xunit.Assert.Equal[T](T expected, T actual, IEqualityComparer`1 comparer)
   at Xunit.Assert.Equal[T](T expected, T actual)
   at FeatureTests.On.ObjectMappers.NullableTests.AssertNullableMappingWorksFor[TSource,TTarget](IObjectMapperAdapter mapper, TSource sourceValue, TTarget expectedValue, TTarget targetValue) in [removed]\2_NullableTests.cs:line 60
   at FeatureTests.On.ObjectMappers.NullableTests.Int32ToNullableInt64(IObjectMapperAdapter mapper) in [removed]\2_NullableTests.cs:line 25">fail</span>
        </td>
        <td class="success">
pass        </td>
        <td class="failure">
            <span title="System.TypeInitializationException: The type initializer for &amp;#39;Grax.fFastMapper.fFastMapperInternal`2&amp;#39; threw an exception. ---&amp;gt; System.TypeInitializationException: The type initializer for &amp;#39;Grax.fFastMapper.fFastMapperInternal`2&amp;#39; threw an exception. ---&amp;gt; System.ArgumentException: Expression of type &amp;#39;System.Nullable`1[System.Int64]&amp;#39; cannot be used for assignment to type &amp;#39;System.Int32&amp;#39;
   at System.Linq.Expressions.Expression.Assign(Expression left, Expression right)
   at Grax.fFastMapper.fFastMapperInternal`2.CompileMapper()
   at Grax.fFastMapper.fFastMapperInternal`2.AddDefaultMappings(Boolean callReverse, Boolean quitSilentlyIfMappingStarted)
   at Grax.fFastMapper.fFastMapperInternal`2..cctor()
   --- End of inner exception stack trace ---
   at Grax.fFastMapper.fFastMapperInternal`2.AddDefaultMappings(Boolean callReverse, Boolean quitSilentlyIfMappingStarted)
   at Grax.fFastMapper.fFastMapperInternal`2.AddDefaultMappings(Boolean callReverse, Boolean quitSilentlyIfMappingStarted)
   at Grax.fFastMapper.fFastMapperInternal`2..cctor()
   --- End of inner exception stack trace ---
   at Grax.fFastMapper.fFastMapperInternal`2.get_fFastMapFluent()
   at Grax.fFastMapper.fFastMap.Map[TFrom,TTo](TFrom from, TTo to)
   at lambda_method(Closure )
   at FeatureTests.Shared.GenericApiSupport.GenericHelper.RewriteAndInvoke[TResult](Expression`1 call, Type[] genericArguments) in [removed]\GenericHelper.cs:line 17
   at FeatureTests.On.ObjectMappers.Adapters.fFastMapperAdapter.Map(Object source, Object target) in [removed]\fFastMapperAdapter.cs:line 21
   at FeatureTests.On.ObjectMappers.Adapters.fFastMapperAdapter.Map[TTarget](Object source) in [removed]\fFastMapperAdapter.cs:line 16
   at FeatureTests.On.ObjectMappers.NullableTests.AssertNullableMappingWorksFor[TSource,TTarget](IObjectMapperAdapter mapper, TSource sourceValue, TTarget expectedValue, TTarget targetValue) in [removed]\2_NullableTests.cs:line 66
   at FeatureTests.On.ObjectMappers.NullableTests.Int32ToNullableInt64(IObjectMapperAdapter mapper) in [removed]\2_NullableTests.cs:line 25">fail</span>
        </td>
        <td class="success">
pass        </td>
        <td class="failure">
            <span title="Xunit.Sdk.EqualException: Assert.Equal() Failure
Expected: 5
Actual:   (null)
   at Xunit.Assert.Equal[T](T expected, T actual, IEqualityComparer`1 comparer)
   at Xunit.Assert.Equal[T](T expected, T actual)
   at FeatureTests.On.ObjectMappers.NullableTests.AssertNullableMappingWorksFor[TSource,TTarget](IObjectMapperAdapter mapper, TSource sourceValue, TTarget expectedValue, TTarget targetValue) in [removed]\2_NullableTests.cs:line 67
   at FeatureTests.On.ObjectMappers.NullableTests.Int32ToNullableInt64(IObjectMapperAdapter mapper) in [removed]\2_NullableTests.cs:line 25">fail</span>
        </td>
    </tr>
    <tr>
      <td class="row-name"><span>int? ⇒ long?</span></td>
        <td class="failure">
            <span title="AutoMapper.AutoMapperMappingException: 

Mapping types:
Int32 -&amp;gt; Nullable`1
System.Int32 -&amp;gt; System.Nullable`1[[System.Int64, mscorlib, Version=4.0.0.0, Culture=neutral, PublicKeyToken=b77a5c561934e089]]

Destination path:
Wrapper`1.Value.Value

Source value:
5 ---&amp;gt; System.ArgumentException: Object of type &amp;#39;System.Int32&amp;#39; cannot be converted to type &amp;#39;System.Nullable`1[System.Int64]&amp;#39;.
   at System.RuntimeType.TryChangeType(Object value, Binder binder, CultureInfo culture, Boolean needsSpecialCast)
   at System.RuntimeType.CheckValue(Object value, Binder binder, CultureInfo culture, BindingFlags invokeAttr)
   at System.Reflection.MethodBase.CheckArguments(Object[] parameters, Binder binder, BindingFlags invokeAttr, CultureInfo culture, Signature sig)
   at System.Reflection.RuntimeMethodInfo.InvokeArgumentsCheck(Object obj, BindingFlags invokeAttr, Binder binder, Object[] parameters, CultureInfo culture)
   at System.Reflection.RuntimeMethodInfo.Invoke(Object obj, BindingFlags invokeAttr, Binder binder, Object[] parameters, CultureInfo culture)
   at System.Reflection.RuntimePropertyInfo.SetValue(Object obj, Object value, BindingFlags invokeAttr, Binder binder, Object[] index, CultureInfo culture)
   at System.Reflection.RuntimePropertyInfo.SetValue(Object obj, Object value, Object[] index)
   at AutoMapper.DelegateFactory.&amp;lt;&amp;gt;c__DisplayClass4.&amp;lt;CreateSet&amp;gt;b__3(Object target, Object value)
   at AutoMapper.Impl.PropertyAccessor.SetValue(Object destination, Object value)
   at AutoMapper.Mappers.TypeMapObjectMapperRegistry.PropertyMapMappingStrategy.AssignValue(PropertyMap propertyMap, Object mappedObject, Object propertyValueToAssign)
   at AutoMapper.Mappers.TypeMapObjectMapperRegistry.PropertyMapMappingStrategy.MapPropertyValue(ResolutionContext context, IMappingEngineRunner mapper, Object mappedObject, PropertyMap propertyMap)
   --- End of inner exception stack trace ---
   at AutoMapper.Mappers.TypeMapObjectMapperRegistry.PropertyMapMappingStrategy.MapPropertyValue(ResolutionContext context, IMappingEngineRunner mapper, Object mappedObject, PropertyMap propertyMap)
   at AutoMapper.Mappers.TypeMapObjectMapperRegistry.PropertyMapMappingStrategy.Map(ResolutionContext context, IMappingEngineRunner mapper)
   at AutoMapper.Mappers.TypeMapMapper.Map(ResolutionContext context, IMappingEngineRunner mapper)
   at AutoMapper.MappingEngine.AutoMapper.IMappingEngineRunner.Map(ResolutionContext context)
   at AutoMapper.MappingEngine.Map(Object source, Type sourceType, Type destinationType, Action`1 opts)
   at AutoMapper.MappingEngine.Map[TDestination](Object source, Action`1 opts)
   at AutoMapper.MappingEngine.Map[TDestination](Object source)
   at FeatureTests.On.ObjectMappers.Adapters.AutoMapperAdapter.Map[TTarget](Object source) in [removed]\AutoMapperAdapter.cs:line 26
   at FeatureTests.On.ObjectMappers.NullableTests.AssertNullableMappingWorksFor[TSource,TTarget](IObjectMapperAdapter mapper, TSource sourceValue, TTarget expectedValue, TTarget targetValue) in [removed]\2_NullableTests.cs:line 66
   at FeatureTests.On.ObjectMappers.NullableTests.NullableInt32ToNullableInt64(IObjectMapperAdapter mapper) in [removed]\2_NullableTests.cs:line 31">fail</span>
        </td>
        <td class="failure">
            <span title="Xunit.Sdk.EqualException: Assert.Equal() Failure
Expected: 5
Actual:   (null)
   at Xunit.Assert.Equal[T](T expected, T actual, IEqualityComparer`1 comparer)
   at Xunit.Assert.Equal[T](T expected, T actual)
   at FeatureTests.On.ObjectMappers.NullableTests.AssertNullableMappingWorksFor[TSource,TTarget](IObjectMapperAdapter mapper, TSource sourceValue, TTarget expectedValue, TTarget targetValue) in [removed]\2_NullableTests.cs:line 67
   at FeatureTests.On.ObjectMappers.NullableTests.NullableInt32ToNullableInt64(IObjectMapperAdapter mapper) in [removed]\2_NullableTests.cs:line 31">fail</span>
        </td>
        <td class="failure">
            <span title="System.InvalidCastException: Specified cast is not valid.
   at ObjectsMapper36_FeatureTests.On.ObjectMappers.TestTypes.Wrapper`1\[\[System.Nullable`1\[\[System.Int32\, mscorlib\, Version=4.0.0.0\, Culture=neutral\, PublicKeyToken=b77a5c561934e089\]\]\, mscorlib\, Version=4.0.0.0\, Culture=neutral\, PublicKeyToken=b77a5c561934e089\]\]_FeatureTests.On.ObjectMappers.TestTypes.Wrapper`1\[\[System.Nullable`1\[\[System.Int64\, mscorlib\, Version=4.0.0.0\, Culture=neutral\, PublicKeyToken=b77a5c561934e089\]\]\, mscorlib\, Version=4.0.0.0\, Culture=neutral\, PublicKeyToken=b77a5c561934e089\]\]1955454f1fd05476cb9ab4278d8468a47.MapImpl(Object , Object , Object )
   at EmitMapper.Mappers.ObjectsMapperBaseImpl.Map(Object from, Object to, Object state)
   at EmitMapper.Mappers.ObjectsMapperBaseImpl.Map(Object from)
   at EmitMapper.ObjectsMapper`2.Map(TFrom from)
   at lambda_method(Closure )
   at FeatureTests.Shared.GenericApiSupport.GenericHelper.RewriteAndInvoke[TResult](Expression`1 call, Type[] genericArguments) in [removed]\GenericHelper.cs:line 17
   at FeatureTests.On.ObjectMappers.Adapters.EmitMapperAdapter.Map[TTarget](Object source) in [removed]\EmitMapperAdapter.cs:line 21
   at FeatureTests.On.ObjectMappers.NullableTests.AssertNullableMappingWorksFor[TSource,TTarget](IObjectMapperAdapter mapper, TSource sourceValue, TTarget expectedValue, TTarget targetValue) in [removed]\2_NullableTests.cs:line 66
   at FeatureTests.On.ObjectMappers.NullableTests.NullableInt32ToNullableInt64(IObjectMapperAdapter mapper) in [removed]\2_NullableTests.cs:line 31">fail</span>
        </td>
        <td class="failure">
            <span title="System.TypeInitializationException: The type initializer for &amp;#39;Grax.fFastMapper.fFastMapperInternal`2&amp;#39; threw an exception. ---&amp;gt; System.TypeInitializationException: The type initializer for &amp;#39;Grax.fFastMapper.fFastMapperInternal`2&amp;#39; threw an exception. ---&amp;gt; System.ArgumentException: Expression of type &amp;#39;System.Nullable`1[System.Int64]&amp;#39; cannot be used for assignment to type &amp;#39;System.Nullable`1[System.Int32]&amp;#39;
   at System.Linq.Expressions.Expression.Assign(Expression left, Expression right)
   at Grax.fFastMapper.fFastMapperInternal`2.CompileMapper()
   at Grax.fFastMapper.fFastMapperInternal`2.AddDefaultMappings(Boolean callReverse, Boolean quitSilentlyIfMappingStarted)
   at Grax.fFastMapper.fFastMapperInternal`2..cctor()
   --- End of inner exception stack trace ---
   at Grax.fFastMapper.fFastMapperInternal`2.AddDefaultMappings(Boolean callReverse, Boolean quitSilentlyIfMappingStarted)
   at Grax.fFastMapper.fFastMapperInternal`2.AddDefaultMappings(Boolean callReverse, Boolean quitSilentlyIfMappingStarted)
   at Grax.fFastMapper.fFastMapperInternal`2..cctor()
   --- End of inner exception stack trace ---
   at Grax.fFastMapper.fFastMapperInternal`2.get_fFastMapFluent()
   at Grax.fFastMapper.fFastMap.Map[TFrom,TTo](TFrom from, TTo to)
   at lambda_method(Closure )
   at FeatureTests.Shared.GenericApiSupport.GenericHelper.RewriteAndInvoke[TResult](Expression`1 call, Type[] genericArguments) in [removed]\GenericHelper.cs:line 17
   at FeatureTests.On.ObjectMappers.Adapters.fFastMapperAdapter.Map(Object source, Object target) in [removed]\fFastMapperAdapter.cs:line 21
   at FeatureTests.On.ObjectMappers.Adapters.fFastMapperAdapter.Map[TTarget](Object source) in [removed]\fFastMapperAdapter.cs:line 16
   at FeatureTests.On.ObjectMappers.NullableTests.AssertNullableMappingWorksFor[TSource,TTarget](IObjectMapperAdapter mapper, TSource sourceValue, TTarget expectedValue, TTarget targetValue) in [removed]\2_NullableTests.cs:line 66
   at FeatureTests.On.ObjectMappers.NullableTests.NullableInt32ToNullableInt64(IObjectMapperAdapter mapper) in [removed]\2_NullableTests.cs:line 31">fail</span>
        </td>
        <td class="success">
pass        </td>
        <td class="failure">
            <span title="Xunit.Sdk.EqualException: Assert.Equal() Failure
Expected: 5
Actual:   (null)
   at Xunit.Assert.Equal[T](T expected, T actual, IEqualityComparer`1 comparer)
   at Xunit.Assert.Equal[T](T expected, T actual)
   at FeatureTests.On.ObjectMappers.NullableTests.AssertNullableMappingWorksFor[TSource,TTarget](IObjectMapperAdapter mapper, TSource sourceValue, TTarget expectedValue, TTarget targetValue) in [removed]\2_NullableTests.cs:line 67
   at FeatureTests.On.ObjectMappers.NullableTests.NullableInt32ToNullableInt64(IObjectMapperAdapter mapper) in [removed]\2_NullableTests.cs:line 31">fail</span>
        </td>
    </tr>
    <tr>
      <td class="row-name"><span>(int?)null ⇒ (object)null</span></td>
        <td class="success">
pass        </td>
        <td class="failure">
            <span title="Xunit.Sdk.EqualException: Assert.Equal() Failure
Expected: (null)
Actual:   not set
   at Xunit.Assert.Equal[T](T expected, T actual, IEqualityComparer`1 comparer)
   at Xunit.Assert.Equal[T](T expected, T actual)
   at FeatureTests.On.ObjectMappers.NullableTests.AssertNullableMappingWorksFor[TSource,TTarget](IObjectMapperAdapter mapper, TSource sourceValue, TTarget expectedValue, TTarget targetValue) in [removed]\2_NullableTests.cs:line 67
   at FeatureTests.On.ObjectMappers.NullableTests.NullNullableInt32ToNullObject(IObjectMapperAdapter mapper) in [removed]\2_NullableTests.cs:line 37">fail</span>
        </td>
        <td class="success">
pass        </td>
        <td class="failure">
            <span title="Xunit.Sdk.EqualException: Assert.Equal() Failure
Expected: (null)
Actual:   not set
   at Xunit.Assert.Equal[T](T expected, T actual, IEqualityComparer`1 comparer)
   at Xunit.Assert.Equal[T](T expected, T actual)
   at FeatureTests.On.ObjectMappers.NullableTests.AssertNullableMappingWorksFor[TSource,TTarget](IObjectMapperAdapter mapper, TSource sourceValue, TTarget expectedValue, TTarget targetValue) in [removed]\2_NullableTests.cs:line 67
   at FeatureTests.On.ObjectMappers.NullableTests.NullNullableInt32ToNullObject(IObjectMapperAdapter mapper) in [removed]\2_NullableTests.cs:line 37">fail</span>
        </td>
        <td class="success">
pass        </td>
        <td class="failure">
            <span title="Xunit.Sdk.EqualException: Assert.Equal() Failure
Expected: (null)
Actual:   not set
   at Xunit.Assert.Equal[T](T expected, T actual, IEqualityComparer`1 comparer)
   at Xunit.Assert.Equal[T](T expected, T actual)
   at FeatureTests.On.ObjectMappers.NullableTests.AssertNullableMappingWorksFor[TSource,TTarget](IObjectMapperAdapter mapper, TSource sourceValue, TTarget expectedValue, TTarget targetValue) in [removed]\2_NullableTests.cs:line 67
   at FeatureTests.On.ObjectMappers.NullableTests.NullNullableInt32ToNullObject(IObjectMapperAdapter mapper) in [removed]\2_NullableTests.cs:line 37">fail</span>
        </td>
    </tr>
    <tr>
      <td class="row-name"><span>(object)null ⇒ (int?)null</span></td>
        <td class="success">
pass        </td>
        <td class="failure">
            <span title="Xunit.Sdk.EqualException: Assert.Equal() Failure
Expected: (null)
Actual:   1
   at Xunit.Assert.Equal[T](T expected, T actual, IEqualityComparer`1 comparer)
   at Xunit.Assert.Equal[T](T expected, T actual)
   at FeatureTests.On.ObjectMappers.NullableTests.AssertNullableMappingWorksFor[TSource,TTarget](IObjectMapperAdapter mapper, TSource sourceValue, TTarget expectedValue, TTarget targetValue) in [removed]\2_NullableTests.cs:line 67
   at FeatureTests.On.ObjectMappers.NullableTests.NullObjectToNullNullableInt32(IObjectMapperAdapter mapper) in [removed]\2_NullableTests.cs:line 43">fail</span>
        </td>
        <td class="success">
pass        </td>
        <td class="failure">
            <span title="Xunit.Sdk.EqualException: Assert.Equal() Failure
Expected: (null)
Actual:   1
   at Xunit.Assert.Equal[T](T expected, T actual, IEqualityComparer`1 comparer)
   at Xunit.Assert.Equal[T](T expected, T actual)
   at FeatureTests.On.ObjectMappers.NullableTests.AssertNullableMappingWorksFor[TSource,TTarget](IObjectMapperAdapter mapper, TSource sourceValue, TTarget expectedValue, TTarget targetValue) in [removed]\2_NullableTests.cs:line 67
   at FeatureTests.On.ObjectMappers.NullableTests.NullObjectToNullNullableInt32(IObjectMapperAdapter mapper) in [removed]\2_NullableTests.cs:line 43">fail</span>
        </td>
        <td class="success">
pass        </td>
        <td class="failure">
            <span title="Xunit.Sdk.EqualException: Assert.Equal() Failure
Expected: (null)
Actual:   1
   at Xunit.Assert.Equal[T](T expected, T actual, IEqualityComparer`1 comparer)
   at Xunit.Assert.Equal[T](T expected, T actual)
   at FeatureTests.On.ObjectMappers.NullableTests.AssertNullableMappingWorksFor[TSource,TTarget](IObjectMapperAdapter mapper, TSource sourceValue, TTarget expectedValue, TTarget targetValue) in [removed]\2_NullableTests.cs:line 67
   at FeatureTests.On.ObjectMappers.NullableTests.NullObjectToNullNullableInt32(IObjectMapperAdapter mapper) in [removed]\2_NullableTests.cs:line 43">fail</span>
        </td>
    </tr>
    <tr>
      <td class="row-name"><span>DateTime ⇒ DateTimeOffset?</span></td>
        <td class="failure">
            <span title="AutoMapper.AutoMapperMappingException: 

Mapping types:
DateTime -&amp;gt; Nullable`1
System.DateTime -&amp;gt; System.Nullable`1[[System.DateTimeOffset, mscorlib, Version=4.0.0.0, Culture=neutral, PublicKeyToken=b77a5c561934e089]]

Destination path:
Wrapper`1.Value.Value

Source value:
15.01.2014 23:11:27 ---&amp;gt; System.ArgumentException: Object of type &amp;#39;System.DateTime&amp;#39; cannot be converted to type &amp;#39;System.Nullable`1[System.DateTimeOffset]&amp;#39;.
   at System.RuntimeType.TryChangeType(Object value, Binder binder, CultureInfo culture, Boolean needsSpecialCast)
   at System.RuntimeType.CheckValue(Object value, Binder binder, CultureInfo culture, BindingFlags invokeAttr)
   at System.Reflection.MethodBase.CheckArguments(Object[] parameters, Binder binder, BindingFlags invokeAttr, CultureInfo culture, Signature sig)
   at System.Reflection.RuntimeMethodInfo.InvokeArgumentsCheck(Object obj, BindingFlags invokeAttr, Binder binder, Object[] parameters, CultureInfo culture)
   at System.Reflection.RuntimeMethodInfo.Invoke(Object obj, BindingFlags invokeAttr, Binder binder, Object[] parameters, CultureInfo culture)
   at System.Reflection.RuntimePropertyInfo.SetValue(Object obj, Object value, BindingFlags invokeAttr, Binder binder, Object[] index, CultureInfo culture)
   at System.Reflection.RuntimePropertyInfo.SetValue(Object obj, Object value, Object[] index)
   at AutoMapper.DelegateFactory.&amp;lt;&amp;gt;c__DisplayClass4.&amp;lt;CreateSet&amp;gt;b__3(Object target, Object value)
   at AutoMapper.Impl.PropertyAccessor.SetValue(Object destination, Object value)
   at AutoMapper.Mappers.TypeMapObjectMapperRegistry.PropertyMapMappingStrategy.AssignValue(PropertyMap propertyMap, Object mappedObject, Object propertyValueToAssign)
   at AutoMapper.Mappers.TypeMapObjectMapperRegistry.PropertyMapMappingStrategy.MapPropertyValue(ResolutionContext context, IMappingEngineRunner mapper, Object mappedObject, PropertyMap propertyMap)
   --- End of inner exception stack trace ---
   at AutoMapper.Mappers.TypeMapObjectMapperRegistry.PropertyMapMappingStrategy.MapPropertyValue(ResolutionContext context, IMappingEngineRunner mapper, Object mappedObject, PropertyMap propertyMap)
   at AutoMapper.Mappers.TypeMapObjectMapperRegistry.PropertyMapMappingStrategy.Map(ResolutionContext context, IMappingEngineRunner mapper)
   at AutoMapper.Mappers.TypeMapMapper.Map(ResolutionContext context, IMappingEngineRunner mapper)
   at AutoMapper.MappingEngine.AutoMapper.IMappingEngineRunner.Map(ResolutionContext context)
   at AutoMapper.MappingEngine.Map(Object source, Type sourceType, Type destinationType, Action`1 opts)
   at AutoMapper.MappingEngine.Map[TDestination](Object source, Action`1 opts)
   at AutoMapper.MappingEngine.Map[TDestination](Object source)
   at FeatureTests.On.ObjectMappers.Adapters.AutoMapperAdapter.Map[TTarget](Object source) in [removed]\AutoMapperAdapter.cs:line 26
   at FeatureTests.On.ObjectMappers.NullableTests.AssertNullableMappingWorksFor[TSource,TTarget](IObjectMapperAdapter mapper, TSource sourceValue, TTarget expectedValue, TTarget targetValue) in [removed]\2_NullableTests.cs:line 66
   at FeatureTests.On.ObjectMappers.NullableTests.DateTimeToNullableDateTimeOffset(IObjectMapperAdapter mapper) in [removed]\2_NullableTests.cs:line 50">fail</span>
        </td>
        <td class="failure">
            <span title="Xunit.Sdk.EqualException: Assert.Equal() Failure
Expected: 15.01.2014 23:11:27 +13:00
Actual:   (null)
   at Xunit.Assert.Equal[T](T expected, T actual, IEqualityComparer`1 comparer)
   at Xunit.Assert.Equal[T](T expected, T actual)
   at FeatureTests.On.ObjectMappers.NullableTests.AssertNullableMappingWorksFor[TSource,TTarget](IObjectMapperAdapter mapper, TSource sourceValue, TTarget expectedValue, TTarget targetValue) in [removed]\2_NullableTests.cs:line 67
   at FeatureTests.On.ObjectMappers.NullableTests.DateTimeToNullableDateTimeOffset(IObjectMapperAdapter mapper) in [removed]\2_NullableTests.cs:line 50">fail</span>
        </td>
        <td class="failure">
            <span title="Xunit.Sdk.EqualException: Assert.Equal() Failure
Expected: 15.01.2014 23:11:27 +13:00
Actual:   01.01.0001 0:00:00 +00:00
   at Xunit.Assert.Equal[T](T expected, T actual, IEqualityComparer`1 comparer)
   at Xunit.Assert.Equal[T](T expected, T actual)
   at FeatureTests.On.ObjectMappers.NullableTests.AssertNullableMappingWorksFor[TSource,TTarget](IObjectMapperAdapter mapper, TSource sourceValue, TTarget expectedValue, TTarget targetValue) in [removed]\2_NullableTests.cs:line 67
   at FeatureTests.On.ObjectMappers.NullableTests.DateTimeToNullableDateTimeOffset(IObjectMapperAdapter mapper) in [removed]\2_NullableTests.cs:line 50">fail</span>
        </td>
        <td class="failure">
            <span title="System.TypeInitializationException: The type initializer for &amp;#39;Grax.fFastMapper.fFastMapperInternal`2&amp;#39; threw an exception. ---&amp;gt; System.TypeInitializationException: The type initializer for &amp;#39;Grax.fFastMapper.fFastMapperInternal`2&amp;#39; threw an exception. ---&amp;gt; System.ArgumentException: Expression of type &amp;#39;System.Nullable`1[System.DateTimeOffset]&amp;#39; cannot be used for assignment to type &amp;#39;System.DateTime&amp;#39;
   at System.Linq.Expressions.Expression.Assign(Expression left, Expression right)
   at Grax.fFastMapper.fFastMapperInternal`2.CompileMapper()
   at Grax.fFastMapper.fFastMapperInternal`2.AddDefaultMappings(Boolean callReverse, Boolean quitSilentlyIfMappingStarted)
   at Grax.fFastMapper.fFastMapperInternal`2..cctor()
   --- End of inner exception stack trace ---
   at Grax.fFastMapper.fFastMapperInternal`2.AddDefaultMappings(Boolean callReverse, Boolean quitSilentlyIfMappingStarted)
   at Grax.fFastMapper.fFastMapperInternal`2.AddDefaultMappings(Boolean callReverse, Boolean quitSilentlyIfMappingStarted)
   at Grax.fFastMapper.fFastMapperInternal`2..cctor()
   --- End of inner exception stack trace ---
   at Grax.fFastMapper.fFastMapperInternal`2.get_fFastMapFluent()
   at Grax.fFastMapper.fFastMap.Map[TFrom,TTo](TFrom from, TTo to)
   at lambda_method(Closure )
   at FeatureTests.Shared.GenericApiSupport.GenericHelper.RewriteAndInvoke[TResult](Expression`1 call, Type[] genericArguments) in [removed]\GenericHelper.cs:line 17
   at FeatureTests.On.ObjectMappers.Adapters.fFastMapperAdapter.Map(Object source, Object target) in [removed]\fFastMapperAdapter.cs:line 21
   at FeatureTests.On.ObjectMappers.Adapters.fFastMapperAdapter.Map[TTarget](Object source) in [removed]\fFastMapperAdapter.cs:line 16
   at FeatureTests.On.ObjectMappers.NullableTests.AssertNullableMappingWorksFor[TSource,TTarget](IObjectMapperAdapter mapper, TSource sourceValue, TTarget expectedValue, TTarget targetValue) in [removed]\2_NullableTests.cs:line 66
   at FeatureTests.On.ObjectMappers.NullableTests.DateTimeToNullableDateTimeOffset(IObjectMapperAdapter mapper) in [removed]\2_NullableTests.cs:line 50">fail</span>
        </td>
        <td class="success">
pass        </td>
        <td class="failure">
            <span title="Xunit.Sdk.EqualException: Assert.Equal() Failure
Expected: 15.01.2014 23:11:27 +13:00
Actual:   (null)
   at Xunit.Assert.Equal[T](T expected, T actual, IEqualityComparer`1 comparer)
   at Xunit.Assert.Equal[T](T expected, T actual)
   at FeatureTests.On.ObjectMappers.NullableTests.AssertNullableMappingWorksFor[TSource,TTarget](IObjectMapperAdapter mapper, TSource sourceValue, TTarget expectedValue, TTarget targetValue) in [removed]\2_NullableTests.cs:line 67
   at FeatureTests.On.ObjectMappers.NullableTests.DateTimeToNullableDateTimeOffset(IObjectMapperAdapter mapper) in [removed]\2_NullableTests.cs:line 50">fail</span>
        </td>
    </tr>
    <tr>
      <td class="row-name"><span>DateTime? ⇒ DateTimeOffset?</span></td>
        <td class="failure">
            <span title="AutoMapper.AutoMapperMappingException: 

Mapping types:
DateTime -&amp;gt; Nullable`1
System.DateTime -&amp;gt; System.Nullable`1[[System.DateTimeOffset, mscorlib, Version=4.0.0.0, Culture=neutral, PublicKeyToken=b77a5c561934e089]]

Destination path:
Wrapper`1.Value.Value

Source value:
15.01.2014 23:11:27 ---&amp;gt; System.ArgumentException: Object of type &amp;#39;System.DateTime&amp;#39; cannot be converted to type &amp;#39;System.Nullable`1[System.DateTimeOffset]&amp;#39;.
   at System.RuntimeType.TryChangeType(Object value, Binder binder, CultureInfo culture, Boolean needsSpecialCast)
   at System.RuntimeType.CheckValue(Object value, Binder binder, CultureInfo culture, BindingFlags invokeAttr)
   at System.Reflection.MethodBase.CheckArguments(Object[] parameters, Binder binder, BindingFlags invokeAttr, CultureInfo culture, Signature sig)
   at System.Reflection.RuntimeMethodInfo.InvokeArgumentsCheck(Object obj, BindingFlags invokeAttr, Binder binder, Object[] parameters, CultureInfo culture)
   at System.Reflection.RuntimeMethodInfo.Invoke(Object obj, BindingFlags invokeAttr, Binder binder, Object[] parameters, CultureInfo culture)
   at System.Reflection.RuntimePropertyInfo.SetValue(Object obj, Object value, BindingFlags invokeAttr, Binder binder, Object[] index, CultureInfo culture)
   at System.Reflection.RuntimePropertyInfo.SetValue(Object obj, Object value, Object[] index)
   at AutoMapper.DelegateFactory.&amp;lt;&amp;gt;c__DisplayClass4.&amp;lt;CreateSet&amp;gt;b__3(Object target, Object value)
   at AutoMapper.Impl.PropertyAccessor.SetValue(Object destination, Object value)
   at AutoMapper.Mappers.TypeMapObjectMapperRegistry.PropertyMapMappingStrategy.AssignValue(PropertyMap propertyMap, Object mappedObject, Object propertyValueToAssign)
   at AutoMapper.Mappers.TypeMapObjectMapperRegistry.PropertyMapMappingStrategy.MapPropertyValue(ResolutionContext context, IMappingEngineRunner mapper, Object mappedObject, PropertyMap propertyMap)
   --- End of inner exception stack trace ---
   at AutoMapper.Mappers.TypeMapObjectMapperRegistry.PropertyMapMappingStrategy.MapPropertyValue(ResolutionContext context, IMappingEngineRunner mapper, Object mappedObject, PropertyMap propertyMap)
   at AutoMapper.Mappers.TypeMapObjectMapperRegistry.PropertyMapMappingStrategy.Map(ResolutionContext context, IMappingEngineRunner mapper)
   at AutoMapper.Mappers.TypeMapMapper.Map(ResolutionContext context, IMappingEngineRunner mapper)
   at AutoMapper.MappingEngine.AutoMapper.IMappingEngineRunner.Map(ResolutionContext context)
   at AutoMapper.MappingEngine.Map(Object source, Type sourceType, Type destinationType, Action`1 opts)
   at AutoMapper.MappingEngine.Map[TDestination](Object source, Action`1 opts)
   at AutoMapper.MappingEngine.Map[TDestination](Object source)
   at FeatureTests.On.ObjectMappers.Adapters.AutoMapperAdapter.Map[TTarget](Object source) in [removed]\AutoMapperAdapter.cs:line 26
   at FeatureTests.On.ObjectMappers.NullableTests.AssertNullableMappingWorksFor[TSource,TTarget](IObjectMapperAdapter mapper, TSource sourceValue, TTarget expectedValue, TTarget targetValue) in [removed]\2_NullableTests.cs:line 66
   at FeatureTests.On.ObjectMappers.NullableTests.NullableDateTimeToNullableDateTimeOffset(IObjectMapperAdapter mapper) in [removed]\2_NullableTests.cs:line 57">fail</span>
        </td>
        <td class="failure">
            <span title="Xunit.Sdk.EqualException: Assert.Equal() Failure
Expected: 15.01.2014 23:11:27 +13:00
Actual:   (null)
   at Xunit.Assert.Equal[T](T expected, T actual, IEqualityComparer`1 comparer)
   at Xunit.Assert.Equal[T](T expected, T actual)
   at FeatureTests.On.ObjectMappers.NullableTests.AssertNullableMappingWorksFor[TSource,TTarget](IObjectMapperAdapter mapper, TSource sourceValue, TTarget expectedValue, TTarget targetValue) in [removed]\2_NullableTests.cs:line 67
   at FeatureTests.On.ObjectMappers.NullableTests.NullableDateTimeToNullableDateTimeOffset(IObjectMapperAdapter mapper) in [removed]\2_NullableTests.cs:line 57">fail</span>
        </td>
        <td class="failure">
            <span title="Xunit.Sdk.EqualException: Assert.Equal() Failure
Expected: 15.01.2014 23:11:27 +13:00
Actual:   01.01.0001 0:00:00 +00:00
   at Xunit.Assert.Equal[T](T expected, T actual, IEqualityComparer`1 comparer)
   at Xunit.Assert.Equal[T](T expected, T actual)
   at FeatureTests.On.ObjectMappers.NullableTests.AssertNullableMappingWorksFor[TSource,TTarget](IObjectMapperAdapter mapper, TSource sourceValue, TTarget expectedValue, TTarget targetValue) in [removed]\2_NullableTests.cs:line 67
   at FeatureTests.On.ObjectMappers.NullableTests.NullableDateTimeToNullableDateTimeOffset(IObjectMapperAdapter mapper) in [removed]\2_NullableTests.cs:line 57">fail</span>
        </td>
        <td class="failure">
            <span title="System.TypeInitializationException: The type initializer for &amp;#39;Grax.fFastMapper.fFastMapperInternal`2&amp;#39; threw an exception. ---&amp;gt; System.TypeInitializationException: The type initializer for &amp;#39;Grax.fFastMapper.fFastMapperInternal`2&amp;#39; threw an exception. ---&amp;gt; System.ArgumentException: Expression of type &amp;#39;System.Nullable`1[System.DateTimeOffset]&amp;#39; cannot be used for assignment to type &amp;#39;System.Nullable`1[System.DateTime]&amp;#39;
   at System.Linq.Expressions.Expression.Assign(Expression left, Expression right)
   at Grax.fFastMapper.fFastMapperInternal`2.CompileMapper()
   at Grax.fFastMapper.fFastMapperInternal`2.AddDefaultMappings(Boolean callReverse, Boolean quitSilentlyIfMappingStarted)
   at Grax.fFastMapper.fFastMapperInternal`2..cctor()
   --- End of inner exception stack trace ---
   at Grax.fFastMapper.fFastMapperInternal`2.AddDefaultMappings(Boolean callReverse, Boolean quitSilentlyIfMappingStarted)
   at Grax.fFastMapper.fFastMapperInternal`2.AddDefaultMappings(Boolean callReverse, Boolean quitSilentlyIfMappingStarted)
   at Grax.fFastMapper.fFastMapperInternal`2..cctor()
   --- End of inner exception stack trace ---
   at Grax.fFastMapper.fFastMapperInternal`2.get_fFastMapFluent()
   at Grax.fFastMapper.fFastMap.Map[TFrom,TTo](TFrom from, TTo to)
   at lambda_method(Closure )
   at FeatureTests.Shared.GenericApiSupport.GenericHelper.RewriteAndInvoke[TResult](Expression`1 call, Type[] genericArguments) in [removed]\GenericHelper.cs:line 17
   at FeatureTests.On.ObjectMappers.Adapters.fFastMapperAdapter.Map(Object source, Object target) in [removed]\fFastMapperAdapter.cs:line 21
   at FeatureTests.On.ObjectMappers.Adapters.fFastMapperAdapter.Map[TTarget](Object source) in [removed]\fFastMapperAdapter.cs:line 16
   at FeatureTests.On.ObjectMappers.NullableTests.AssertNullableMappingWorksFor[TSource,TTarget](IObjectMapperAdapter mapper, TSource sourceValue, TTarget expectedValue, TTarget targetValue) in [removed]\2_NullableTests.cs:line 66
   at FeatureTests.On.ObjectMappers.NullableTests.NullableDateTimeToNullableDateTimeOffset(IObjectMapperAdapter mapper) in [removed]\2_NullableTests.cs:line 57">fail</span>
        </td>
        <td class="success">
pass        </td>
        <td class="failure">
            <span title="Xunit.Sdk.EqualException: Assert.Equal() Failure
Expected: 15.01.2014 23:11:27 +13:00
Actual:   (null)
   at Xunit.Assert.Equal[T](T expected, T actual, IEqualityComparer`1 comparer)
   at Xunit.Assert.Equal[T](T expected, T actual)
   at FeatureTests.On.ObjectMappers.NullableTests.AssertNullableMappingWorksFor[TSource,TTarget](IObjectMapperAdapter mapper, TSource sourceValue, TTarget expectedValue, TTarget targetValue) in [removed]\2_NullableTests.cs:line 67
   at FeatureTests.On.ObjectMappers.NullableTests.NullableDateTimeToNullableDateTimeOffset(IObjectMapperAdapter mapper) in [removed]\2_NullableTests.cs:line 57">fail</span>
        </td>
    </tr>
  </table>
</section>
<section>
  <h2 id="Enums">Enums</h2>
  <div class="section-description"><p><em>TODO</em></p>
</div>
        
  <table>
    <tr>
      <th>Name</th>
        <th><span>AutoMapper</span></th>
        <th><span>EasyMapper</span></th>
        <th><span>EmitMapper</span></th>
        <th><span>fFastMapper</span></th>
        <th><span>OoMapper</span></th>
        <th><span>ValueInjecter</span></th>
    </tr>

    <tr>
      <td class="row-name"><span>Enum₁ ⇒ Enum₂ (same name)</span></td>
        <td class="success">
pass        </td>
        <td class="success">
pass        </td>
        <td class="failure">
            <span title="Xunit.Sdk.EqualException: Assert.Equal() Failure
Expected: Default
Actual:   -10
   at Xunit.Assert.Equal[T](T expected, T actual, IEqualityComparer`1 comparer)
   at Xunit.Assert.Equal[T](T expected, T actual)
   at FeatureTests.On.ObjectMappers.EnumTests.AssertEnumMappingWorksFor[TSource,TTarget](IObjectMapperAdapter mapper, TSource sourceValue, TTarget expectedValue) in [removed]\3_EnumTests.cs:line 50
   at FeatureTests.On.ObjectMappers.EnumTests.EnumToEnumSameItemName(IObjectMapperAdapter mapper) in [removed]\3_EnumTests.cs:line 18">fail</span>
        </td>
        <td class="failure">
            <span title="System.TypeInitializationException: The type initializer for &amp;#39;Grax.fFastMapper.fFastMapperInternal`2&amp;#39; threw an exception. ---&amp;gt; System.TypeInitializationException: The type initializer for &amp;#39;Grax.fFastMapper.fFastMapperInternal`2&amp;#39; threw an exception. ---&amp;gt; System.ArgumentException: Expression of type &amp;#39;FeatureTests.On.ObjectMappers.TestTypes.Enum2&amp;#39; cannot be used for assignment to type &amp;#39;FeatureTests.On.ObjectMappers.TestTypes.Enum1&amp;#39;
   at System.Linq.Expressions.Expression.Assign(Expression left, Expression right)
   at Grax.fFastMapper.fFastMapperInternal`2.CompileMapper()
   at Grax.fFastMapper.fFastMapperInternal`2.AddDefaultMappings(Boolean callReverse, Boolean quitSilentlyIfMappingStarted)
   at Grax.fFastMapper.fFastMapperInternal`2..cctor()
   --- End of inner exception stack trace ---
   at Grax.fFastMapper.fFastMapperInternal`2.AddDefaultMappings(Boolean callReverse, Boolean quitSilentlyIfMappingStarted)
   at Grax.fFastMapper.fFastMapperInternal`2.AddDefaultMappings(Boolean callReverse, Boolean quitSilentlyIfMappingStarted)
   at Grax.fFastMapper.fFastMapperInternal`2..cctor()
   --- End of inner exception stack trace ---
   at Grax.fFastMapper.fFastMapperInternal`2.get_fFastMapFluent()
   at Grax.fFastMapper.fFastMap.Map[TFrom,TTo](TFrom from, TTo to)
   at lambda_method(Closure )
   at FeatureTests.Shared.GenericApiSupport.GenericHelper.RewriteAndInvoke[TResult](Expression`1 call, Type[] genericArguments) in [removed]\GenericHelper.cs:line 17
   at FeatureTests.On.ObjectMappers.Adapters.fFastMapperAdapter.Map(Object source, Object target) in [removed]\fFastMapperAdapter.cs:line 21
   at FeatureTests.On.ObjectMappers.Adapters.fFastMapperAdapter.Map[TTarget](Object source) in [removed]\fFastMapperAdapter.cs:line 16
   at FeatureTests.On.ObjectMappers.EnumTests.AssertEnumMappingWorksFor[TSource,TTarget](IObjectMapperAdapter mapper, TSource sourceValue, TTarget expectedValue) in [removed]\3_EnumTests.cs:line 49
   at FeatureTests.On.ObjectMappers.EnumTests.EnumToEnumSameItemName(IObjectMapperAdapter mapper) in [removed]\3_EnumTests.cs:line 18">fail</span>
        </td>
        <td class="failure">
            <span title="Xunit.Sdk.EqualException: Assert.Equal() Failure
Expected: Default
Actual:   -10
   at Xunit.Assert.Equal[T](T expected, T actual, IEqualityComparer`1 comparer)
   at Xunit.Assert.Equal[T](T expected, T actual)
   at FeatureTests.On.ObjectMappers.EnumTests.AssertEnumMappingWorksFor[TSource,TTarget](IObjectMapperAdapter mapper, TSource sourceValue, TTarget expectedValue) in [removed]\3_EnumTests.cs:line 50
   at FeatureTests.On.ObjectMappers.EnumTests.EnumToEnumSameItemName(IObjectMapperAdapter mapper) in [removed]\3_EnumTests.cs:line 18">fail</span>
        </td>
        <td class="success">
pass        </td>
    </tr>
    <tr>
      <td class="row-name"><span>Enum₁ ⇒ Enum₂ (flags)</span></td>
        <td class="success">
pass        </td>
        <td class="failure">
            <span title="Xunit.Sdk.EqualException: Assert.Equal() Failure
Expected: First, Second
Actual:   0
   at Xunit.Assert.Equal[T](T expected, T actual, IEqualityComparer`1 comparer)
   at Xunit.Assert.Equal[T](T expected, T actual)
   at FeatureTests.On.ObjectMappers.EnumTests.AssertEnumMappingWorksFor[TSource,TTarget](IObjectMapperAdapter mapper, TSource sourceValue, TTarget expectedValue) in [removed]\3_EnumTests.cs:line 50
   at FeatureTests.On.ObjectMappers.EnumTests.EnumToEnumFlags(IObjectMapperAdapter mapper) in [removed]\3_EnumTests.cs:line 24">fail</span>
        </td>
        <td class="failure">
            <span title="Xunit.Sdk.EqualException: Assert.Equal() Failure
Expected: First, Second
Actual:   3
   at Xunit.Assert.Equal[T](T expected, T actual, IEqualityComparer`1 comparer)
   at Xunit.Assert.Equal[T](T expected, T actual)
   at FeatureTests.On.ObjectMappers.EnumTests.AssertEnumMappingWorksFor[TSource,TTarget](IObjectMapperAdapter mapper, TSource sourceValue, TTarget expectedValue) in [removed]\3_EnumTests.cs:line 50
   at FeatureTests.On.ObjectMappers.EnumTests.EnumToEnumFlags(IObjectMapperAdapter mapper) in [removed]\3_EnumTests.cs:line 24">fail</span>
        </td>
        <td class="failure">
            <span title="System.TypeInitializationException: The type initializer for &amp;#39;Grax.fFastMapper.fFastMapperInternal`2&amp;#39; threw an exception. ---&amp;gt; System.TypeInitializationException: The type initializer for &amp;#39;Grax.fFastMapper.fFastMapperInternal`2&amp;#39; threw an exception. ---&amp;gt; System.ArgumentException: Expression of type &amp;#39;FeatureTests.On.ObjectMappers.TestTypes.FlagsEnum2&amp;#39; cannot be used for assignment to type &amp;#39;FeatureTests.On.ObjectMappers.TestTypes.FlagsEnum1&amp;#39;
   at System.Linq.Expressions.Expression.Assign(Expression left, Expression right)
   at Grax.fFastMapper.fFastMapperInternal`2.CompileMapper()
   at Grax.fFastMapper.fFastMapperInternal`2.AddDefaultMappings(Boolean callReverse, Boolean quitSilentlyIfMappingStarted)
   at Grax.fFastMapper.fFastMapperInternal`2..cctor()
   --- End of inner exception stack trace ---
   at Grax.fFastMapper.fFastMapperInternal`2.AddDefaultMappings(Boolean callReverse, Boolean quitSilentlyIfMappingStarted)
   at Grax.fFastMapper.fFastMapperInternal`2.AddDefaultMappings(Boolean callReverse, Boolean quitSilentlyIfMappingStarted)
   at Grax.fFastMapper.fFastMapperInternal`2..cctor()
   --- End of inner exception stack trace ---
   at Grax.fFastMapper.fFastMapperInternal`2.get_fFastMapFluent()
   at Grax.fFastMapper.fFastMap.Map[TFrom,TTo](TFrom from, TTo to)
   at lambda_method(Closure )
   at FeatureTests.Shared.GenericApiSupport.GenericHelper.RewriteAndInvoke[TResult](Expression`1 call, Type[] genericArguments) in [removed]\GenericHelper.cs:line 17
   at FeatureTests.On.ObjectMappers.Adapters.fFastMapperAdapter.Map(Object source, Object target) in [removed]\fFastMapperAdapter.cs:line 21
   at FeatureTests.On.ObjectMappers.Adapters.fFastMapperAdapter.Map[TTarget](Object source) in [removed]\fFastMapperAdapter.cs:line 16
   at FeatureTests.On.ObjectMappers.EnumTests.AssertEnumMappingWorksFor[TSource,TTarget](IObjectMapperAdapter mapper, TSource sourceValue, TTarget expectedValue) in [removed]\3_EnumTests.cs:line 49
   at FeatureTests.On.ObjectMappers.EnumTests.EnumToEnumFlags(IObjectMapperAdapter mapper) in [removed]\3_EnumTests.cs:line 24">fail</span>
        </td>
        <td class="failure">
            <span title="Xunit.Sdk.EqualException: Assert.Equal() Failure
Expected: First, Second
Actual:   3
   at Xunit.Assert.Equal[T](T expected, T actual, IEqualityComparer`1 comparer)
   at Xunit.Assert.Equal[T](T expected, T actual)
   at FeatureTests.On.ObjectMappers.EnumTests.AssertEnumMappingWorksFor[TSource,TTarget](IObjectMapperAdapter mapper, TSource sourceValue, TTarget expectedValue) in [removed]\3_EnumTests.cs:line 50
   at FeatureTests.On.ObjectMappers.EnumTests.EnumToEnumFlags(IObjectMapperAdapter mapper) in [removed]\3_EnumTests.cs:line 24">fail</span>
        </td>
        <td class="failure">
            <span title="Xunit.Sdk.EqualException: Assert.Equal() Failure
Expected: First, Second
Actual:   0
   at Xunit.Assert.Equal[T](T expected, T actual, IEqualityComparer`1 comparer)
   at Xunit.Assert.Equal[T](T expected, T actual)
   at FeatureTests.On.ObjectMappers.EnumTests.AssertEnumMappingWorksFor[TSource,TTarget](IObjectMapperAdapter mapper, TSource sourceValue, TTarget expectedValue) in [removed]\3_EnumTests.cs:line 50
   at FeatureTests.On.ObjectMappers.EnumTests.EnumToEnumFlags(IObjectMapperAdapter mapper) in [removed]\3_EnumTests.cs:line 24">fail</span>
        </td>
    </tr>
    <tr>
      <td class="row-name"><span>Enum₁:long ⇒ Enum₂:int</span></td>
        <td class="success">
pass        </td>
        <td class="success">
pass        </td>
        <td class="failure">
            <span title="Xunit.Sdk.EqualException: Assert.Equal() Failure
Expected: Default
Actual:   10
   at Xunit.Assert.Equal[T](T expected, T actual, IEqualityComparer`1 comparer)
   at Xunit.Assert.Equal[T](T expected, T actual)
   at FeatureTests.On.ObjectMappers.EnumTests.AssertEnumMappingWorksFor[TSource,TTarget](IObjectMapperAdapter mapper, TSource sourceValue, TTarget expectedValue) in [removed]\3_EnumTests.cs:line 50
   at FeatureTests.On.ObjectMappers.EnumTests.EnumInt64ToEnumInt32(IObjectMapperAdapter mapper) in [removed]\3_EnumTests.cs:line 30">fail</span>
        </td>
        <td class="failure">
            <span title="System.TypeInitializationException: The type initializer for &amp;#39;Grax.fFastMapper.fFastMapperInternal`2&amp;#39; threw an exception. ---&amp;gt; System.TypeInitializationException: The type initializer for &amp;#39;Grax.fFastMapper.fFastMapperInternal`2&amp;#39; threw an exception. ---&amp;gt; System.ArgumentException: Expression of type &amp;#39;FeatureTests.On.ObjectMappers.TestTypes.Enum2&amp;#39; cannot be used for assignment to type &amp;#39;FeatureTests.On.ObjectMappers.TestTypes.EnumBasedOnLong&amp;#39;
   at System.Linq.Expressions.Expression.Assign(Expression left, Expression right)
   at Grax.fFastMapper.fFastMapperInternal`2.CompileMapper()
   at Grax.fFastMapper.fFastMapperInternal`2.AddDefaultMappings(Boolean callReverse, Boolean quitSilentlyIfMappingStarted)
   at Grax.fFastMapper.fFastMapperInternal`2..cctor()
   --- End of inner exception stack trace ---
   at Grax.fFastMapper.fFastMapperInternal`2.AddDefaultMappings(Boolean callReverse, Boolean quitSilentlyIfMappingStarted)
   at Grax.fFastMapper.fFastMapperInternal`2.AddDefaultMappings(Boolean callReverse, Boolean quitSilentlyIfMappingStarted)
   at Grax.fFastMapper.fFastMapperInternal`2..cctor()
   --- End of inner exception stack trace ---
   at Grax.fFastMapper.fFastMapperInternal`2.get_fFastMapFluent()
   at Grax.fFastMapper.fFastMap.Map[TFrom,TTo](TFrom from, TTo to)
   at lambda_method(Closure )
   at FeatureTests.Shared.GenericApiSupport.GenericHelper.RewriteAndInvoke[TResult](Expression`1 call, Type[] genericArguments) in [removed]\GenericHelper.cs:line 17
   at FeatureTests.On.ObjectMappers.Adapters.fFastMapperAdapter.Map(Object source, Object target) in [removed]\fFastMapperAdapter.cs:line 21
   at FeatureTests.On.ObjectMappers.Adapters.fFastMapperAdapter.Map[TTarget](Object source) in [removed]\fFastMapperAdapter.cs:line 16
   at FeatureTests.On.ObjectMappers.EnumTests.AssertEnumMappingWorksFor[TSource,TTarget](IObjectMapperAdapter mapper, TSource sourceValue, TTarget expectedValue) in [removed]\3_EnumTests.cs:line 49
   at FeatureTests.On.ObjectMappers.EnumTests.EnumInt64ToEnumInt32(IObjectMapperAdapter mapper) in [removed]\3_EnumTests.cs:line 30">fail</span>
        </td>
        <td class="failure">
            <span title="Xunit.Sdk.EqualException: Assert.Equal() Failure
Expected: Default
Actual:   10
   at Xunit.Assert.Equal[T](T expected, T actual, IEqualityComparer`1 comparer)
   at Xunit.Assert.Equal[T](T expected, T actual)
   at FeatureTests.On.ObjectMappers.EnumTests.AssertEnumMappingWorksFor[TSource,TTarget](IObjectMapperAdapter mapper, TSource sourceValue, TTarget expectedValue) in [removed]\3_EnumTests.cs:line 50
   at FeatureTests.On.ObjectMappers.EnumTests.EnumInt64ToEnumInt32(IObjectMapperAdapter mapper) in [removed]\3_EnumTests.cs:line 30">fail</span>
        </td>
        <td class="success">
pass        </td>
    </tr>
    <tr>
      <td class="row-name"><span>Enum₁ ⇒ Enum₂?</span></td>
        <td class="success">
pass        </td>
        <td class="failure">
            <span title="Xunit.Sdk.EqualException: Assert.Equal() Failure
Expected: Default
Actual:   (null)
   at Xunit.Assert.Equal[T](T expected, T actual, IEqualityComparer`1 comparer)
   at Xunit.Assert.Equal[T](T expected, T actual)
   at FeatureTests.On.ObjectMappers.EnumTests.AssertEnumMappingWorksFor[TSource,TTarget](IObjectMapperAdapter mapper, TSource sourceValue, TTarget expectedValue) in [removed]\3_EnumTests.cs:line 50
   at FeatureTests.On.ObjectMappers.EnumTests.EnumToNullableEnum(IObjectMapperAdapter mapper) in [removed]\3_EnumTests.cs:line 36">fail</span>
        </td>
        <td class="failure">
            <span title="Xunit.Sdk.EqualException: Assert.Equal() Failure
Expected: Default
Actual:   -10
   at Xunit.Assert.Equal[T](T expected, T actual, IEqualityComparer`1 comparer)
   at Xunit.Assert.Equal[T](T expected, T actual)
   at FeatureTests.On.ObjectMappers.EnumTests.AssertEnumMappingWorksFor[TSource,TTarget](IObjectMapperAdapter mapper, TSource sourceValue, TTarget expectedValue) in [removed]\3_EnumTests.cs:line 50
   at FeatureTests.On.ObjectMappers.EnumTests.EnumToNullableEnum(IObjectMapperAdapter mapper) in [removed]\3_EnumTests.cs:line 36">fail</span>
        </td>
        <td class="failure">
            <span title="System.TypeInitializationException: The type initializer for &amp;#39;Grax.fFastMapper.fFastMapperInternal`2&amp;#39; threw an exception. ---&amp;gt; System.TypeInitializationException: The type initializer for &amp;#39;Grax.fFastMapper.fFastMapperInternal`2&amp;#39; threw an exception. ---&amp;gt; System.ArgumentException: Expression of type &amp;#39;System.Nullable`1[FeatureTests.On.ObjectMappers.TestTypes.Enum2]&amp;#39; cannot be used for assignment to type &amp;#39;FeatureTests.On.ObjectMappers.TestTypes.Enum1&amp;#39;
   at System.Linq.Expressions.Expression.Assign(Expression left, Expression right)
   at Grax.fFastMapper.fFastMapperInternal`2.CompileMapper()
   at Grax.fFastMapper.fFastMapperInternal`2.AddDefaultMappings(Boolean callReverse, Boolean quitSilentlyIfMappingStarted)
   at Grax.fFastMapper.fFastMapperInternal`2..cctor()
   --- End of inner exception stack trace ---
   at Grax.fFastMapper.fFastMapperInternal`2.AddDefaultMappings(Boolean callReverse, Boolean quitSilentlyIfMappingStarted)
   at Grax.fFastMapper.fFastMapperInternal`2.AddDefaultMappings(Boolean callReverse, Boolean quitSilentlyIfMappingStarted)
   at Grax.fFastMapper.fFastMapperInternal`2..cctor()
   --- End of inner exception stack trace ---
   at Grax.fFastMapper.fFastMapperInternal`2.get_fFastMapFluent()
   at Grax.fFastMapper.fFastMap.Map[TFrom,TTo](TFrom from, TTo to)
   at lambda_method(Closure )
   at FeatureTests.Shared.GenericApiSupport.GenericHelper.RewriteAndInvoke[TResult](Expression`1 call, Type[] genericArguments) in [removed]\GenericHelper.cs:line 17
   at FeatureTests.On.ObjectMappers.Adapters.fFastMapperAdapter.Map(Object source, Object target) in [removed]\fFastMapperAdapter.cs:line 21
   at FeatureTests.On.ObjectMappers.Adapters.fFastMapperAdapter.Map[TTarget](Object source) in [removed]\fFastMapperAdapter.cs:line 16
   at FeatureTests.On.ObjectMappers.EnumTests.AssertEnumMappingWorksFor[TSource,TTarget](IObjectMapperAdapter mapper, TSource sourceValue, TTarget expectedValue) in [removed]\3_EnumTests.cs:line 49
   at FeatureTests.On.ObjectMappers.EnumTests.EnumToNullableEnum(IObjectMapperAdapter mapper) in [removed]\3_EnumTests.cs:line 36">fail</span>
        </td>
        <td class="failure">
            <span title="Xunit.Sdk.EqualException: Assert.Equal() Failure
Expected: Default
Actual:   -10
   at Xunit.Assert.Equal[T](T expected, T actual, IEqualityComparer`1 comparer)
   at Xunit.Assert.Equal[T](T expected, T actual)
   at FeatureTests.On.ObjectMappers.EnumTests.AssertEnumMappingWorksFor[TSource,TTarget](IObjectMapperAdapter mapper, TSource sourceValue, TTarget expectedValue) in [removed]\3_EnumTests.cs:line 50
   at FeatureTests.On.ObjectMappers.EnumTests.EnumToNullableEnum(IObjectMapperAdapter mapper) in [removed]\3_EnumTests.cs:line 36">fail</span>
        </td>
        <td class="failure">
            <span title="Xunit.Sdk.EqualException: Assert.Equal() Failure
Expected: Default
Actual:   (null)
   at Xunit.Assert.Equal[T](T expected, T actual, IEqualityComparer`1 comparer)
   at Xunit.Assert.Equal[T](T expected, T actual)
   at FeatureTests.On.ObjectMappers.EnumTests.AssertEnumMappingWorksFor[TSource,TTarget](IObjectMapperAdapter mapper, TSource sourceValue, TTarget expectedValue) in [removed]\3_EnumTests.cs:line 50
   at FeatureTests.On.ObjectMappers.EnumTests.EnumToNullableEnum(IObjectMapperAdapter mapper) in [removed]\3_EnumTests.cs:line 36">fail</span>
        </td>
    </tr>
    <tr>
      <td class="row-name"><span>string ⇒ Enum</span></td>
        <td class="success">
pass        </td>
        <td class="success">
pass        </td>
        <td class="success">
pass        </td>
        <td class="failure">
            <span title="System.TypeInitializationException: The type initializer for &amp;#39;Grax.fFastMapper.fFastMapperInternal`2&amp;#39; threw an exception. ---&amp;gt; System.TypeInitializationException: The type initializer for &amp;#39;Grax.fFastMapper.fFastMapperInternal`2&amp;#39; threw an exception. ---&amp;gt; System.ArgumentException: Expression of type &amp;#39;FeatureTests.On.ObjectMappers.TestTypes.Enum2&amp;#39; cannot be used for assignment to type &amp;#39;System.String&amp;#39;
   at System.Linq.Expressions.Expression.Assign(Expression left, Expression right)
   at Grax.fFastMapper.fFastMapperInternal`2.CompileMapper()
   at Grax.fFastMapper.fFastMapperInternal`2.AddDefaultMappings(Boolean callReverse, Boolean quitSilentlyIfMappingStarted)
   at Grax.fFastMapper.fFastMapperInternal`2..cctor()
   --- End of inner exception stack trace ---
   at Grax.fFastMapper.fFastMapperInternal`2.AddDefaultMappings(Boolean callReverse, Boolean quitSilentlyIfMappingStarted)
   at Grax.fFastMapper.fFastMapperInternal`2.AddDefaultMappings(Boolean callReverse, Boolean quitSilentlyIfMappingStarted)
   at Grax.fFastMapper.fFastMapperInternal`2..cctor()
   --- End of inner exception stack trace ---
   at Grax.fFastMapper.fFastMapperInternal`2.get_fFastMapFluent()
   at Grax.fFastMapper.fFastMap.Map[TFrom,TTo](TFrom from, TTo to)
   at lambda_method(Closure )
   at FeatureTests.Shared.GenericApiSupport.GenericHelper.RewriteAndInvoke[TResult](Expression`1 call, Type[] genericArguments) in [removed]\GenericHelper.cs:line 17
   at FeatureTests.On.ObjectMappers.Adapters.fFastMapperAdapter.Map(Object source, Object target) in [removed]\fFastMapperAdapter.cs:line 21
   at FeatureTests.On.ObjectMappers.Adapters.fFastMapperAdapter.Map[TTarget](Object source) in [removed]\fFastMapperAdapter.cs:line 16
   at FeatureTests.On.ObjectMappers.EnumTests.AssertEnumMappingWorksFor[TSource,TTarget](IObjectMapperAdapter mapper, TSource sourceValue, TTarget expectedValue) in [removed]\3_EnumTests.cs:line 49
   at FeatureTests.On.ObjectMappers.EnumTests.StringToEnum(IObjectMapperAdapter mapper) in [removed]\3_EnumTests.cs:line 42">fail</span>
        </td>
        <td class="failure">
            <span title="System.Collections.Generic.KeyNotFoundException: (System.String, FeatureTests.On.ObjectMappers.TestTypes.Enum2)
   at OoMapper.MappingConfiguration.BuildSource(Expression expression, Type destinationType, IMappingConfiguration cfg) in d:\BuildAgent-03\work\aa8cf99bf5ccb096\src\OoMapper\MappingConfiguration.cs:line 43
   at OoMapper.ConvertSourceMemberResolver.BuildSource(Expression x, Type destinationType, IMappingConfiguration mappingConfiguration) in d:\BuildAgent-03\work\aa8cf99bf5ccb096\src\OoMapper\ConvertSourceMemberResolver.cs:line 10
   at OoMapper.CompositeSourceMemberResolver.BuildSource(Expression x, Type destinationType, IMappingConfiguration mappingConfiguration) in d:\BuildAgent-03\work\aa8cf99bf5ccb096\src\OoMapper\CompositeSourceMemberResolver.cs:line 23
   at OoMapper.PropertyMap.BuildBind(Expression source, IMappingConfiguration configuration) in d:\BuildAgent-03\work\aa8cf99bf5ccb096\src\OoMapper\PropertyMap.cs:line 28
   at OoMapper.NewObjectMapperBuilder.&amp;lt;&amp;gt;c__DisplayClass1.&amp;lt;Build&amp;gt;b__0(PropertyMap m) in d:\BuildAgent-03\work\aa8cf99bf5ccb096\src\OoMapper\NewObjectMapperBuilder.cs:line 13
   at System.Linq.Enumerable.WhereSelectListIterator`2.MoveNext()
   at System.Linq.Buffer`1..ctor(IEnumerable`1 source)
   at System.Linq.Enumerable.ToArray[TSource](IEnumerable`1 source)
   at OoMapper.NewObjectMapperBuilder.Build(TypeMap typeMap, IMappingConfiguration configuration) in d:\BuildAgent-03\work\aa8cf99bf5ccb096\src\OoMapper\NewObjectMapperBuilder.cs:line 12
   at OoMapper.CachedObjectMapperBuilder.&amp;lt;&amp;gt;c__DisplayClass1.&amp;lt;Build&amp;gt;b__0(Tuple`2 k) in d:\BuildAgent-03\work\aa8cf99bf5ccb096\src\OoMapper\CachedObjectMapperBuilder.cs:line 21
   at OoMapper.Cache`2.GetOrAdd(TKey key, Func`2 func) in d:\BuildAgent-03\work\aa8cf99bf5ccb096\src\OoMapper\Cache.cs:line 22
   at OoMapper.CachedObjectMapperBuilder.Build(TypeMap typeMap, IMappingConfiguration configuration) in d:\BuildAgent-03\work\aa8cf99bf5ccb096\src\OoMapper\CachedObjectMapperBuilder.cs:line 21
   at OoMapper.UserConfigurationMapper.BuildSource(Expression expression, Type destinationType, IMappingConfiguration mappingConfiguration) in d:\BuildAgent-03\work\aa8cf99bf5ccb096\src\OoMapper\UserConfigurationMapper.cs:line 35
   at OoMapper.MappingConfiguration.&amp;lt;&amp;gt;c__DisplayClass3.&amp;lt;BuildSource&amp;gt;b__0(ISourceMemberResolver r) in d:\BuildAgent-03\work\aa8cf99bf5ccb096\src\OoMapper\MappingConfiguration.cs:line 37
   at System.Linq.Enumerable.WhereSelectArrayIterator`2.MoveNext()
   at System.Linq.Enumerable.WhereEnumerableIterator`1.MoveNext()
   at OoMapper.MappingConfiguration.BuildSource(Expression expression, Type destinationType, IMappingConfiguration cfg) in d:\BuildAgent-03\work\aa8cf99bf5ccb096\src\OoMapper\MappingConfiguration.cs:line 40
   at OoMapper.ConvertSourceMemberResolver.BuildSource(Expression x, Type destinationType, IMappingConfiguration mappingConfiguration) in d:\BuildAgent-03\work\aa8cf99bf5ccb096\src\OoMapper\ConvertSourceMemberResolver.cs:line 10
   at OoMapper.MappingConfiguration.BuildNew(Type sourceType, Type destinationType) in d:\BuildAgent-03\work\aa8cf99bf5ccb096\src\OoMapper\MappingConfiguration.cs:line 49
   at OoMapper.MappingConfiguration.&amp;lt;&amp;gt;c__DisplayClass9.&amp;lt;GetCompiledNew&amp;gt;b__8(Tuple`2 key) in d:\BuildAgent-03\work\aa8cf99bf5ccb096\src\OoMapper\MappingConfiguration.cs:line 71
   at OoMapper.Cache`2.GetOrAdd(TKey key, Func`2 func) in d:\BuildAgent-03\work\aa8cf99bf5ccb096\src\OoMapper\Cache.cs:line 22
   at OoMapper.MappingConfiguration.GetCompiledNew(Type sourceType, Type destinationType) in d:\BuildAgent-03\work\aa8cf99bf5ccb096\src\OoMapper\MappingConfiguration.cs:line 70
   at OoMapper.Mapper.Map(Object source, Type sourceType, Type destinationType) in d:\BuildAgent-03\work\aa8cf99bf5ccb096\src\OoMapper\Mapper.cs:line 35
   at FeatureTests.On.ObjectMappers.Adapters.OoMapperAdapter.Map[TTarget](Object source) in [removed]\OoMapperAdapter.cs:line 21
   at FeatureTests.On.ObjectMappers.EnumTests.AssertEnumMappingWorksFor[TSource,TTarget](IObjectMapperAdapter mapper, TSource sourceValue, TTarget expectedValue) in [removed]\3_EnumTests.cs:line 49
   at FeatureTests.On.ObjectMappers.EnumTests.StringToEnum(IObjectMapperAdapter mapper) in [removed]\3_EnumTests.cs:line 42">fail</span>
        </td>
        <td class="success">
pass        </td>
    </tr>
  </table>
</section>
<section>
  <h2 id="CollectionsWriteableProperty">Collections (writeable property)</h2>
  <div class="section-description"><p><em>TODO</em></p>
</div>
        
  <table>
    <tr>
      <th>Name</th>
        <th><span>AutoMapper</span></th>
        <th><span>EasyMapper</span></th>
        <th><span>EmitMapper</span></th>
        <th><span>fFastMapper</span></th>
        <th><span>OoMapper</span></th>
        <th><span>ValueInjecter</span></th>
    </tr>

    <tr>
      <td class="row-name"><span>Collection ⇒ IEnumerable</span></td>
        <td class="success">
pass        </td>
        <td class="failure">
            <span title="Xunit.Sdk.NotNullException: Assert.NotNull() Failure
   at Xunit.Assert.NotNull(Object object)
   at FeatureTests.On.ObjectMappers.CollectionTests.AssertListMappingWorksFor[TSourceCollection,TTargetCollection](IObjectMapperAdapter mapper, TSourceCollection sourceValue, TTargetCollection expectedValue) in [removed]\4_CollectionTests.cs:line 66
   at FeatureTests.On.ObjectMappers.CollectionTests.CollectionToEnumerable(IObjectMapperAdapter mapper) in [removed]\4_CollectionTests.cs:line 19">fail</span>
        </td>
        <td class="failure">
            <span title="Xunit.Sdk.NotNullException: Assert.NotNull() Failure
   at Xunit.Assert.NotNull(Object object)
   at FeatureTests.On.ObjectMappers.CollectionTests.AssertListMappingWorksFor[TSourceCollection,TTargetCollection](IObjectMapperAdapter mapper, TSourceCollection sourceValue, TTargetCollection expectedValue) in [removed]\4_CollectionTests.cs:line 66
   at FeatureTests.On.ObjectMappers.CollectionTests.CollectionToEnumerable(IObjectMapperAdapter mapper) in [removed]\4_CollectionTests.cs:line 19">fail</span>
        </td>
        <td class="failure">
            <span title="Xunit.Sdk.NotNullException: Assert.NotNull() Failure
   at Xunit.Assert.NotNull(Object object)
   at FeatureTests.On.ObjectMappers.CollectionTests.AssertListMappingWorksFor[TSourceCollection,TTargetCollection](IObjectMapperAdapter mapper, TSourceCollection sourceValue, TTargetCollection expectedValue) in [removed]\4_CollectionTests.cs:line 66
   at FeatureTests.On.ObjectMappers.CollectionTests.CollectionToEnumerable(IObjectMapperAdapter mapper) in [removed]\4_CollectionTests.cs:line 19">fail</span>
        </td>
        <td class="success">
pass        </td>
        <td class="failure">
            <span title="Xunit.Sdk.NotNullException: Assert.NotNull() Failure
   at Xunit.Assert.NotNull(Object object)
   at FeatureTests.On.ObjectMappers.CollectionTests.AssertListMappingWorksFor[TSourceCollection,TTargetCollection](IObjectMapperAdapter mapper, TSourceCollection sourceValue, TTargetCollection expectedValue) in [removed]\4_CollectionTests.cs:line 66
   at FeatureTests.On.ObjectMappers.CollectionTests.CollectionToEnumerable(IObjectMapperAdapter mapper) in [removed]\4_CollectionTests.cs:line 19">fail</span>
        </td>
    </tr>
    <tr>
      <td class="row-name"><span>Collection ⇒ ICollection</span></td>
        <td class="success">
pass        </td>
        <td class="failure">
            <span title="Xunit.Sdk.NotNullException: Assert.NotNull() Failure
   at Xunit.Assert.NotNull(Object object)
   at FeatureTests.On.ObjectMappers.CollectionTests.AssertListMappingWorksFor[TSourceCollection,TTargetCollection](IObjectMapperAdapter mapper, TSourceCollection sourceValue, TTargetCollection expectedValue) in [removed]\4_CollectionTests.cs:line 66
   at FeatureTests.On.ObjectMappers.CollectionTests.CollectionToICollection(IObjectMapperAdapter mapper) in [removed]\4_CollectionTests.cs:line 25">fail</span>
        </td>
        <td class="failure">
            <span title="Xunit.Sdk.NotNullException: Assert.NotNull() Failure
   at Xunit.Assert.NotNull(Object object)
   at FeatureTests.On.ObjectMappers.CollectionTests.AssertListMappingWorksFor[TSourceCollection,TTargetCollection](IObjectMapperAdapter mapper, TSourceCollection sourceValue, TTargetCollection expectedValue) in [removed]\4_CollectionTests.cs:line 66
   at FeatureTests.On.ObjectMappers.CollectionTests.CollectionToICollection(IObjectMapperAdapter mapper) in [removed]\4_CollectionTests.cs:line 25">fail</span>
        </td>
        <td class="failure">
            <span title="Xunit.Sdk.NotNullException: Assert.NotNull() Failure
   at Xunit.Assert.NotNull(Object object)
   at FeatureTests.On.ObjectMappers.CollectionTests.AssertListMappingWorksFor[TSourceCollection,TTargetCollection](IObjectMapperAdapter mapper, TSourceCollection sourceValue, TTargetCollection expectedValue) in [removed]\4_CollectionTests.cs:line 66
   at FeatureTests.On.ObjectMappers.CollectionTests.CollectionToICollection(IObjectMapperAdapter mapper) in [removed]\4_CollectionTests.cs:line 25">fail</span>
        </td>
        <td class="success">
pass        </td>
        <td class="failure">
            <span title="Xunit.Sdk.NotNullException: Assert.NotNull() Failure
   at Xunit.Assert.NotNull(Object object)
   at FeatureTests.On.ObjectMappers.CollectionTests.AssertListMappingWorksFor[TSourceCollection,TTargetCollection](IObjectMapperAdapter mapper, TSourceCollection sourceValue, TTargetCollection expectedValue) in [removed]\4_CollectionTests.cs:line 66
   at FeatureTests.On.ObjectMappers.CollectionTests.CollectionToICollection(IObjectMapperAdapter mapper) in [removed]\4_CollectionTests.cs:line 25">fail</span>
        </td>
    </tr>
    <tr>
      <td class="row-name"><span>List ⇒ IEnumerable</span></td>
        <td class="success">
pass        </td>
        <td class="failure">
            <span title="Xunit.Sdk.NotNullException: Assert.NotNull() Failure
   at Xunit.Assert.NotNull(Object object)
   at FeatureTests.On.ObjectMappers.CollectionTests.AssertListMappingWorksFor[TSourceCollection,TTargetCollection](IObjectMapperAdapter mapper, TSourceCollection sourceValue, TTargetCollection expectedValue) in [removed]\4_CollectionTests.cs:line 66
   at FeatureTests.On.ObjectMappers.CollectionTests.ListToEnumerable(IObjectMapperAdapter mapper) in [removed]\4_CollectionTests.cs:line 31">fail</span>
        </td>
        <td class="failure">
            <span title="Xunit.Sdk.NotNullException: Assert.NotNull() Failure
   at Xunit.Assert.NotNull(Object object)
   at FeatureTests.On.ObjectMappers.CollectionTests.AssertListMappingWorksFor[TSourceCollection,TTargetCollection](IObjectMapperAdapter mapper, TSourceCollection sourceValue, TTargetCollection expectedValue) in [removed]\4_CollectionTests.cs:line 66
   at FeatureTests.On.ObjectMappers.CollectionTests.ListToEnumerable(IObjectMapperAdapter mapper) in [removed]\4_CollectionTests.cs:line 31">fail</span>
        </td>
        <td class="failure">
            <span title="Xunit.Sdk.NotNullException: Assert.NotNull() Failure
   at Xunit.Assert.NotNull(Object object)
   at FeatureTests.On.ObjectMappers.CollectionTests.AssertListMappingWorksFor[TSourceCollection,TTargetCollection](IObjectMapperAdapter mapper, TSourceCollection sourceValue, TTargetCollection expectedValue) in [removed]\4_CollectionTests.cs:line 66
   at FeatureTests.On.ObjectMappers.CollectionTests.ListToEnumerable(IObjectMapperAdapter mapper) in [removed]\4_CollectionTests.cs:line 31">fail</span>
        </td>
        <td class="success">
pass        </td>
        <td class="failure">
            <span title="Xunit.Sdk.NotNullException: Assert.NotNull() Failure
   at Xunit.Assert.NotNull(Object object)
   at FeatureTests.On.ObjectMappers.CollectionTests.AssertListMappingWorksFor[TSourceCollection,TTargetCollection](IObjectMapperAdapter mapper, TSourceCollection sourceValue, TTargetCollection expectedValue) in [removed]\4_CollectionTests.cs:line 66
   at FeatureTests.On.ObjectMappers.CollectionTests.ListToEnumerable(IObjectMapperAdapter mapper) in [removed]\4_CollectionTests.cs:line 31">fail</span>
        </td>
    </tr>
    <tr>
      <td class="row-name"><span>List ⇒ ICollection</span></td>
        <td class="success">
pass        </td>
        <td class="failure">
            <span title="Xunit.Sdk.NotNullException: Assert.NotNull() Failure
   at Xunit.Assert.NotNull(Object object)
   at FeatureTests.On.ObjectMappers.CollectionTests.AssertListMappingWorksFor[TSourceCollection,TTargetCollection](IObjectMapperAdapter mapper, TSourceCollection sourceValue, TTargetCollection expectedValue) in [removed]\4_CollectionTests.cs:line 66
   at FeatureTests.On.ObjectMappers.CollectionTests.ListToCollection(IObjectMapperAdapter mapper) in [removed]\4_CollectionTests.cs:line 37">fail</span>
        </td>
        <td class="failure">
            <span title="Xunit.Sdk.NotNullException: Assert.NotNull() Failure
   at Xunit.Assert.NotNull(Object object)
   at FeatureTests.On.ObjectMappers.CollectionTests.AssertListMappingWorksFor[TSourceCollection,TTargetCollection](IObjectMapperAdapter mapper, TSourceCollection sourceValue, TTargetCollection expectedValue) in [removed]\4_CollectionTests.cs:line 66
   at FeatureTests.On.ObjectMappers.CollectionTests.ListToCollection(IObjectMapperAdapter mapper) in [removed]\4_CollectionTests.cs:line 37">fail</span>
        </td>
        <td class="failure">
            <span title="Xunit.Sdk.NotNullException: Assert.NotNull() Failure
   at Xunit.Assert.NotNull(Object object)
   at FeatureTests.On.ObjectMappers.CollectionTests.AssertListMappingWorksFor[TSourceCollection,TTargetCollection](IObjectMapperAdapter mapper, TSourceCollection sourceValue, TTargetCollection expectedValue) in [removed]\4_CollectionTests.cs:line 66
   at FeatureTests.On.ObjectMappers.CollectionTests.ListToCollection(IObjectMapperAdapter mapper) in [removed]\4_CollectionTests.cs:line 37">fail</span>
        </td>
        <td class="success">
pass        </td>
        <td class="failure">
            <span title="Xunit.Sdk.NotNullException: Assert.NotNull() Failure
   at Xunit.Assert.NotNull(Object object)
   at FeatureTests.On.ObjectMappers.CollectionTests.AssertListMappingWorksFor[TSourceCollection,TTargetCollection](IObjectMapperAdapter mapper, TSourceCollection sourceValue, TTargetCollection expectedValue) in [removed]\4_CollectionTests.cs:line 66
   at FeatureTests.On.ObjectMappers.CollectionTests.ListToCollection(IObjectMapperAdapter mapper) in [removed]\4_CollectionTests.cs:line 37">fail</span>
        </td>
    </tr>
    <tr>
      <td class="row-name"><span>List ⇒ IList</span></td>
        <td class="success">
pass        </td>
        <td class="failure">
            <span title="Xunit.Sdk.NotNullException: Assert.NotNull() Failure
   at Xunit.Assert.NotNull(Object object)
   at FeatureTests.On.ObjectMappers.CollectionTests.AssertListMappingWorksFor[TSourceCollection,TTargetCollection](IObjectMapperAdapter mapper, TSourceCollection sourceValue, TTargetCollection expectedValue) in [removed]\4_CollectionTests.cs:line 66
   at FeatureTests.On.ObjectMappers.CollectionTests.ListToIList(IObjectMapperAdapter mapper) in [removed]\4_CollectionTests.cs:line 43">fail</span>
        </td>
        <td class="failure">
            <span title="Xunit.Sdk.NotNullException: Assert.NotNull() Failure
   at Xunit.Assert.NotNull(Object object)
   at FeatureTests.On.ObjectMappers.CollectionTests.AssertListMappingWorksFor[TSourceCollection,TTargetCollection](IObjectMapperAdapter mapper, TSourceCollection sourceValue, TTargetCollection expectedValue) in [removed]\4_CollectionTests.cs:line 66
   at FeatureTests.On.ObjectMappers.CollectionTests.ListToIList(IObjectMapperAdapter mapper) in [removed]\4_CollectionTests.cs:line 43">fail</span>
        </td>
        <td class="failure">
            <span title="Xunit.Sdk.NotNullException: Assert.NotNull() Failure
   at Xunit.Assert.NotNull(Object object)
   at FeatureTests.On.ObjectMappers.CollectionTests.AssertListMappingWorksFor[TSourceCollection,TTargetCollection](IObjectMapperAdapter mapper, TSourceCollection sourceValue, TTargetCollection expectedValue) in [removed]\4_CollectionTests.cs:line 66
   at FeatureTests.On.ObjectMappers.CollectionTests.ListToIList(IObjectMapperAdapter mapper) in [removed]\4_CollectionTests.cs:line 43">fail</span>
        </td>
        <td class="success">
pass        </td>
        <td class="failure">
            <span title="Xunit.Sdk.NotNullException: Assert.NotNull() Failure
   at Xunit.Assert.NotNull(Object object)
   at FeatureTests.On.ObjectMappers.CollectionTests.AssertListMappingWorksFor[TSourceCollection,TTargetCollection](IObjectMapperAdapter mapper, TSourceCollection sourceValue, TTargetCollection expectedValue) in [removed]\4_CollectionTests.cs:line 66
   at FeatureTests.On.ObjectMappers.CollectionTests.ListToIList(IObjectMapperAdapter mapper) in [removed]\4_CollectionTests.cs:line 43">fail</span>
        </td>
    </tr>
    <tr>
      <td class="row-name"><span>HashSet ⇒ IEnumerable</span></td>
        <td class="success">
pass        </td>
        <td class="failure">
            <span title="Xunit.Sdk.NotNullException: Assert.NotNull() Failure
   at Xunit.Assert.NotNull(Object object)
   at FeatureTests.On.ObjectMappers.CollectionTests.AssertListMappingWorksFor[TSourceCollection,TTargetCollection](IObjectMapperAdapter mapper, TSourceCollection sourceValue, TTargetCollection expectedValue) in [removed]\4_CollectionTests.cs:line 66
   at FeatureTests.On.ObjectMappers.CollectionTests.HashSetToEnumerable(IObjectMapperAdapter mapper) in [removed]\4_CollectionTests.cs:line 49">fail</span>
        </td>
        <td class="failure">
            <span title="System.Exception: Constructor for types [] not found in System.Collections.Generic.IEnumerable`1[[System.Int32, mscorlib, Version=4.0.0.0, Culture=neutral, PublicKeyToken=b77a5c561934e089]]
   at EmitMapper.AST.Nodes.AstNewObject.Compile(CompilationContext context)
   at EmitMapper.AST.Nodes.AstWriteLocal.Compile(CompilationContext context)
   at EmitMapper.AST.Nodes.AstComplexNode.Compile(CompilationContext context)
   at EmitMapper.AST.Nodes.AstIf.Compile(CompilationContext context)
   at EmitMapper.AST.Nodes.AstComplexNode.Compile(CompilationContext context)
   at EmitMapper.AST.Nodes.AstIf.Compile(CompilationContext context)
   at EmitMapper.AST.Nodes.AstComplexNode.Compile(CompilationContext context)
   at EmitMapper.AST.Nodes.AstComplexNode.Compile(CompilationContext context)
   at EmitMapper.AST.Nodes.AstComplexNode.Compile(CompilationContext context)
   at EmitMapper.EmitBuilders.MappingBuilder.BuildCopyImplMethod()
   at EmitMapper.ObjectMapperManager.BuildObjectsMapper(String MapperTypeName, Type from, Type to, IMappingConfigurator mappingConfigurator)
   at EmitMapper.ObjectMapperManager.GetMapperInt(Type from, Type to, IMappingConfigurator mappingConfigurator)
   at EmitMapper.ObjectMapperManager.GetMapper[TFrom,TTo]()
   at lambda_method(Closure )
   at FeatureTests.Shared.GenericApiSupport.GenericHelper.RewriteAndInvoke[TResult](Expression`1 call, Type[] genericArguments) in [removed]\GenericHelper.cs:line 17
   at FeatureTests.On.ObjectMappers.Adapters.EmitMapperAdapter.Map[TTarget](Object source) in [removed]\EmitMapperAdapter.cs:line 21
   at FeatureTests.On.ObjectMappers.CollectionTests.AssertListMappingWorksFor[TSourceCollection,TTargetCollection](IObjectMapperAdapter mapper, TSourceCollection sourceValue, TTargetCollection expectedValue) in [removed]\4_CollectionTests.cs:line 65
   at FeatureTests.On.ObjectMappers.CollectionTests.HashSetToEnumerable(IObjectMapperAdapter mapper) in [removed]\4_CollectionTests.cs:line 49">fail</span>
        </td>
        <td class="failure">
            <span title="Xunit.Sdk.NotNullException: Assert.NotNull() Failure
   at Xunit.Assert.NotNull(Object object)
   at FeatureTests.On.ObjectMappers.CollectionTests.AssertListMappingWorksFor[TSourceCollection,TTargetCollection](IObjectMapperAdapter mapper, TSourceCollection sourceValue, TTargetCollection expectedValue) in [removed]\4_CollectionTests.cs:line 66
   at FeatureTests.On.ObjectMappers.CollectionTests.HashSetToEnumerable(IObjectMapperAdapter mapper) in [removed]\4_CollectionTests.cs:line 49">fail</span>
        </td>
        <td class="success">
pass        </td>
        <td class="failure">
            <span title="Xunit.Sdk.NotNullException: Assert.NotNull() Failure
   at Xunit.Assert.NotNull(Object object)
   at FeatureTests.On.ObjectMappers.CollectionTests.AssertListMappingWorksFor[TSourceCollection,TTargetCollection](IObjectMapperAdapter mapper, TSourceCollection sourceValue, TTargetCollection expectedValue) in [removed]\4_CollectionTests.cs:line 66
   at FeatureTests.On.ObjectMappers.CollectionTests.HashSetToEnumerable(IObjectMapperAdapter mapper) in [removed]\4_CollectionTests.cs:line 49">fail</span>
        </td>
    </tr>
    <tr>
      <td class="row-name"><span>HashSet ⇒ ISet</span></td>
        <td class="success">
pass        </td>
        <td class="failure">
            <span title="Xunit.Sdk.NotNullException: Assert.NotNull() Failure
   at Xunit.Assert.NotNull(Object object)
   at FeatureTests.On.ObjectMappers.CollectionTests.AssertListMappingWorksFor[TSourceCollection,TTargetCollection](IObjectMapperAdapter mapper, TSourceCollection sourceValue, TTargetCollection expectedValue) in [removed]\4_CollectionTests.cs:line 66
   at FeatureTests.On.ObjectMappers.CollectionTests.HashSetToISet(IObjectMapperAdapter mapper) in [removed]\4_CollectionTests.cs:line 55">fail</span>
        </td>
        <td class="failure">
            <span title="System.Exception: Constructor for types [] not found in System.Collections.Generic.ISet`1[[System.Int32, mscorlib, Version=4.0.0.0, Culture=neutral, PublicKeyToken=b77a5c561934e089]]
   at EmitMapper.AST.Nodes.AstNewObject.Compile(CompilationContext context)
   at EmitMapper.AST.Nodes.AstWriteLocal.Compile(CompilationContext context)
   at EmitMapper.AST.Nodes.AstComplexNode.Compile(CompilationContext context)
   at EmitMapper.AST.Nodes.AstIf.Compile(CompilationContext context)
   at EmitMapper.AST.Nodes.AstComplexNode.Compile(CompilationContext context)
   at EmitMapper.AST.Nodes.AstIf.Compile(CompilationContext context)
   at EmitMapper.AST.Nodes.AstComplexNode.Compile(CompilationContext context)
   at EmitMapper.AST.Nodes.AstComplexNode.Compile(CompilationContext context)
   at EmitMapper.AST.Nodes.AstComplexNode.Compile(CompilationContext context)
   at EmitMapper.EmitBuilders.MappingBuilder.BuildCopyImplMethod()
   at EmitMapper.ObjectMapperManager.BuildObjectsMapper(String MapperTypeName, Type from, Type to, IMappingConfigurator mappingConfigurator)
   at EmitMapper.ObjectMapperManager.GetMapperInt(Type from, Type to, IMappingConfigurator mappingConfigurator)
   at EmitMapper.ObjectMapperManager.GetMapper[TFrom,TTo]()
   at lambda_method(Closure )
   at FeatureTests.Shared.GenericApiSupport.GenericHelper.RewriteAndInvoke[TResult](Expression`1 call, Type[] genericArguments) in [removed]\GenericHelper.cs:line 17
   at FeatureTests.On.ObjectMappers.Adapters.EmitMapperAdapter.Map[TTarget](Object source) in [removed]\EmitMapperAdapter.cs:line 21
   at FeatureTests.On.ObjectMappers.CollectionTests.AssertListMappingWorksFor[TSourceCollection,TTargetCollection](IObjectMapperAdapter mapper, TSourceCollection sourceValue, TTargetCollection expectedValue) in [removed]\4_CollectionTests.cs:line 65
   at FeatureTests.On.ObjectMappers.CollectionTests.HashSetToISet(IObjectMapperAdapter mapper) in [removed]\4_CollectionTests.cs:line 55">fail</span>
        </td>
        <td class="failure">
            <span title="Xunit.Sdk.NotNullException: Assert.NotNull() Failure
   at Xunit.Assert.NotNull(Object object)
   at FeatureTests.On.ObjectMappers.CollectionTests.AssertListMappingWorksFor[TSourceCollection,TTargetCollection](IObjectMapperAdapter mapper, TSourceCollection sourceValue, TTargetCollection expectedValue) in [removed]\4_CollectionTests.cs:line 66
   at FeatureTests.On.ObjectMappers.CollectionTests.HashSetToISet(IObjectMapperAdapter mapper) in [removed]\4_CollectionTests.cs:line 55">fail</span>
        </td>
        <td class="success">
pass        </td>
        <td class="failure">
            <span title="Xunit.Sdk.NotNullException: Assert.NotNull() Failure
   at Xunit.Assert.NotNull(Object object)
   at FeatureTests.On.ObjectMappers.CollectionTests.AssertListMappingWorksFor[TSourceCollection,TTargetCollection](IObjectMapperAdapter mapper, TSourceCollection sourceValue, TTargetCollection expectedValue) in [removed]\4_CollectionTests.cs:line 66
   at FeatureTests.On.ObjectMappers.CollectionTests.HashSetToISet(IObjectMapperAdapter mapper) in [removed]\4_CollectionTests.cs:line 55">fail</span>
        </td>
    </tr>
  </table>
</section>
<section>
  <h2 id="CollectionsReadOnlyProperty">Collections (read-only property)</h2>
  <div class="section-description"><p>Having collections as read-only property is a basic .NET design guideline (even object initializers support it).<br />
It is easy to disregard for DTOs. However, the mapper can be used for mapping to proper domain objects as well.</p>
</div>
        
  <table>
    <tr>
      <th>Name</th>
        <th><span>AutoMapper</span></th>
        <th><span>EasyMapper</span></th>
        <th><span>EmitMapper</span></th>
        <th><span>fFastMapper</span></th>
        <th><span>OoMapper</span></th>
        <th><span>ValueInjecter</span></th>
    </tr>

    <tr>
      <td class="row-name"><span>IList ⇒ IList</span></td>
        <td class="failure">
            <span title="Xunit.Sdk.EqualException: Assert.Equal() Failure
Position: First difference is at position 0
Expected: Int32[] { 5 }
Actual:   Int32[] {  }
   at Xunit.Assert.Equal[T](T expected, T actual, IEqualityComparer`1 comparer)
   at Xunit.Assert.Equal[T](T expected, T actual)
   at FeatureTests.On.ObjectMappers.CollectionAsReadOnlyPropertyTests.AssertListMappingWorksFor[TSourceCollection,TExposedTargetCollection,TActualTargetCollection](IObjectMapperAdapter mapper, TSourceCollection sourceValue) in [removed]\5_CollectionAsReadOnlyPropertyTests.cs:line 48
   at FeatureTests.On.ObjectMappers.CollectionAsReadOnlyPropertyTests.IListToIList(IObjectMapperAdapter mapper) in [removed]\5_CollectionAsReadOnlyPropertyTests.cs:line 22">fail</span>
        </td>
        <td class="failure">
            <span title="System.ArgumentException: Property set method not found.
   at System.Reflection.RuntimePropertyInfo.SetValue(Object obj, Object value, BindingFlags invokeAttr, Binder binder, Object[] index, CultureInfo culture)
   at System.Reflection.RuntimePropertyInfo.SetValue(Object obj, Object value, Object[] index)
   at Pelusoft.EasyMapper.EasyMapper.Map[TDestination](Object sourceObj)
   at lambda_method(Closure )
   at FeatureTests.Shared.GenericApiSupport.GenericHelper.RewriteAndInvoke[TResult](Expression`1 call, Type[] genericArguments) in [removed]\GenericHelper.cs:line 17
   at FeatureTests.On.ObjectMappers.Adapters.EasyMapperAdapter.Map[TTarget](Object source) in [removed]\EasyMapperAdapter.cs:line 20
   at FeatureTests.On.ObjectMappers.CollectionAsReadOnlyPropertyTests.AssertListMappingWorksFor[TSourceCollection,TExposedTargetCollection,TActualTargetCollection](IObjectMapperAdapter mapper, TSourceCollection sourceValue) in [removed]\5_CollectionAsReadOnlyPropertyTests.cs:line 45
   at FeatureTests.On.ObjectMappers.CollectionAsReadOnlyPropertyTests.IListToIList(IObjectMapperAdapter mapper) in [removed]\5_CollectionAsReadOnlyPropertyTests.cs:line 22">fail</span>
        </td>
        <td class="failure">
            <span title="Xunit.Sdk.EqualException: Assert.Equal() Failure
Position: First difference is at position 0
Expected: Int32[] { 5 }
Actual:   Int32[] {  }
   at Xunit.Assert.Equal[T](T expected, T actual, IEqualityComparer`1 comparer)
   at Xunit.Assert.Equal[T](T expected, T actual)
   at FeatureTests.On.ObjectMappers.CollectionAsReadOnlyPropertyTests.AssertListMappingWorksFor[TSourceCollection,TExposedTargetCollection,TActualTargetCollection](IObjectMapperAdapter mapper, TSourceCollection sourceValue) in [removed]\5_CollectionAsReadOnlyPropertyTests.cs:line 48
   at FeatureTests.On.ObjectMappers.CollectionAsReadOnlyPropertyTests.IListToIList(IObjectMapperAdapter mapper) in [removed]\5_CollectionAsReadOnlyPropertyTests.cs:line 22">fail</span>
        </td>
        <td class="failure">
            <span title="System.Security.VerificationException: Operation could destabilize the runtime.
   at lambda_method(Closure , Wrapper`1 , WrapperWithReadOnly`2 )
   at Grax.fFastMapper.fFastMapperFluent`2.Map(TLeft source, TRight destination)
   at Grax.fFastMapper.fFastMap.Map[TFrom,TTo](TFrom from, TTo to)
   at lambda_method(Closure )
   at FeatureTests.Shared.GenericApiSupport.GenericHelper.RewriteAndInvoke[TResult](Expression`1 call, Type[] genericArguments) in [removed]\GenericHelper.cs:line 17
   at FeatureTests.On.ObjectMappers.Adapters.fFastMapperAdapter.Map(Object source, Object target) in [removed]\fFastMapperAdapter.cs:line 21
   at FeatureTests.On.ObjectMappers.Adapters.fFastMapperAdapter.Map[TTarget](Object source) in [removed]\fFastMapperAdapter.cs:line 16
   at FeatureTests.On.ObjectMappers.CollectionAsReadOnlyPropertyTests.AssertListMappingWorksFor[TSourceCollection,TExposedTargetCollection,TActualTargetCollection](IObjectMapperAdapter mapper, TSourceCollection sourceValue) in [removed]\5_CollectionAsReadOnlyPropertyTests.cs:line 45
   at FeatureTests.On.ObjectMappers.CollectionAsReadOnlyPropertyTests.IListToIList(IObjectMapperAdapter mapper) in [removed]\5_CollectionAsReadOnlyPropertyTests.cs:line 22">fail</span>
        </td>
        <td class="failure">
            <span title="Xunit.Sdk.EqualException: Assert.Equal() Failure
Position: First difference is at position 0
Expected: Int32[] { 5 }
Actual:   Int32[] {  }
   at Xunit.Assert.Equal[T](T expected, T actual, IEqualityComparer`1 comparer)
   at Xunit.Assert.Equal[T](T expected, T actual)
   at FeatureTests.On.ObjectMappers.CollectionAsReadOnlyPropertyTests.AssertListMappingWorksFor[TSourceCollection,TExposedTargetCollection,TActualTargetCollection](IObjectMapperAdapter mapper, TSourceCollection sourceValue) in [removed]\5_CollectionAsReadOnlyPropertyTests.cs:line 48
   at FeatureTests.On.ObjectMappers.CollectionAsReadOnlyPropertyTests.IListToIList(IObjectMapperAdapter mapper) in [removed]\5_CollectionAsReadOnlyPropertyTests.cs:line 22">fail</span>
        </td>
        <td class="failure">
            <span title="Xunit.Sdk.EqualException: Assert.Equal() Failure
Position: First difference is at position 0
Expected: Int32[] { 5 }
Actual:   Int32[] {  }
   at Xunit.Assert.Equal[T](T expected, T actual, IEqualityComparer`1 comparer)
   at Xunit.Assert.Equal[T](T expected, T actual)
   at FeatureTests.On.ObjectMappers.CollectionAsReadOnlyPropertyTests.AssertListMappingWorksFor[TSourceCollection,TExposedTargetCollection,TActualTargetCollection](IObjectMapperAdapter mapper, TSourceCollection sourceValue) in [removed]\5_CollectionAsReadOnlyPropertyTests.cs:line 48
   at FeatureTests.On.ObjectMappers.CollectionAsReadOnlyPropertyTests.IListToIList(IObjectMapperAdapter mapper) in [removed]\5_CollectionAsReadOnlyPropertyTests.cs:line 22">fail</span>
        </td>
    </tr>
    <tr>
      <td class="row-name"><span>ICollection ⇒ ICollection</span></td>
        <td class="failure">
            <span title="Xunit.Sdk.EqualException: Assert.Equal() Failure
Position: First difference is at position 0
Expected: Int32[] { 5 }
Actual:   Int32[] {  }
   at Xunit.Assert.Equal[T](T expected, T actual, IEqualityComparer`1 comparer)
   at Xunit.Assert.Equal[T](T expected, T actual)
   at FeatureTests.On.ObjectMappers.CollectionAsReadOnlyPropertyTests.AssertListMappingWorksFor[TSourceCollection,TExposedTargetCollection,TActualTargetCollection](IObjectMapperAdapter mapper, TSourceCollection sourceValue) in [removed]\5_CollectionAsReadOnlyPropertyTests.cs:line 48
   at FeatureTests.On.ObjectMappers.CollectionAsReadOnlyPropertyTests.ICollectionToICollection(IObjectMapperAdapter mapper) in [removed]\5_CollectionAsReadOnlyPropertyTests.cs:line 28">fail</span>
        </td>
        <td class="failure">
            <span title="System.ArgumentException: Property set method not found.
   at System.Reflection.RuntimePropertyInfo.SetValue(Object obj, Object value, BindingFlags invokeAttr, Binder binder, Object[] index, CultureInfo culture)
   at System.Reflection.RuntimePropertyInfo.SetValue(Object obj, Object value, Object[] index)
   at Pelusoft.EasyMapper.EasyMapper.Map[TDestination](Object sourceObj)
   at lambda_method(Closure )
   at FeatureTests.Shared.GenericApiSupport.GenericHelper.RewriteAndInvoke[TResult](Expression`1 call, Type[] genericArguments) in [removed]\GenericHelper.cs:line 17
   at FeatureTests.On.ObjectMappers.Adapters.EasyMapperAdapter.Map[TTarget](Object source) in [removed]\EasyMapperAdapter.cs:line 20
   at FeatureTests.On.ObjectMappers.CollectionAsReadOnlyPropertyTests.AssertListMappingWorksFor[TSourceCollection,TExposedTargetCollection,TActualTargetCollection](IObjectMapperAdapter mapper, TSourceCollection sourceValue) in [removed]\5_CollectionAsReadOnlyPropertyTests.cs:line 45
   at FeatureTests.On.ObjectMappers.CollectionAsReadOnlyPropertyTests.ICollectionToICollection(IObjectMapperAdapter mapper) in [removed]\5_CollectionAsReadOnlyPropertyTests.cs:line 28">fail</span>
        </td>
        <td class="failure">
            <span title="Xunit.Sdk.EqualException: Assert.Equal() Failure
Position: First difference is at position 0
Expected: Int32[] { 5 }
Actual:   Int32[] {  }
   at Xunit.Assert.Equal[T](T expected, T actual, IEqualityComparer`1 comparer)
   at Xunit.Assert.Equal[T](T expected, T actual)
   at FeatureTests.On.ObjectMappers.CollectionAsReadOnlyPropertyTests.AssertListMappingWorksFor[TSourceCollection,TExposedTargetCollection,TActualTargetCollection](IObjectMapperAdapter mapper, TSourceCollection sourceValue) in [removed]\5_CollectionAsReadOnlyPropertyTests.cs:line 48
   at FeatureTests.On.ObjectMappers.CollectionAsReadOnlyPropertyTests.ICollectionToICollection(IObjectMapperAdapter mapper) in [removed]\5_CollectionAsReadOnlyPropertyTests.cs:line 28">fail</span>
        </td>
        <td class="failure">
            <span title="Xunit.Sdk.EqualException: Assert.Equal() Failure
Position: First difference is at position 0
Expected: Int32[] { 5 }
Actual:   Int32[] {  }
   at Xunit.Assert.Equal[T](T expected, T actual, IEqualityComparer`1 comparer)
   at Xunit.Assert.Equal[T](T expected, T actual)
   at FeatureTests.On.ObjectMappers.CollectionAsReadOnlyPropertyTests.AssertListMappingWorksFor[TSourceCollection,TExposedTargetCollection,TActualTargetCollection](IObjectMapperAdapter mapper, TSourceCollection sourceValue) in [removed]\5_CollectionAsReadOnlyPropertyTests.cs:line 48
   at FeatureTests.On.ObjectMappers.CollectionAsReadOnlyPropertyTests.ICollectionToICollection(IObjectMapperAdapter mapper) in [removed]\5_CollectionAsReadOnlyPropertyTests.cs:line 28">fail</span>
        </td>
        <td class="failure">
            <span title="Xunit.Sdk.EqualException: Assert.Equal() Failure
Position: First difference is at position 0
Expected: Int32[] { 5 }
Actual:   Int32[] {  }
   at Xunit.Assert.Equal[T](T expected, T actual, IEqualityComparer`1 comparer)
   at Xunit.Assert.Equal[T](T expected, T actual)
   at FeatureTests.On.ObjectMappers.CollectionAsReadOnlyPropertyTests.AssertListMappingWorksFor[TSourceCollection,TExposedTargetCollection,TActualTargetCollection](IObjectMapperAdapter mapper, TSourceCollection sourceValue) in [removed]\5_CollectionAsReadOnlyPropertyTests.cs:line 48
   at FeatureTests.On.ObjectMappers.CollectionAsReadOnlyPropertyTests.ICollectionToICollection(IObjectMapperAdapter mapper) in [removed]\5_CollectionAsReadOnlyPropertyTests.cs:line 28">fail</span>
        </td>
        <td class="failure">
            <span title="Xunit.Sdk.EqualException: Assert.Equal() Failure
Position: First difference is at position 0
Expected: Int32[] { 5 }
Actual:   Int32[] {  }
   at Xunit.Assert.Equal[T](T expected, T actual, IEqualityComparer`1 comparer)
   at Xunit.Assert.Equal[T](T expected, T actual)
   at FeatureTests.On.ObjectMappers.CollectionAsReadOnlyPropertyTests.AssertListMappingWorksFor[TSourceCollection,TExposedTargetCollection,TActualTargetCollection](IObjectMapperAdapter mapper, TSourceCollection sourceValue) in [removed]\5_CollectionAsReadOnlyPropertyTests.cs:line 48
   at FeatureTests.On.ObjectMappers.CollectionAsReadOnlyPropertyTests.ICollectionToICollection(IObjectMapperAdapter mapper) in [removed]\5_CollectionAsReadOnlyPropertyTests.cs:line 28">fail</span>
        </td>
    </tr>
    <tr>
      <td class="row-name"><span>ISet ⇒ ISet</span></td>
        <td class="failure">
            <span title="Xunit.Sdk.EqualException: Assert.Equal() Failure
Position: First difference is at position 0
Expected: Int32[] { 5 }
Actual:   Int32[] {  }
   at Xunit.Assert.Equal[T](T expected, T actual, IEqualityComparer`1 comparer)
   at Xunit.Assert.Equal[T](T expected, T actual)
   at FeatureTests.On.ObjectMappers.CollectionAsReadOnlyPropertyTests.AssertListMappingWorksFor[TSourceCollection,TExposedTargetCollection,TActualTargetCollection](IObjectMapperAdapter mapper, TSourceCollection sourceValue) in [removed]\5_CollectionAsReadOnlyPropertyTests.cs:line 48
   at FeatureTests.On.ObjectMappers.CollectionAsReadOnlyPropertyTests.ISetToISet(IObjectMapperAdapter mapper) in [removed]\5_CollectionAsReadOnlyPropertyTests.cs:line 34">fail</span>
        </td>
        <td class="failure">
            <span title="System.ArgumentException: Property set method not found.
   at System.Reflection.RuntimePropertyInfo.SetValue(Object obj, Object value, BindingFlags invokeAttr, Binder binder, Object[] index, CultureInfo culture)
   at System.Reflection.RuntimePropertyInfo.SetValue(Object obj, Object value, Object[] index)
   at Pelusoft.EasyMapper.EasyMapper.Map[TDestination](Object sourceObj)
   at lambda_method(Closure )
   at FeatureTests.Shared.GenericApiSupport.GenericHelper.RewriteAndInvoke[TResult](Expression`1 call, Type[] genericArguments) in [removed]\GenericHelper.cs:line 17
   at FeatureTests.On.ObjectMappers.Adapters.EasyMapperAdapter.Map[TTarget](Object source) in [removed]\EasyMapperAdapter.cs:line 20
   at FeatureTests.On.ObjectMappers.CollectionAsReadOnlyPropertyTests.AssertListMappingWorksFor[TSourceCollection,TExposedTargetCollection,TActualTargetCollection](IObjectMapperAdapter mapper, TSourceCollection sourceValue) in [removed]\5_CollectionAsReadOnlyPropertyTests.cs:line 45
   at FeatureTests.On.ObjectMappers.CollectionAsReadOnlyPropertyTests.ISetToISet(IObjectMapperAdapter mapper) in [removed]\5_CollectionAsReadOnlyPropertyTests.cs:line 34">fail</span>
        </td>
        <td class="failure">
            <span title="Xunit.Sdk.EqualException: Assert.Equal() Failure
Position: First difference is at position 0
Expected: Int32[] { 5 }
Actual:   Int32[] {  }
   at Xunit.Assert.Equal[T](T expected, T actual, IEqualityComparer`1 comparer)
   at Xunit.Assert.Equal[T](T expected, T actual)
   at FeatureTests.On.ObjectMappers.CollectionAsReadOnlyPropertyTests.AssertListMappingWorksFor[TSourceCollection,TExposedTargetCollection,TActualTargetCollection](IObjectMapperAdapter mapper, TSourceCollection sourceValue) in [removed]\5_CollectionAsReadOnlyPropertyTests.cs:line 48
   at FeatureTests.On.ObjectMappers.CollectionAsReadOnlyPropertyTests.ISetToISet(IObjectMapperAdapter mapper) in [removed]\5_CollectionAsReadOnlyPropertyTests.cs:line 34">fail</span>
        </td>
        <td class="failure">
            <span title="Xunit.Sdk.EqualException: Assert.Equal() Failure
Position: First difference is at position 0
Expected: Int32[] { 5 }
Actual:   Int32[] {  }
   at Xunit.Assert.Equal[T](T expected, T actual, IEqualityComparer`1 comparer)
   at Xunit.Assert.Equal[T](T expected, T actual)
   at FeatureTests.On.ObjectMappers.CollectionAsReadOnlyPropertyTests.AssertListMappingWorksFor[TSourceCollection,TExposedTargetCollection,TActualTargetCollection](IObjectMapperAdapter mapper, TSourceCollection sourceValue) in [removed]\5_CollectionAsReadOnlyPropertyTests.cs:line 48
   at FeatureTests.On.ObjectMappers.CollectionAsReadOnlyPropertyTests.ISetToISet(IObjectMapperAdapter mapper) in [removed]\5_CollectionAsReadOnlyPropertyTests.cs:line 34">fail</span>
        </td>
        <td class="failure">
            <span title="Xunit.Sdk.EqualException: Assert.Equal() Failure
Position: First difference is at position 0
Expected: Int32[] { 5 }
Actual:   Int32[] {  }
   at Xunit.Assert.Equal[T](T expected, T actual, IEqualityComparer`1 comparer)
   at Xunit.Assert.Equal[T](T expected, T actual)
   at FeatureTests.On.ObjectMappers.CollectionAsReadOnlyPropertyTests.AssertListMappingWorksFor[TSourceCollection,TExposedTargetCollection,TActualTargetCollection](IObjectMapperAdapter mapper, TSourceCollection sourceValue) in [removed]\5_CollectionAsReadOnlyPropertyTests.cs:line 48
   at FeatureTests.On.ObjectMappers.CollectionAsReadOnlyPropertyTests.ISetToISet(IObjectMapperAdapter mapper) in [removed]\5_CollectionAsReadOnlyPropertyTests.cs:line 34">fail</span>
        </td>
        <td class="failure">
            <span title="Xunit.Sdk.EqualException: Assert.Equal() Failure
Position: First difference is at position 0
Expected: Int32[] { 5 }
Actual:   Int32[] {  }
   at Xunit.Assert.Equal[T](T expected, T actual, IEqualityComparer`1 comparer)
   at Xunit.Assert.Equal[T](T expected, T actual)
   at FeatureTests.On.ObjectMappers.CollectionAsReadOnlyPropertyTests.AssertListMappingWorksFor[TSourceCollection,TExposedTargetCollection,TActualTargetCollection](IObjectMapperAdapter mapper, TSourceCollection sourceValue) in [removed]\5_CollectionAsReadOnlyPropertyTests.cs:line 48
   at FeatureTests.On.ObjectMappers.CollectionAsReadOnlyPropertyTests.ISetToISet(IObjectMapperAdapter mapper) in [removed]\5_CollectionAsReadOnlyPropertyTests.cs:line 34">fail</span>
        </td>
    </tr>
  </table>
</section>
<section>
  <h2 id="ConstructorParameters">Constructor parameters</h2>
  <div class="section-description"><p><em>TODO</em></p>
</div>
        
  <table>
    <tr>
      <th>Name</th>
        <th><span>AutoMapper</span></th>
        <th><span>EasyMapper</span></th>
        <th><span>EmitMapper</span></th>
        <th><span>fFastMapper</span></th>
        <th><span>OoMapper</span></th>
        <th><span>ValueInjecter</span></th>
    </tr>

    <tr>
      <td class="row-name"><span>Simple</span></td>
        <td class="success">
pass        </td>
        <td class="failure">
            <span title="System.ArgumentException: GenericArguments[0], &amp;#39;FeatureTests.On.ObjectMappers.TestTypes.ImmutableWrapper`1[System.String]&amp;#39;, on &amp;#39;TDestination Map[TDestination](System.Object)&amp;#39; violates the constraint of type &amp;#39;TDestination&amp;#39;. ---&amp;gt; System.Security.VerificationException: Method Pelusoft.EasyMapper.EasyMapper.Map: type argument &amp;#39;FeatureTests.On.ObjectMappers.TestTypes.ImmutableWrapper`1[System.String]&amp;#39; violates the constraint of type parameter &amp;#39;TDestination&amp;#39;.
   at System.RuntimeMethodHandle.GetStubIfNeeded(RuntimeMethodHandleInternal method, RuntimeType declaringType, RuntimeType[] methodInstantiation)
   at System.Reflection.RuntimeMethodInfo.MakeGenericMethod(Type[] methodInstantiation)
   --- End of inner exception stack trace ---
   at System.RuntimeType.ValidateGenericArguments(MemberInfo definition, RuntimeType[] genericArguments, Exception e)
   at System.Reflection.RuntimeMethodInfo.MakeGenericMethod(Type[] methodInstantiation)
   at FeatureTests.Shared.GenericApiSupport.GenericRewritingVisitor.RewriteMethodIfRequired(MethodInfo method) in [removed]\GenericRewritingVisitor.cs:line 39
   at FeatureTests.Shared.GenericApiSupport.GenericRewritingVisitor.VisitMethodCall(MethodCallExpression node) in [removed]\GenericRewritingVisitor.cs:line 16
   at System.Linq.Expressions.MethodCallExpression.Accept(ExpressionVisitor visitor)
   at System.Linq.Expressions.ExpressionVisitor.Visit(Expression node)
   at FeatureTests.Shared.GenericApiSupport.GenericRewritingVisitor.VisitLambda[T](Expression`1 node) in [removed]\GenericRewritingVisitor.cs:line 59
   at System.Linq.Expressions.Expression`1.Accept(ExpressionVisitor visitor)
   at System.Linq.Expressions.ExpressionVisitor.Visit(Expression node)
   at FeatureTests.Shared.GenericApiSupport.GenericHelper.Rewrite[TDelegate](Expression`1 call, Type[] genericArguments) in [removed]\GenericHelper.cs:line 22
   at FeatureTests.Shared.GenericApiSupport.GenericHelper.RewriteAndInvoke[TResult](Expression`1 call, Type[] genericArguments) in [removed]\GenericHelper.cs:line 16
   at FeatureTests.On.ObjectMappers.Adapters.EasyMapperAdapter.Map[TTarget](Object source) in [removed]\EasyMapperAdapter.cs:line 20
   at FeatureTests.On.ObjectMappers.ConstructorParameterTests.Simple(IObjectMapperAdapter mapper) in [removed]\6_ConstructorParameterTests.cs:line 21">fail</span>
        </td>
        <td class="failure">
            <span title="System.NullReferenceException: Object reference not set to an instance of an object.
   at FeatureTests.On.ObjectMappers.ConstructorParameterTests.Simple(IObjectMapperAdapter mapper) in [removed]\6_ConstructorParameterTests.cs:line 23">fail</span>
        </td>
        <td class="failure">
            <span title="System.MissingMethodException: No parameterless constructor defined for this object.
   at System.RuntimeTypeHandle.CreateInstance(RuntimeType type, Boolean publicOnly, Boolean noCheck, Boolean&amp;amp; canBeCached, RuntimeMethodHandleInternal&amp;amp; ctor, Boolean&amp;amp; bNeedSecurityCheck)
   at System.RuntimeType.CreateInstanceSlow(Boolean publicOnly, Boolean skipCheckThis, Boolean fillCache, StackCrawlMark&amp;amp; stackMark)
   at System.RuntimeType.CreateInstanceDefaultCtor(Boolean publicOnly, Boolean skipCheckThis, Boolean fillCache, StackCrawlMark&amp;amp; stackMark)
   at System.Activator.CreateInstance[T]()
   at FeatureTests.On.ObjectMappers.Adapters.fFastMapperAdapter.Map[TTarget](Object source) in [removed]\fFastMapperAdapter.cs:line 15
   at FeatureTests.On.ObjectMappers.ConstructorParameterTests.Simple(IObjectMapperAdapter mapper) in [removed]\6_ConstructorParameterTests.cs:line 21">fail</span>
        </td>
        <td class="failure">
            <span title="System.ArgumentException: Type &amp;#39;FeatureTests.On.ObjectMappers.TestTypes.ImmutableWrapper`1[System.String]&amp;#39; does not have a default constructor
   at System.Linq.Expressions.Expression.New(Type type)
   at OoMapper.NewObjectMapperBuilder.Build(TypeMap typeMap, IMappingConfiguration configuration) in d:\BuildAgent-03\work\aa8cf99bf5ccb096\src\OoMapper\NewObjectMapperBuilder.cs:line 15
   at OoMapper.CachedObjectMapperBuilder.&amp;lt;&amp;gt;c__DisplayClass1.&amp;lt;Build&amp;gt;b__0(Tuple`2 k) in d:\BuildAgent-03\work\aa8cf99bf5ccb096\src\OoMapper\CachedObjectMapperBuilder.cs:line 21
   at OoMapper.Cache`2.GetOrAdd(TKey key, Func`2 func) in d:\BuildAgent-03\work\aa8cf99bf5ccb096\src\OoMapper\Cache.cs:line 22
   at OoMapper.CachedObjectMapperBuilder.Build(TypeMap typeMap, IMappingConfiguration configuration) in d:\BuildAgent-03\work\aa8cf99bf5ccb096\src\OoMapper\CachedObjectMapperBuilder.cs:line 21
   at OoMapper.UserConfigurationMapper.BuildSource(Expression expression, Type destinationType, IMappingConfiguration mappingConfiguration) in d:\BuildAgent-03\work\aa8cf99bf5ccb096\src\OoMapper\UserConfigurationMapper.cs:line 35
   at OoMapper.MappingConfiguration.&amp;lt;&amp;gt;c__DisplayClass3.&amp;lt;BuildSource&amp;gt;b__0(ISourceMemberResolver r) in d:\BuildAgent-03\work\aa8cf99bf5ccb096\src\OoMapper\MappingConfiguration.cs:line 37
   at System.Linq.Enumerable.WhereSelectArrayIterator`2.MoveNext()
   at System.Linq.Enumerable.WhereEnumerableIterator`1.MoveNext()
   at OoMapper.MappingConfiguration.BuildSource(Expression expression, Type destinationType, IMappingConfiguration cfg) in d:\BuildAgent-03\work\aa8cf99bf5ccb096\src\OoMapper\MappingConfiguration.cs:line 40
   at OoMapper.ConvertSourceMemberResolver.BuildSource(Expression x, Type destinationType, IMappingConfiguration mappingConfiguration) in d:\BuildAgent-03\work\aa8cf99bf5ccb096\src\OoMapper\ConvertSourceMemberResolver.cs:line 10
   at OoMapper.MappingConfiguration.BuildNew(Type sourceType, Type destinationType) in d:\BuildAgent-03\work\aa8cf99bf5ccb096\src\OoMapper\MappingConfiguration.cs:line 49
   at OoMapper.MappingConfiguration.&amp;lt;&amp;gt;c__DisplayClass9.&amp;lt;GetCompiledNew&amp;gt;b__8(Tuple`2 key) in d:\BuildAgent-03\work\aa8cf99bf5ccb096\src\OoMapper\MappingConfiguration.cs:line 71
   at OoMapper.Cache`2.GetOrAdd(TKey key, Func`2 func) in d:\BuildAgent-03\work\aa8cf99bf5ccb096\src\OoMapper\Cache.cs:line 22
   at OoMapper.MappingConfiguration.GetCompiledNew(Type sourceType, Type destinationType) in d:\BuildAgent-03\work\aa8cf99bf5ccb096\src\OoMapper\MappingConfiguration.cs:line 70
   at OoMapper.Mapper.Map(Object source, Type sourceType, Type destinationType) in d:\BuildAgent-03\work\aa8cf99bf5ccb096\src\OoMapper\Mapper.cs:line 35
   at FeatureTests.On.ObjectMappers.Adapters.OoMapperAdapter.Map[TTarget](Object source) in [removed]\OoMapperAdapter.cs:line 21
   at FeatureTests.On.ObjectMappers.ConstructorParameterTests.Simple(IObjectMapperAdapter mapper) in [removed]\6_ConstructorParameterTests.cs:line 21">fail</span>
        </td>
        <td class="failure">
            <span title="System.MissingMethodException: No parameterless constructor defined for this object.
   at System.RuntimeTypeHandle.CreateInstance(RuntimeType type, Boolean publicOnly, Boolean noCheck, Boolean&amp;amp; canBeCached, RuntimeMethodHandleInternal&amp;amp; ctor, Boolean&amp;amp; bNeedSecurityCheck)
   at System.RuntimeType.CreateInstanceSlow(Boolean publicOnly, Boolean skipCheckThis, Boolean fillCache, StackCrawlMark&amp;amp; stackMark)
   at System.RuntimeType.CreateInstanceDefaultCtor(Boolean publicOnly, Boolean skipCheckThis, Boolean fillCache, StackCrawlMark&amp;amp; stackMark)
   at System.Activator.CreateInstance[T]()
   at FeatureTests.On.ObjectMappers.Adapters.ValueInjecterAdapter.Map[TTarget](Object source) in [removed]\ValueInjecterAdapter.cs:line 23
   at FeatureTests.On.ObjectMappers.ConstructorParameterTests.Simple(IObjectMapperAdapter mapper) in [removed]\6_ConstructorParameterTests.cs:line 21">fail</span>
        </td>
    </tr>
    <tr>
      <td class="row-name"><span>Nested</span></td>
        <td class="success">
pass        </td>
        <td class="failure">
            <span title="System.ArgumentException: GenericArguments[0], &amp;#39;FeatureTests.On.ObjectMappers.TestTypes.ImmutableWrapper`1[FeatureTests.On.ObjectMappers.TestTypes.ImmutableWrapper`1[System.String]]&amp;#39;, on &amp;#39;TDestination Map[TDestination](System.Object)&amp;#39; violates the constraint of type &amp;#39;TDestination&amp;#39;. ---&amp;gt; System.Security.VerificationException: Method Pelusoft.EasyMapper.EasyMapper.Map: type argument &amp;#39;FeatureTests.On.ObjectMappers.TestTypes.ImmutableWrapper`1[FeatureTests.On.ObjectMappers.TestTypes.ImmutableWrapper`1[System.String]]&amp;#39; violates the constraint of type parameter &amp;#39;TDestination&amp;#39;.
   at System.RuntimeMethodHandle.GetStubIfNeeded(RuntimeMethodHandleInternal method, RuntimeType declaringType, RuntimeType[] methodInstantiation)
   at System.Reflection.RuntimeMethodInfo.MakeGenericMethod(Type[] methodInstantiation)
   --- End of inner exception stack trace ---
   at System.RuntimeType.ValidateGenericArguments(MemberInfo definition, RuntimeType[] genericArguments, Exception e)
   at System.Reflection.RuntimeMethodInfo.MakeGenericMethod(Type[] methodInstantiation)
   at FeatureTests.Shared.GenericApiSupport.GenericRewritingVisitor.RewriteMethodIfRequired(MethodInfo method) in [removed]\GenericRewritingVisitor.cs:line 39
   at FeatureTests.Shared.GenericApiSupport.GenericRewritingVisitor.VisitMethodCall(MethodCallExpression node) in [removed]\GenericRewritingVisitor.cs:line 16
   at System.Linq.Expressions.MethodCallExpression.Accept(ExpressionVisitor visitor)
   at System.Linq.Expressions.ExpressionVisitor.Visit(Expression node)
   at FeatureTests.Shared.GenericApiSupport.GenericRewritingVisitor.VisitLambda[T](Expression`1 node) in [removed]\GenericRewritingVisitor.cs:line 59
   at System.Linq.Expressions.Expression`1.Accept(ExpressionVisitor visitor)
   at System.Linq.Expressions.ExpressionVisitor.Visit(Expression node)
   at FeatureTests.Shared.GenericApiSupport.GenericHelper.Rewrite[TDelegate](Expression`1 call, Type[] genericArguments) in [removed]\GenericHelper.cs:line 22
   at FeatureTests.Shared.GenericApiSupport.GenericHelper.RewriteAndInvoke[TResult](Expression`1 call, Type[] genericArguments) in [removed]\GenericHelper.cs:line 16
   at FeatureTests.On.ObjectMappers.Adapters.EasyMapperAdapter.Map[TTarget](Object source) in [removed]\EasyMapperAdapter.cs:line 20
   at FeatureTests.On.ObjectMappers.ConstructorParameterTests.Nested(IObjectMapperAdapter mapper) in [removed]\6_ConstructorParameterTests.cs:line 33">fail</span>
        </td>
        <td class="failure">
            <span title="System.NullReferenceException: Object reference not set to an instance of an object.
   at FeatureTests.On.ObjectMappers.ConstructorParameterTests.Nested(IObjectMapperAdapter mapper) in [removed]\6_ConstructorParameterTests.cs:line 35">fail</span>
        </td>
        <td class="failure">
            <span title="System.MissingMethodException: No parameterless constructor defined for this object.
   at System.RuntimeTypeHandle.CreateInstance(RuntimeType type, Boolean publicOnly, Boolean noCheck, Boolean&amp;amp; canBeCached, RuntimeMethodHandleInternal&amp;amp; ctor, Boolean&amp;amp; bNeedSecurityCheck)
   at System.RuntimeType.CreateInstanceSlow(Boolean publicOnly, Boolean skipCheckThis, Boolean fillCache, StackCrawlMark&amp;amp; stackMark)
   at System.RuntimeType.CreateInstanceDefaultCtor(Boolean publicOnly, Boolean skipCheckThis, Boolean fillCache, StackCrawlMark&amp;amp; stackMark)
   at System.Activator.CreateInstance[T]()
   at FeatureTests.On.ObjectMappers.Adapters.fFastMapperAdapter.Map[TTarget](Object source) in [removed]\fFastMapperAdapter.cs:line 15
   at FeatureTests.On.ObjectMappers.ConstructorParameterTests.Nested(IObjectMapperAdapter mapper) in [removed]\6_ConstructorParameterTests.cs:line 33">fail</span>
        </td>
        <td class="failure">
            <span title="System.ArgumentException: Type &amp;#39;FeatureTests.On.ObjectMappers.TestTypes.ImmutableWrapper`1[FeatureTests.On.ObjectMappers.TestTypes.ImmutableWrapper`1[System.String]]&amp;#39; does not have a default constructor
   at System.Linq.Expressions.Expression.New(Type type)
   at OoMapper.NewObjectMapperBuilder.Build(TypeMap typeMap, IMappingConfiguration configuration) in d:\BuildAgent-03\work\aa8cf99bf5ccb096\src\OoMapper\NewObjectMapperBuilder.cs:line 15
   at OoMapper.CachedObjectMapperBuilder.&amp;lt;&amp;gt;c__DisplayClass1.&amp;lt;Build&amp;gt;b__0(Tuple`2 k) in d:\BuildAgent-03\work\aa8cf99bf5ccb096\src\OoMapper\CachedObjectMapperBuilder.cs:line 21
   at OoMapper.Cache`2.GetOrAdd(TKey key, Func`2 func) in d:\BuildAgent-03\work\aa8cf99bf5ccb096\src\OoMapper\Cache.cs:line 22
   at OoMapper.CachedObjectMapperBuilder.Build(TypeMap typeMap, IMappingConfiguration configuration) in d:\BuildAgent-03\work\aa8cf99bf5ccb096\src\OoMapper\CachedObjectMapperBuilder.cs:line 21
   at OoMapper.UserConfigurationMapper.BuildSource(Expression expression, Type destinationType, IMappingConfiguration mappingConfiguration) in d:\BuildAgent-03\work\aa8cf99bf5ccb096\src\OoMapper\UserConfigurationMapper.cs:line 35
   at OoMapper.MappingConfiguration.&amp;lt;&amp;gt;c__DisplayClass3.&amp;lt;BuildSource&amp;gt;b__0(ISourceMemberResolver r) in d:\BuildAgent-03\work\aa8cf99bf5ccb096\src\OoMapper\MappingConfiguration.cs:line 37
   at System.Linq.Enumerable.WhereSelectArrayIterator`2.MoveNext()
   at System.Linq.Enumerable.WhereEnumerableIterator`1.MoveNext()
   at OoMapper.MappingConfiguration.BuildSource(Expression expression, Type destinationType, IMappingConfiguration cfg) in d:\BuildAgent-03\work\aa8cf99bf5ccb096\src\OoMapper\MappingConfiguration.cs:line 40
   at OoMapper.ConvertSourceMemberResolver.BuildSource(Expression x, Type destinationType, IMappingConfiguration mappingConfiguration) in d:\BuildAgent-03\work\aa8cf99bf5ccb096\src\OoMapper\ConvertSourceMemberResolver.cs:line 10
   at OoMapper.MappingConfiguration.BuildNew(Type sourceType, Type destinationType) in d:\BuildAgent-03\work\aa8cf99bf5ccb096\src\OoMapper\MappingConfiguration.cs:line 49
   at OoMapper.MappingConfiguration.&amp;lt;&amp;gt;c__DisplayClass9.&amp;lt;GetCompiledNew&amp;gt;b__8(Tuple`2 key) in d:\BuildAgent-03\work\aa8cf99bf5ccb096\src\OoMapper\MappingConfiguration.cs:line 71
   at OoMapper.Cache`2.GetOrAdd(TKey key, Func`2 func) in d:\BuildAgent-03\work\aa8cf99bf5ccb096\src\OoMapper\Cache.cs:line 22
   at OoMapper.MappingConfiguration.GetCompiledNew(Type sourceType, Type destinationType) in d:\BuildAgent-03\work\aa8cf99bf5ccb096\src\OoMapper\MappingConfiguration.cs:line 70
   at OoMapper.Mapper.Map(Object source, Type sourceType, Type destinationType) in d:\BuildAgent-03\work\aa8cf99bf5ccb096\src\OoMapper\Mapper.cs:line 35
   at FeatureTests.On.ObjectMappers.Adapters.OoMapperAdapter.Map[TTarget](Object source) in [removed]\OoMapperAdapter.cs:line 21
   at FeatureTests.On.ObjectMappers.ConstructorParameterTests.Nested(IObjectMapperAdapter mapper) in [removed]\6_ConstructorParameterTests.cs:line 33">fail</span>
        </td>
        <td class="failure">
            <span title="System.MissingMethodException: No parameterless constructor defined for this object.
   at System.RuntimeTypeHandle.CreateInstance(RuntimeType type, Boolean publicOnly, Boolean noCheck, Boolean&amp;amp; canBeCached, RuntimeMethodHandleInternal&amp;amp; ctor, Boolean&amp;amp; bNeedSecurityCheck)
   at System.RuntimeType.CreateInstanceSlow(Boolean publicOnly, Boolean skipCheckThis, Boolean fillCache, StackCrawlMark&amp;amp; stackMark)
   at System.RuntimeType.CreateInstanceDefaultCtor(Boolean publicOnly, Boolean skipCheckThis, Boolean fillCache, StackCrawlMark&amp;amp; stackMark)
   at System.Activator.CreateInstance[T]()
   at FeatureTests.On.ObjectMappers.Adapters.ValueInjecterAdapter.Map[TTarget](Object source) in [removed]\ValueInjecterAdapter.cs:line 23
   at FeatureTests.On.ObjectMappers.ConstructorParameterTests.Nested(IObjectMapperAdapter mapper) in [removed]\6_ConstructorParameterTests.cs:line 33">fail</span>
        </td>
    </tr>
  </table>
</section>
<section>
  <h2 id="Dynamic">Dynamic</h2>
  <div class="section-description"><p><em>TODO</em></p>
</div>
        
  <table>
    <tr>
      <th>Name</th>
        <th><span>AutoMapper</span></th>
        <th><span>EasyMapper</span></th>
        <th><span>EmitMapper</span></th>
        <th><span>fFastMapper</span></th>
        <th><span>OoMapper</span></th>
        <th><span>ValueInjecter</span></th>
    </tr>

    <tr>
      <td class="row-name"><span>ExpandoObject to normal class</span></td>
        <td class="failure">
            <span title="Xunit.Sdk.EqualException: Assert.Equal() Failure
Expected: ABC
Actual:   (null)
   at Xunit.Assert.Equal[T](T expected, T actual, IEqualityComparer`1 comparer)
   at Xunit.Assert.Equal[T](T expected, T actual)
   at FeatureTests.On.ObjectMappers.DynamicTests.ExpandoObjectToClass(IObjectMapperAdapter mapper) in [removed]\7_DynamicTests.cs:line 27">fail</span>
        </td>
        <td class="failure">
            <span title="Xunit.Sdk.EqualException: Assert.Equal() Failure
Expected: ABC
Actual:   (null)
   at Xunit.Assert.Equal[T](T expected, T actual, IEqualityComparer`1 comparer)
   at Xunit.Assert.Equal[T](T expected, T actual)
   at FeatureTests.On.ObjectMappers.DynamicTests.ExpandoObjectToClass(IObjectMapperAdapter mapper) in [removed]\7_DynamicTests.cs:line 27">fail</span>
        </td>
        <td class="failure">
            <span title="Xunit.Sdk.EqualException: Assert.Equal() Failure
Expected: ABC
Actual:   (null)
   at Xunit.Assert.Equal[T](T expected, T actual, IEqualityComparer`1 comparer)
   at Xunit.Assert.Equal[T](T expected, T actual)
   at FeatureTests.On.ObjectMappers.DynamicTests.ExpandoObjectToClass(IObjectMapperAdapter mapper) in [removed]\7_DynamicTests.cs:line 27">fail</span>
        </td>
        <td class="failure">
            <span title="Xunit.Sdk.EqualException: Assert.Equal() Failure
Expected: ABC
Actual:   (null)
   at Xunit.Assert.Equal[T](T expected, T actual, IEqualityComparer`1 comparer)
   at Xunit.Assert.Equal[T](T expected, T actual)
   at FeatureTests.On.ObjectMappers.DynamicTests.ExpandoObjectToClass(IObjectMapperAdapter mapper) in [removed]\7_DynamicTests.cs:line 27">fail</span>
        </td>
        <td class="failure">
            <span title="Xunit.Sdk.EqualException: Assert.Equal() Failure
Expected: ABC
Actual:   (null)
   at Xunit.Assert.Equal[T](T expected, T actual, IEqualityComparer`1 comparer)
   at Xunit.Assert.Equal[T](T expected, T actual)
   at FeatureTests.On.ObjectMappers.DynamicTests.ExpandoObjectToClass(IObjectMapperAdapter mapper) in [removed]\7_DynamicTests.cs:line 27">fail</span>
        </td>
        <td class="failure">
            <span title="Xunit.Sdk.EqualException: Assert.Equal() Failure
Expected: ABC
Actual:   (null)
   at Xunit.Assert.Equal[T](T expected, T actual, IEqualityComparer`1 comparer)
   at Xunit.Assert.Equal[T](T expected, T actual)
   at FeatureTests.On.ObjectMappers.DynamicTests.ExpandoObjectToClass(IObjectMapperAdapter mapper) in [removed]\7_DynamicTests.cs:line 27">fail</span>
        </td>
    </tr>
  </table>
</section>
<section>
  <h2 id="Dictionaries">Dictionaries</h2>
  <div class="section-description"><p><em>TODO</em></p>
</div>
        
  <table>
    <tr>
      <th>Name</th>
        <th><span>AutoMapper</span></th>
        <th><span>EasyMapper</span></th>
        <th><span>EmitMapper</span></th>
        <th><span>fFastMapper</span></th>
        <th><span>OoMapper</span></th>
        <th><span>ValueInjecter</span></th>
    </tr>

    <tr>
      <td class="row-name"><span>Property to dictionary entry</span></td>
        <td class="failure">
            <span title="Xunit.Sdk.ContainsException: Assert.Contains() failure: Not found: [Value, ABC]
   at Xunit.Assert.Contains[T](T expected, IEnumerable`1 collection, IEqualityComparer`1 comparer)
   at Xunit.Assert.Contains[T](T expected, IEnumerable`1 collection)
   at FeatureTests.On.ObjectMappers.DictionaryTests.PropertyToDictionaryEntry(IObjectMapperAdapter mapper) in [removed]\8_DictionaryTests.cs:line 24">fail</span>
        </td>
        <td class="failure">
            <span title="Xunit.Sdk.ContainsException: Assert.Contains() failure: Not found: [Value, ABC]
   at Xunit.Assert.Contains[T](T expected, IEnumerable`1 collection, IEqualityComparer`1 comparer)
   at Xunit.Assert.Contains[T](T expected, IEnumerable`1 collection)
   at FeatureTests.On.ObjectMappers.DictionaryTests.PropertyToDictionaryEntry(IObjectMapperAdapter mapper) in [removed]\8_DictionaryTests.cs:line 24">fail</span>
        </td>
        <td class="failure">
            <span title="Xunit.Sdk.ContainsException: Assert.Contains() failure: Not found: [Value, ABC]
   at Xunit.Assert.Contains[T](T expected, IEnumerable`1 collection, IEqualityComparer`1 comparer)
   at Xunit.Assert.Contains[T](T expected, IEnumerable`1 collection)
   at FeatureTests.On.ObjectMappers.DictionaryTests.PropertyToDictionaryEntry(IObjectMapperAdapter mapper) in [removed]\8_DictionaryTests.cs:line 24">fail</span>
        </td>
        <td class="failure">
            <span title="Xunit.Sdk.ContainsException: Assert.Contains() failure: Not found: [Value, ABC]
   at Xunit.Assert.Contains[T](T expected, IEnumerable`1 collection, IEqualityComparer`1 comparer)
   at Xunit.Assert.Contains[T](T expected, IEnumerable`1 collection)
   at FeatureTests.On.ObjectMappers.DictionaryTests.PropertyToDictionaryEntry(IObjectMapperAdapter mapper) in [removed]\8_DictionaryTests.cs:line 24">fail</span>
        </td>
        <td class="failure">
            <span title="Xunit.Sdk.ContainsException: Assert.Contains() failure: Not found: [Value, ABC]
   at Xunit.Assert.Contains[T](T expected, IEnumerable`1 collection, IEqualityComparer`1 comparer)
   at Xunit.Assert.Contains[T](T expected, IEnumerable`1 collection)
   at FeatureTests.On.ObjectMappers.DictionaryTests.PropertyToDictionaryEntry(IObjectMapperAdapter mapper) in [removed]\8_DictionaryTests.cs:line 24">fail</span>
        </td>
        <td class="failure">
            <span title="Xunit.Sdk.ContainsException: Assert.Contains() failure: Not found: [Value, ABC]
   at Xunit.Assert.Contains[T](T expected, IEnumerable`1 collection, IEqualityComparer`1 comparer)
   at Xunit.Assert.Contains[T](T expected, IEnumerable`1 collection)
   at FeatureTests.On.ObjectMappers.DictionaryTests.PropertyToDictionaryEntry(IObjectMapperAdapter mapper) in [removed]\8_DictionaryTests.cs:line 24">fail</span>
        </td>
    </tr>
    <tr>
      <td class="row-name"><span>Dictionary entry to property</span></td>
        <td class="failure">
            <span title="Xunit.Sdk.EqualException: Assert.Equal() Failure
Expected: ABC
Actual:   (null)
   at Xunit.Assert.Equal[T](T expected, T actual, IEqualityComparer`1 comparer)
   at Xunit.Assert.Equal[T](T expected, T actual)
   at FeatureTests.On.ObjectMappers.DictionaryTests.DictionaryEntryToProperty(IObjectMapperAdapter mapper) in [removed]\8_DictionaryTests.cs:line 36">fail</span>
        </td>
        <td class="failure">
            <span title="Xunit.Sdk.EqualException: Assert.Equal() Failure
Expected: ABC
Actual:   (null)
   at Xunit.Assert.Equal[T](T expected, T actual, IEqualityComparer`1 comparer)
   at Xunit.Assert.Equal[T](T expected, T actual)
   at FeatureTests.On.ObjectMappers.DictionaryTests.DictionaryEntryToProperty(IObjectMapperAdapter mapper) in [removed]\8_DictionaryTests.cs:line 36">fail</span>
        </td>
        <td class="failure">
            <span title="Xunit.Sdk.EqualException: Assert.Equal() Failure
Expected: ABC
Actual:   (null)
   at Xunit.Assert.Equal[T](T expected, T actual, IEqualityComparer`1 comparer)
   at Xunit.Assert.Equal[T](T expected, T actual)
   at FeatureTests.On.ObjectMappers.DictionaryTests.DictionaryEntryToProperty(IObjectMapperAdapter mapper) in [removed]\8_DictionaryTests.cs:line 36">fail</span>
        </td>
        <td class="failure">
            <span title="Xunit.Sdk.EqualException: Assert.Equal() Failure
Expected: ABC
Actual:   (null)
   at Xunit.Assert.Equal[T](T expected, T actual, IEqualityComparer`1 comparer)
   at Xunit.Assert.Equal[T](T expected, T actual)
   at FeatureTests.On.ObjectMappers.DictionaryTests.DictionaryEntryToProperty(IObjectMapperAdapter mapper) in [removed]\8_DictionaryTests.cs:line 36">fail</span>
        </td>
        <td class="failure">
            <span title="Xunit.Sdk.EqualException: Assert.Equal() Failure
Expected: ABC
Actual:   (null)
   at Xunit.Assert.Equal[T](T expected, T actual, IEqualityComparer`1 comparer)
   at Xunit.Assert.Equal[T](T expected, T actual)
   at FeatureTests.On.ObjectMappers.DictionaryTests.DictionaryEntryToProperty(IObjectMapperAdapter mapper) in [removed]\8_DictionaryTests.cs:line 36">fail</span>
        </td>
        <td class="failure">
            <span title="Xunit.Sdk.EqualException: Assert.Equal() Failure
Expected: ABC
Actual:   (null)
   at Xunit.Assert.Equal[T](T expected, T actual, IEqualityComparer`1 comparer)
   at Xunit.Assert.Equal[T](T expected, T actual)
   at FeatureTests.On.ObjectMappers.DictionaryTests.DictionaryEntryToProperty(IObjectMapperAdapter mapper) in [removed]\8_DictionaryTests.cs:line 36">fail</span>
        </td>
    </tr>
  </table>
</section>
<section>
  <h2 id="Convenience">Convenience</h2>
  <div class="section-description"></div>
        
  <table>
    <tr>
      <th>Name</th>
        <th><span>AutoMapper</span></th>
        <th><span>EasyMapper</span></th>
        <th><span>EmitMapper</span></th>
        <th><span>fFastMapper</span></th>
        <th><span>OoMapper</span></th>
        <th><span>ValueInjecter</span></th>
    </tr>

    <tr>
      <td class="row-name"><span>Automatic flattening</span></td>
        <td class="success">
pass        </td>
        <td class="failure">
            <span title="Xunit.Sdk.EqualException: Assert.Equal() Failure
Expected: ABC
Actual:   (null)
   at Xunit.Assert.Equal[T](T expected, T actual, IEqualityComparer`1 comparer)
   at Xunit.Assert.Equal[T](T expected, T actual)
   at FeatureTests.On.ObjectMappers.ConvenienceTests.NameBasedFlattening(IObjectMapperAdapter adapter) in [removed]\9_ConvenienceTests.cs:line 22">fail</span>
        </td>
        <td class="failure">
            <span title="Xunit.Sdk.EqualException: Assert.Equal() Failure
Expected: ABC
Actual:   (null)
   at Xunit.Assert.Equal[T](T expected, T actual, IEqualityComparer`1 comparer)
   at Xunit.Assert.Equal[T](T expected, T actual)
   at FeatureTests.On.ObjectMappers.ConvenienceTests.NameBasedFlattening(IObjectMapperAdapter adapter) in [removed]\9_ConvenienceTests.cs:line 22">fail</span>
        </td>
        <td class="success">
pass        </td>
        <td class="success">
pass        </td>
        <td class="failure">
            <span title="Xunit.Sdk.EqualException: Assert.Equal() Failure
Expected: ABC
Actual:   (null)
   at Xunit.Assert.Equal[T](T expected, T actual, IEqualityComparer`1 comparer)
   at Xunit.Assert.Equal[T](T expected, T actual)
   at FeatureTests.On.ObjectMappers.ConvenienceTests.NameBasedFlattening(IObjectMapperAdapter adapter) in [removed]\9_ConvenienceTests.cs:line 22">fail</span>
        </td>
    </tr>
    <tr>
      <td class="row-name"><span>Automatic &#39;unflattening&#39;</span></td>
        <td class="failure">
            <span title="Xunit.Sdk.EqualException: Assert.Equal() Failure
Expected: ABC
Actual:   (null)
   at Xunit.Assert.Equal[T](T expected, T actual, IEqualityComparer`1 comparer)
   at Xunit.Assert.Equal[T](T expected, T actual)
   at FeatureTests.On.ObjectMappers.ConvenienceTests.NameBasedUnflattening(IObjectMapperAdapter adapter) in [removed]\9_ConvenienceTests.cs:line 32">fail</span>
        </td>
        <td class="failure">
            <span title="Xunit.Sdk.EqualException: Assert.Equal() Failure
Expected: ABC
Actual:   (null)
   at Xunit.Assert.Equal[T](T expected, T actual, IEqualityComparer`1 comparer)
   at Xunit.Assert.Equal[T](T expected, T actual)
   at FeatureTests.On.ObjectMappers.ConvenienceTests.NameBasedUnflattening(IObjectMapperAdapter adapter) in [removed]\9_ConvenienceTests.cs:line 32">fail</span>
        </td>
        <td class="failure">
            <span title="Xunit.Sdk.EqualException: Assert.Equal() Failure
Expected: ABC
Actual:   (null)
   at Xunit.Assert.Equal[T](T expected, T actual, IEqualityComparer`1 comparer)
   at Xunit.Assert.Equal[T](T expected, T actual)
   at FeatureTests.On.ObjectMappers.ConvenienceTests.NameBasedUnflattening(IObjectMapperAdapter adapter) in [removed]\9_ConvenienceTests.cs:line 32">fail</span>
        </td>
        <td class="success">
pass        </td>
        <td class="failure">
            <span title="Xunit.Sdk.EqualException: Assert.Equal() Failure
Expected: ABC
Actual:   (null)
   at Xunit.Assert.Equal[T](T expected, T actual, IEqualityComparer`1 comparer)
   at Xunit.Assert.Equal[T](T expected, T actual)
   at FeatureTests.On.ObjectMappers.ConvenienceTests.NameBasedUnflattening(IObjectMapperAdapter adapter) in [removed]\9_ConvenienceTests.cs:line 32">fail</span>
        </td>
        <td class="failure">
            <span title="Xunit.Sdk.EqualException: Assert.Equal() Failure
Expected: ABC
Actual:   (null)
   at Xunit.Assert.Equal[T](T expected, T actual, IEqualityComparer`1 comparer)
   at Xunit.Assert.Equal[T](T expected, T actual)
   at FeatureTests.On.ObjectMappers.ConvenienceTests.NameBasedUnflattening(IObjectMapperAdapter adapter) in [removed]\9_ConvenienceTests.cs:line 32">fail</span>
        </td>
    </tr>
    <tr>
      <td class="row-name"><span>Method to property (same name)</span></td>
        <td class="success">
pass        </td>
        <td class="failure">
            <span title="Xunit.Sdk.EqualException: Assert.Equal() Failure
Expected: ABC
Actual:   (null)
   at Xunit.Assert.Equal[T](T expected, T actual, IEqualityComparer`1 comparer)
   at Xunit.Assert.Equal[T](T expected, T actual)
   at FeatureTests.On.ObjectMappers.ConvenienceTests.MethodToProperty(IObjectMapperAdapter adapter) in [removed]\9_ConvenienceTests.cs:line 42">fail</span>
        </td>
        <td class="failure">
            <span title="Xunit.Sdk.EqualException: Assert.Equal() Failure
Expected: ABC
Actual:   (null)
   at Xunit.Assert.Equal[T](T expected, T actual, IEqualityComparer`1 comparer)
   at Xunit.Assert.Equal[T](T expected, T actual)
   at FeatureTests.On.ObjectMappers.ConvenienceTests.MethodToProperty(IObjectMapperAdapter adapter) in [removed]\9_ConvenienceTests.cs:line 42">fail</span>
        </td>
        <td class="failure">
            <span title="Xunit.Sdk.EqualException: Assert.Equal() Failure
Expected: ABC
Actual:   (null)
   at Xunit.Assert.Equal[T](T expected, T actual, IEqualityComparer`1 comparer)
   at Xunit.Assert.Equal[T](T expected, T actual)
   at FeatureTests.On.ObjectMappers.ConvenienceTests.MethodToProperty(IObjectMapperAdapter adapter) in [removed]\9_ConvenienceTests.cs:line 42">fail</span>
        </td>
        <td class="success">
pass        </td>
        <td class="failure">
            <span title="Xunit.Sdk.EqualException: Assert.Equal() Failure
Expected: ABC
Actual:   (null)
   at Xunit.Assert.Equal[T](T expected, T actual, IEqualityComparer`1 comparer)
   at Xunit.Assert.Equal[T](T expected, T actual)
   at FeatureTests.On.ObjectMappers.ConvenienceTests.MethodToProperty(IObjectMapperAdapter adapter) in [removed]\9_ConvenienceTests.cs:line 42">fail</span>
        </td>
    </tr>
    <tr>
      <td class="row-name"><span>Method to property (Get+name)</span></td>
        <td class="success">
pass        </td>
        <td class="failure">
            <span title="Xunit.Sdk.EqualException: Assert.Equal() Failure
Expected: ABC
Actual:   (null)
   at Xunit.Assert.Equal[T](T expected, T actual, IEqualityComparer`1 comparer)
   at Xunit.Assert.Equal[T](T expected, T actual)
   at FeatureTests.On.ObjectMappers.ConvenienceTests.GetMethodToProperty(IObjectMapperAdapter adapter) in [removed]\9_ConvenienceTests.cs:line 52">fail</span>
        </td>
        <td class="failure">
            <span title="Xunit.Sdk.EqualException: Assert.Equal() Failure
Expected: ABC
Actual:   (null)
   at Xunit.Assert.Equal[T](T expected, T actual, IEqualityComparer`1 comparer)
   at Xunit.Assert.Equal[T](T expected, T actual)
   at FeatureTests.On.ObjectMappers.ConvenienceTests.GetMethodToProperty(IObjectMapperAdapter adapter) in [removed]\9_ConvenienceTests.cs:line 52">fail</span>
        </td>
        <td class="failure">
            <span title="Xunit.Sdk.EqualException: Assert.Equal() Failure
Expected: ABC
Actual:   (null)
   at Xunit.Assert.Equal[T](T expected, T actual, IEqualityComparer`1 comparer)
   at Xunit.Assert.Equal[T](T expected, T actual)
   at FeatureTests.On.ObjectMappers.ConvenienceTests.GetMethodToProperty(IObjectMapperAdapter adapter) in [removed]\9_ConvenienceTests.cs:line 52">fail</span>
        </td>
        <td class="failure">
            <span title="Xunit.Sdk.EqualException: Assert.Equal() Failure
Expected: ABC
Actual:   (null)
   at Xunit.Assert.Equal[T](T expected, T actual, IEqualityComparer`1 comparer)
   at Xunit.Assert.Equal[T](T expected, T actual)
   at FeatureTests.On.ObjectMappers.ConvenienceTests.GetMethodToProperty(IObjectMapperAdapter adapter) in [removed]\9_ConvenienceTests.cs:line 52">fail</span>
        </td>
        <td class="failure">
            <span title="Xunit.Sdk.EqualException: Assert.Equal() Failure
Expected: ABC
Actual:   (null)
   at Xunit.Assert.Equal[T](T expected, T actual, IEqualityComparer`1 comparer)
   at Xunit.Assert.Equal[T](T expected, T actual)
   at FeatureTests.On.ObjectMappers.ConvenienceTests.GetMethodToProperty(IObjectMapperAdapter adapter) in [removed]\9_ConvenienceTests.cs:line 52">fail</span>
        </td>
    </tr>
    <tr>
      <td class="row-name"><span>Property to method (Set+name)</span></td>
        <td class="failure">
            <span title="Xunit.Sdk.EqualException: Assert.Equal() Failure
Expected: ABC
Actual:   (null)
   at Xunit.Assert.Equal[T](T expected, T actual, IEqualityComparer`1 comparer)
   at Xunit.Assert.Equal[T](T expected, T actual)
   at FeatureTests.On.ObjectMappers.ConvenienceTests.PropertyToSetMethod(IObjectMapperAdapter adapter) in [removed]\9_ConvenienceTests.cs:line 62">fail</span>
        </td>
        <td class="failure">
            <span title="Xunit.Sdk.EqualException: Assert.Equal() Failure
Expected: ABC
Actual:   (null)
   at Xunit.Assert.Equal[T](T expected, T actual, IEqualityComparer`1 comparer)
   at Xunit.Assert.Equal[T](T expected, T actual)
   at FeatureTests.On.ObjectMappers.ConvenienceTests.PropertyToSetMethod(IObjectMapperAdapter adapter) in [removed]\9_ConvenienceTests.cs:line 62">fail</span>
        </td>
        <td class="failure">
            <span title="Xunit.Sdk.EqualException: Assert.Equal() Failure
Expected: ABC
Actual:   (null)
   at Xunit.Assert.Equal[T](T expected, T actual, IEqualityComparer`1 comparer)
   at Xunit.Assert.Equal[T](T expected, T actual)
   at FeatureTests.On.ObjectMappers.ConvenienceTests.PropertyToSetMethod(IObjectMapperAdapter adapter) in [removed]\9_ConvenienceTests.cs:line 62">fail</span>
        </td>
        <td class="failure">
            <span title="Xunit.Sdk.EqualException: Assert.Equal() Failure
Expected: ABC
Actual:   (null)
   at Xunit.Assert.Equal[T](T expected, T actual, IEqualityComparer`1 comparer)
   at Xunit.Assert.Equal[T](T expected, T actual)
   at FeatureTests.On.ObjectMappers.ConvenienceTests.PropertyToSetMethod(IObjectMapperAdapter adapter) in [removed]\9_ConvenienceTests.cs:line 62">fail</span>
        </td>
        <td class="failure">
            <span title="Xunit.Sdk.EqualException: Assert.Equal() Failure
Expected: ABC
Actual:   (null)
   at Xunit.Assert.Equal[T](T expected, T actual, IEqualityComparer`1 comparer)
   at Xunit.Assert.Equal[T](T expected, T actual)
   at FeatureTests.On.ObjectMappers.ConvenienceTests.PropertyToSetMethod(IObjectMapperAdapter adapter) in [removed]\9_ConvenienceTests.cs:line 62">fail</span>
        </td>
        <td class="failure">
            <span title="Xunit.Sdk.EqualException: Assert.Equal() Failure
Expected: ABC
Actual:   (null)
   at Xunit.Assert.Equal[T](T expected, T actual, IEqualityComparer`1 comparer)
   at Xunit.Assert.Equal[T](T expected, T actual)
   at FeatureTests.On.ObjectMappers.ConvenienceTests.PropertyToSetMethod(IObjectMapperAdapter adapter) in [removed]\9_ConvenienceTests.cs:line 62">fail</span>
        </td>
    </tr>
    <tr>
      <td class="row-name"><span>Non-static API</span></td>
        <td class="success">
pass        </td>
        <td class="failure">
            <span title="Xunit.Sdk.TrueException: Assert.True() Failure
   at Xunit.Assert.True(Boolean condition)
   at FeatureTests.On.ObjectMappers.ConvenienceTests.NonStaticApi(IObjectMapperAdapter adapter) in [removed]\9_ConvenienceTests.cs:line 68">fail</span>
        </td>
        <td class="success">
pass        </td>
        <td class="failure">
            <span title="Xunit.Sdk.TrueException: Assert.True() Failure
   at Xunit.Assert.True(Boolean condition)
   at FeatureTests.On.ObjectMappers.ConvenienceTests.NonStaticApi(IObjectMapperAdapter adapter) in [removed]\9_ConvenienceTests.cs:line 68">fail</span>
        </td>
        <td class="failure">
            <span title="Xunit.Sdk.TrueException: Assert.True() Failure
   at Xunit.Assert.True(Boolean condition)
   at FeatureTests.On.ObjectMappers.ConvenienceTests.NonStaticApi(IObjectMapperAdapter adapter) in [removed]\9_ConvenienceTests.cs:line 68">fail</span>
        </td>
        <td class="success">
pass        </td>
    </tr>
  </table>
</section>
      

    
<script type="text/javascript">
  var model = {
      libraryCount: 6
  };
</script>
    </main>
    
    <script>
      (function(i,s,o,g,r,a,m){i['GoogleAnalyticsObject']=r;i[r]=i[r]||function(){
      (i[r].q=i[r].q||[]).push(arguments)},i[r].l=1*new Date();a=s.createElement(o),
      m=s.getElementsByTagName(o)[0];a.async=1;a.src=g;m.parentNode.insertBefore(a,m)
      })(window,document,'script','//www.google-analytics.com/analytics.js','ga');

      ga('create', 'UA-1782671-9', 'apphb.com');
      ga('send', 'pageview');

    </script>
  </body>
</html>